#
# There is insufficient memory for the Java Runtime Environment to continue.
# Native memory allocation (malloc) failed to allocate 51296 bytes for Chunk::new
# Possible reasons:
#   The system is out of physical RAM or swap space
#   The process is running with CompressedOops enabled, and the Java Heap may be blocking the growth of the native heap
# Possible solutions:
#   Reduce memory load on the system
#   Increase physical memory or swap space
#   Check if swap backing store is full
#   Decrease Java heap size (-Xmx/-Xms)
#   Decrease number of Java threads
#   Decrease Java thread stack sizes (-Xss)
#   Set larger code cache with -XX:ReservedCodeCacheSize=
#   JVM is running with Unscaled Compressed Oops mode in which the Java heap is
#     placed in the first 4GB address space. The Java Heap base address is the
#     maximum limit for the native heap growth. Please use -XX:HeapBaseMinAddress
#     to set the Java Heap base and to place the Java Heap above 4GB virtual address.
# This output file may be truncated or incomplete.
#
#  Out of Memory Error (arena.cpp:189), pid=14044, tid=27816
#
# JRE version: OpenJDK Runtime Environment Temurin-17.0.6+10 (17.0.6+10) (build 17.0.6+10)
# Java VM: OpenJDK 64-Bit Server VM Temurin-17.0.6+10 (17.0.6+10, mixed mode, tiered, compressed oops, compressed class ptrs, parallel gc, windows-amd64)
# No core dump will be written. Minidumps are not enabled by default on client versions of Windows
#

---------------  S U M M A R Y ------------

Command Line: --add-modules=ALL-SYSTEM --add-opens=java.base/java.util=ALL-UNNAMED --add-opens=java.base/java.lang=ALL-UNNAMED --add-opens=java.base/sun.nio.fs=ALL-UNNAMED -Declipse.application=org.eclipse.jdt.ls.core.id1 -Dosgi.bundles.defaultStartLevel=4 -Declipse.product=org.eclipse.jdt.ls.core.product -Djava.import.generatesMetadataFilesAtProjectRoot=false -Dfile.encoding=utf8 -XX:+UseParallelGC -XX:GCTimeRatio=4 -XX:AdaptiveSizePolicyWeight=90 -Dsun.zip.disableMemoryMapping=true -Xmx1G -Xms100m -Xlog:disable -javaagent:c:\Users\24449\.vscode\extensions\redhat.java-1.16.0-win32-x64\lombok\lombok-1.18.24.jar c:\Users\24449\.vscode\extensions\redhat.java-1.16.0-win32-x64\server\plugins\org.eclipse.equinox.launcher_1.6.400.v20210924-0641.jar -configuration c:\Users\24449\AppData\Roaming\Code\User\globalStorage\redhat.java\1.16.0\config_ss_win -data c:\Users\24449\AppData\Roaming\Code\User\workspaceStorage\76fc48e359c1731fdab3da0544fc0785\redhat.java\ss_ws

Host: AMD Ryzen 7 PRO 4750U with Radeon Graphics, 16 cores, 15G,  Windows 10 , 64 bit Build 19041 (10.0.19041.2546)
Time: Tue Apr  4 15:23:51 2023  Windows 10 , 64 bit Build 19041 (10.0.19041.2546) elapsed time: 0.089439 seconds (0d 0h 0m 0s)

---------------  T H R E A D  ---------------

Current thread (0x000002b036b38ff0):  JavaThread "C2 CompilerThread2" daemon [_thread_in_native, id=27816, stack(0x000000e99c800000,0x000000e99c900000)]


Current CompileTask:
C2:     89  164       4       java.lang.StringLatin1::equals (36 bytes)

Stack: [0x000000e99c800000,0x000000e99c900000]
Native frames: (J=compiled Java code, j=interpreted, Vv=VM code, C=native code)
V  [jvm.dll+0x67741a]
V  [jvm.dll+0x834434]
V  [jvm.dll+0x835bde]
V  [jvm.dll+0x836243]
V  [jvm.dll+0x2457b5]
V  [jvm.dll+0xabafc]
V  [jvm.dll+0xac0cc]
V  [jvm.dll+0x2ac94f]
V  [jvm.dll+0x57de47]
V  [jvm.dll+0x220812]
V  [jvm.dll+0x220bef]
V  [jvm.dll+0x21a445]
V  [jvm.dll+0x21790b]
V  [jvm.dll+0x1a3d0d]
V  [jvm.dll+0x22742a]
V  [jvm.dll+0x225565]
V  [jvm.dll+0x7ea2cb]
V  [jvm.dll+0x7e483a]
V  [jvm.dll+0x6762c5]
C  [ucrtbase.dll+0x21bb2]
C  [KERNEL32.DLL+0x17614]
C  [ntdll.dll+0x526a1]


---------------  P R O C E S S  ---------------

Threads class SMR info:
_java_thread_list=0x000002b0369ea360, length=16, elements={
0x000002b020f207b0, 0x000002b034da7630, 0x000002b034da80f0, 0x000002b0368e4530,
0x000002b0368e4ff0, 0x000002b0368e6150, 0x000002b0368c1720, 0x000002b0369037d0,
0x000002b036904870, 0x000002b036905910, 0x000002b036a47c80, 0x000002b036a63bf0,
0x000002b036ab5ec0, 0x000002b036ab6b70, 0x000002b036aabb00, 0x000002b036b38ff0
}

Java Threads: ( => current thread )
  0x000002b020f207b0 JavaThread "main" [_thread_in_vm, id=11764, stack(0x000000e99b700000,0x000000e99b800000)]
  0x000002b034da7630 JavaThread "Reference Handler" daemon [_thread_blocked, id=13748, stack(0x000000e99ba00000,0x000000e99bb00000)]
  0x000002b034da80f0 JavaThread "Finalizer" daemon [_thread_blocked, id=5504, stack(0x000000e99bb00000,0x000000e99bc00000)]
  0x000002b0368e4530 JavaThread "Signal Dispatcher" daemon [_thread_blocked, id=14980, stack(0x000000e99bc00000,0x000000e99bd00000)]
  0x000002b0368e4ff0 JavaThread "Attach Listener" daemon [_thread_blocked, id=17632, stack(0x000000e99bd00000,0x000000e99be00000)]
  0x000002b0368e6150 JavaThread "Service Thread" daemon [_thread_blocked, id=22948, stack(0x000000e99be00000,0x000000e99bf00000)]
  0x000002b0368c1720 JavaThread "Monitor Deflation Thread" daemon [_thread_blocked, id=11196, stack(0x000000e99bf00000,0x000000e99c000000)]
  0x000002b0369037d0 JavaThread "C2 CompilerThread0" daemon [_thread_in_native, id=22356, stack(0x000000e99c000000,0x000000e99c100000)]
  0x000002b036904870 JavaThread "C1 CompilerThread0" daemon [_thread_blocked, id=18772, stack(0x000000e99c100000,0x000000e99c200000)]
  0x000002b036905910 JavaThread "Sweeper thread" daemon [_thread_blocked, id=12344, stack(0x000000e99c200000,0x000000e99c300000)]
  0x000002b036a47c80 JavaThread "Common-Cleaner" daemon [_thread_blocked, id=14876, stack(0x000000e99c300000,0x000000e99c400000)]
  0x000002b036a63bf0 JavaThread "C1 CompilerThread1" daemon [_thread_blocked, id=9916, stack(0x000000e99c400000,0x000000e99c500000)]
  0x000002b036ab5ec0 JavaThread "C1 CompilerThread2" daemon [_thread_blocked, id=15228, stack(0x000000e99c500000,0x000000e99c600000)]
  0x000002b036ab6b70 JavaThread "C1 CompilerThread3" daemon [_thread_blocked, id=28396, stack(0x000000e99c600000,0x000000e99c700000)]
  0x000002b036aabb00 JavaThread "C2 CompilerThread1" daemon [_thread_blocked, id=12668, stack(0x000000e99c700000,0x000000e99c800000)]
=>0x000002b036b38ff0 JavaThread "C2 CompilerThread2" daemon [_thread_in_native, id=27816, stack(0x000000e99c800000,0x000000e99c900000)]

Other Threads:
  0x000002b0368b3f00 VMThread "VM Thread" [stack: 0x000000e99b900000,0x000000e99ba00000] [id=24200]
  0x000002b020f383d0 GCTaskThread "GC Thread#0" [stack: 0x000000e99b800000,0x000000e99b900000] [id=25760]

Threads with active compile tasks:
C2 CompilerThread0       97  162       4       java.util.HashMap::putVal (300 bytes)
C2 CompilerThread2       97  164       4       java.lang.StringLatin1::equals (36 bytes)

VM state: not at safepoint (normal execution)

VM Mutex/Monitor currently owned by a thread:  ([mutex/lock_event])
[0x000002b020f1bee0] Metaspace_lock - owner thread: 0x000002b020f207b0

Heap address: 0x00000000c0000000, size: 1024 MB, Compressed Oops mode: 32-bit

CDS archive(s) not mapped
Compressed class space mapped at: 0x0000000100000000-0x0000000140000000, reserved size: 1073741824
Narrow klass base: 0x0000000000000000, Narrow klass shift: 3, Narrow klass range: 0x140000000

GC Precious Log:
 CPUs: 16 total, 16 available
 Memory: 15697M
 Large Page Support: Disabled
 NUMA Support: Disabled
 Compressed Oops: Enabled (32-bit)
 Alignments: Space 512K, Generation 512K, Heap 2M
 Heap Min Capacity: 100M
 Heap Initial Capacity: 100M
 Heap Max Capacity: 1G
 Pre-touch: Disabled
 Parallel Workers: 13

Heap:
 PSYoungGen      total 29696K, used 2568K [0x00000000eab00000, 0x00000000ecc00000, 0x0000000100000000)
  eden space 25600K, 10% used [0x00000000eab00000,0x00000000ead821d8,0x00000000ec400000)
  from space 4096K, 0% used [0x00000000ec800000,0x00000000ec800000,0x00000000ecc00000)
  to   space 4096K, 0% used [0x00000000ec400000,0x00000000ec400000,0x00000000ec800000)
 ParOldGen       total 68608K, used 0K [0x00000000c0000000, 0x00000000c4300000, 0x00000000eab00000)
  object space 68608K, 0% used [0x00000000c0000000,0x00000000c0000000,0x00000000c4300000)
 Metaspace       used 4444K, committed 4608K, reserved 1056768K
  class space    used 410K, committed 512K, reserved 1048576K

Card table byte_map: [0x000002b0208d0000,0x000002b020ae0000] _byte_map_base: 0x000002b0202d0000

Marking Bits: (ParMarkBitMap*) 0x00007ffc59023e70
 Begin Bits: [0x000002b032bb0000, 0x000002b033bb0000)
 End Bits:   [0x000002b033bb0000, 0x000002b034bb0000)

Polling page: 0x000002b01eee0000

Metaspace:

Usage:
  Non-class:      3.94 MB used.
      Class:    410.65 KB used.
       Both:      4.34 MB used.

Virtual space:
  Non-class space:        8.00 MB reserved,       4.00 MB ( 50%) committed,  1 nodes.
      Class space:        1.00 GB reserved,     512.00 KB ( <1%) committed,  1 nodes.
             Both:        1.01 GB reserved,       4.50 MB ( <1%) committed. 

Chunk freelists:
   Non-Class:  4.00 MB
       Class:  3.56 MB
        Both:  7.56 MB

MaxMetaspaceSize: unlimited
CompressedClassSpaceSize: 1.00 GB
Initial GC threshold: 21.00 MB
Current GC threshold: 21.00 MB
CDS: off
MetaspaceReclaimPolicy: balanced
 - commit_granule_bytes: 65536.
 - commit_granule_words: 8192.
 - virtual_space_node_default_size: 1048576.
 - enlarge_chunks_in_place: 1.
 - new_chunks_are_fully_committed: 0.
 - uncommit_free_chunks: 1.
 - use_allocation_guard: 0.
 - handle_deallocations: 1.


Internal statistics:

num_allocs_failed_limit: 0.
num_arena_births: 6.
num_arena_deaths: 0.
num_vsnodes_births: 2.
num_vsnodes_deaths: 0.
num_space_committed: 72.
num_space_uncommitted: 0.
num_chunks_returned_to_freelist: 0.
num_chunks_taken_from_freelist: 9.
num_chunk_merges: 0.
num_chunk_splits: 4.
num_chunks_enlarged: 2.
num_purges: 0.
num_inconsistent_stats: 0.

CodeHeap 'non-profiled nmethods': size=119168Kb used=55Kb max_used=55Kb free=119112Kb
 bounds [0x000002b02b750000, 0x000002b02b9c0000, 0x000002b032bb0000]
CodeHeap 'profiled nmethods': size=119104Kb used=208Kb max_used=208Kb free=118895Kb
 bounds [0x000002b023bb0000, 0x000002b023e20000, 0x000002b02b000000]
CodeHeap 'non-nmethods': size=7488Kb used=2758Kb max_used=2772Kb free=4729Kb
 bounds [0x000002b02b000000, 0x000002b02b2c0000, 0x000002b02b750000]
 total_blobs=531 nmethods=190 adapters=253
 compilation: enabled
              stopped_count=0, restarted_count=0
 full_count=0

Compilation events (20 events):
Event: 0.087 Thread 0x000002b036ab5ec0 nmethod 169 0x000002b02b75aa10 code [0x000002b02b75aba0, 0x000002b02b75ac78]
Event: 0.087 Thread 0x000002b036a63bf0 nmethod 170 0x000002b02b75ad10 code [0x000002b02b75aea0, 0x000002b02b75af78]
Event: 0.087 Thread 0x000002b0369037d0 nmethod 145 0x000002b02b75b010 code [0x000002b02b75b180, 0x000002b02b75b338]
Event: 0.087 Thread 0x000002b0369037d0  162       4       java.util.HashMap::putVal (300 bytes)
Event: 0.087 Thread 0x000002b036904870  171       3       java.util.concurrent.ConcurrentHashMap::casTabAt (21 bytes)
Event: 0.087 Thread 0x000002b036ab5ec0  172       3       java.util.Optional::orElse (16 bytes)
Event: 0.087 Thread 0x000002b036904870 nmethod 171 0x000002b023bdf990 code [0x000002b023bdfb20, 0x000002b023bdfc58]
Event: 0.087 Thread 0x000002b036ab5ec0 nmethod 172 0x000002b023bdfd10 code [0x000002b023bdfea0, 0x000002b023be0018]
Event: 0.087 Thread 0x000002b036904870  173       1       java.lang.module.ModuleDescriptor::packages (5 bytes)
Event: 0.087 Thread 0x000002b036904870 nmethod 173 0x000002b02b75b490 code [0x000002b02b75b620, 0x000002b02b75b6f8]
Event: 0.087 Thread 0x000002b036904870  174       3       java.lang.module.ResolvedModule::name (11 bytes)
Event: 0.087 Thread 0x000002b036aabb00 nmethod 157 0x000002b02b75b790 code [0x000002b02b75b920, 0x000002b02b75ba38]
Event: 0.088 Thread 0x000002b036aabb00  152       4       java.util.ImmutableCollections$SetN$SetNIterator::hasNext (13 bytes)
Event: 0.088 Thread 0x000002b036904870 nmethod 174 0x000002b023be0090 code [0x000002b023be0220, 0x000002b023be0378]
Event: 0.088 Thread 0x000002b036aabb00 nmethod 152 0x000002b02b75bb90 code [0x000002b02b75bd00, 0x000002b02b75bd98]
Event: 0.088 Thread 0x000002b036aabb00  158       4       java.lang.module.ModuleDescriptor$Exports::isQualified (18 bytes)
Event: 0.088 Thread 0x000002b036a63bf0  175       3       java.lang.AbstractStringBuilder::putStringAt (12 bytes)
Event: 0.088 Thread 0x000002b036ab5ec0  177       3       java.lang.AbstractStringBuilder::getCoder (15 bytes)
Event: 0.088 Thread 0x000002b036904870  178       3       java.lang.String::getBytes (46 bytes)
Event: 0.088 Thread 0x000002b036ab6b70  176       3       java.lang.AbstractStringBuilder::putStringAt (34 bytes)

GC Heap History (0 events):
No events

Dll operation events (1 events):
Event: 0.005 Loaded shared library c:\Users\24449\.vscode\extensions\redhat.java-1.16.0-win32-x64\jre\17.0.6-win32-x86_64\bin\java.dll

Deoptimization events (0 events):
No events

Classes unloaded (0 events):
No events

Classes redefined (0 events):
No events

Internal exceptions (1 events):
Event: 0.079 Thread 0x000002b020f207b0 Exception <a 'java/lang/NoSuchMethodError'{0x00000000eac519a0}: 'void java.lang.invoke.DirectMethodHandle$Holder.invokeStatic(java.lang.Object, java.lang.Object, java.lang.Object)'> (0x00000000eac519a0) 
thrown [s\src\hotspot\share\interpreter\linkResolver.cpp, line 759]

VM Operations (2 events):
Event: 0.082 Executing VM operation: HandshakeAllThreads
Event: 0.082 Executing VM operation: HandshakeAllThreads done

Events (20 events):
Event: 0.081 loading class java/util/HashMap$ValueIterator done
Event: 0.081 loading class java/util/LinkedHashSet
Event: 0.081 loading class java/util/LinkedHashSet done
Event: 0.081 loading class java/util/LinkedHashMap
Event: 0.082 loading class java/util/LinkedHashMap done
Event: 0.082 Thread 0x000002b036a63bf0 Thread added: 0x000002b036a63bf0
Event: 0.082 loading class java/util/Collections$UnmodifiableCollection$1
Event: 0.082 loading class java/util/Collections$UnmodifiableCollection$1 done
Event: 0.082 loading class java/lang/module/ResolvedModule
Event: 0.082 loading class java/lang/module/ResolvedModule done
Event: 0.083 Thread 0x000002b036ab5ec0 Thread added: 0x000002b036ab5ec0
Event: 0.083 Thread 0x000002b036ab6b70 Thread added: 0x000002b036ab6b70
Event: 0.086 Thread 0x000002b036aabb00 Thread added: 0x000002b036aabb00
Event: 0.086 Thread 0x000002b036b38ff0 Thread added: 0x000002b036b38ff0
Event: 0.087 loading class jdk/internal/module/ModuleLoaderMap
Event: 0.087 loading class jdk/internal/module/ModuleLoaderMap done
Event: 0.087 loading class jdk/internal/module/ModuleLoaderMap$Mapper
Event: 0.087 loading class jdk/internal/module/ModuleLoaderMap$Mapper done
Event: 0.087 loading class jdk/internal/module/ModuleLoaderMap$Modules
Event: 0.087 loading class jdk/internal/module/ModuleLoaderMap$Modules done


Dynamic libraries:
0x00007ff690a00000 - 0x00007ff690a0e000 	c:\Users\24449\.vscode\extensions\redhat.java-1.16.0-win32-x64\jre\17.0.6-win32-x86_64\bin\java.exe
0x00007ffd14810000 - 0x00007ffd14a08000 	C:\windows\SYSTEM32\ntdll.dll
0x00007ffd13690000 - 0x00007ffd1374f000 	C:\windows\System32\KERNEL32.DLL
0x00007ffd121b0000 - 0x00007ffd12482000 	C:\windows\System32\KERNELBASE.dll
0x00007ffd125f0000 - 0x00007ffd126f0000 	C:\windows\System32\ucrtbase.dll
0x00007ffcef8b0000 - 0x00007ffcef8c7000 	c:\Users\24449\.vscode\extensions\redhat.java-1.16.0-win32-x64\jre\17.0.6-win32-x86_64\bin\jli.dll
0x00007ffcef660000 - 0x00007ffcef679000 	c:\Users\24449\.vscode\extensions\redhat.java-1.16.0-win32-x64\jre\17.0.6-win32-x86_64\bin\VCRUNTIME140.dll
0x00007ffd12b60000 - 0x00007ffd12d01000 	C:\windows\System32\USER32.dll
0x00007ffd12050000 - 0x00007ffd12072000 	C:\windows\System32\win32u.dll
0x00007ffcfceb0000 - 0x00007ffcfd14a000 	C:\windows\WinSxS\amd64_microsoft.windows.common-controls_6595b64144ccf1df_6.0.19041.1110_none_60b5254171f9507e\COMCTL32.dll
0x00007ffd12d10000 - 0x00007ffd12d3b000 	C:\windows\System32\GDI32.dll
0x00007ffd133e0000 - 0x00007ffd1347e000 	C:\windows\System32\msvcrt.dll
0x00007ffd11f40000 - 0x00007ffd1204f000 	C:\windows\System32\gdi32full.dll
0x00007ffd12080000 - 0x00007ffd1211d000 	C:\windows\System32\msvcp_win.dll
0x00007ffd12b30000 - 0x00007ffd12b60000 	C:\windows\System32\IMM32.DLL
0x00007ffcfb6b0000 - 0x00007ffcfb6bc000 	c:\Users\24449\.vscode\extensions\redhat.java-1.16.0-win32-x64\jre\17.0.6-win32-x86_64\bin\vcruntime140_1.dll
0x00007ffcdb440000 - 0x00007ffcdb4d1000 	c:\Users\24449\.vscode\extensions\redhat.java-1.16.0-win32-x64\jre\17.0.6-win32-x86_64\bin\msvcp140.dll
0x00007ffc584a0000 - 0x00007ffc590e7000 	c:\Users\24449\.vscode\extensions\redhat.java-1.16.0-win32-x64\jre\17.0.6-win32-x86_64\bin\server\jvm.dll
0x00007ffd13540000 - 0x00007ffd135ee000 	C:\windows\System32\ADVAPI32.dll
0x00007ffd135f0000 - 0x00007ffd1368c000 	C:\windows\System32\sechost.dll
0x00007ffd12860000 - 0x00007ffd12984000 	C:\windows\System32\RPCRT4.dll
0x00007ffd08310000 - 0x00007ffd08337000 	C:\windows\SYSTEM32\WINMM.dll
0x00007ffd10c30000 - 0x00007ffd10c3a000 	C:\windows\SYSTEM32\VERSION.dll
0x00007ffccd580000 - 0x00007ffccd589000 	C:\windows\SYSTEM32\WSOCK32.dll
0x00007ffd12dc0000 - 0x00007ffd12e2b000 	C:\windows\System32\WS2_32.dll
0x00007ffd10610000 - 0x00007ffd10622000 	C:\windows\SYSTEM32\kernel.appcore.dll
0x00007ffcfb5e0000 - 0x00007ffcfb5ea000 	c:\Users\24449\.vscode\extensions\redhat.java-1.16.0-win32-x64\jre\17.0.6-win32-x86_64\bin\jimage.dll
0x00007ffd10210000 - 0x00007ffd103f4000 	C:\windows\SYSTEM32\DBGHELP.DLL
0x00007ffcf73d0000 - 0x00007ffcf7405000 	C:\windows\SYSTEM32\dbgcore.DLL
0x00007ffd12120000 - 0x00007ffd121a2000 	C:\windows\System32\bcryptPrimitives.dll
0x00007ffcf7cd0000 - 0x00007ffcf7cde000 	c:\Users\24449\.vscode\extensions\redhat.java-1.16.0-win32-x64\jre\17.0.6-win32-x86_64\bin\instrument.dll
0x00007ffce5f50000 - 0x00007ffce5f75000 	c:\Users\24449\.vscode\extensions\redhat.java-1.16.0-win32-x64\jre\17.0.6-win32-x86_64\bin\java.dll
0x00007ffcef640000 - 0x00007ffcef658000 	c:\Users\24449\.vscode\extensions\redhat.java-1.16.0-win32-x64\jre\17.0.6-win32-x86_64\bin\zip.dll
0x00007ffd13750000 - 0x00007ffd13e95000 	C:\windows\System32\SHELL32.dll
0x00007ffd0f9a0000 - 0x00007ffd10132000 	C:\windows\SYSTEM32\windows.storage.dll
0x00007ffd12f60000 - 0x00007ffd132b5000 	C:\windows\System32\combase.dll
0x00007ffd11970000 - 0x00007ffd119a0000 	C:\windows\SYSTEM32\Wldp.dll
0x00007ffd13f00000 - 0x00007ffd13fad000 	C:\windows\System32\SHCORE.dll
0x00007ffd12ad0000 - 0x00007ffd12b25000 	C:\windows\System32\shlwapi.dll
0x00007ffd11e50000 - 0x00007ffd11e6f000 	C:\windows\SYSTEM32\profapi.dll

dbghelp: loaded successfully - version: 4.0.5 - missing functions: none
symbol engine: initialized successfully - sym options: 0x614 - pdb path: .;c:\Users\24449\.vscode\extensions\redhat.java-1.16.0-win32-x64\jre\17.0.6-win32-x86_64\bin;C:\windows\SYSTEM32;C:\windows\WinSxS\amd64_microsoft.windows.common-controls_6595b64144ccf1df_6.0.19041.1110_none_60b5254171f9507e;c:\Users\24449\.vscode\extensions\redhat.java-1.16.0-win32-x64\jre\17.0.6-win32-x86_64\bin\server

VM Arguments:
jvm_args: --add-modules=ALL-SYSTEM --add-opens=java.base/java.util=ALL-UNNAMED --add-opens=java.base/java.lang=ALL-UNNAMED --add-opens=java.base/sun.nio.fs=ALL-UNNAMED -Declipse.application=org.eclipse.jdt.ls.core.id1 -Dosgi.bundles.defaultStartLevel=4 -Declipse.product=org.eclipse.jdt.ls.core.product -Djava.import.generatesMetadataFilesAtProjectRoot=false -Dfile.encoding=utf8 -XX:+UseParallelGC -XX:GCTimeRatio=4 -XX:AdaptiveSizePolicyWeight=90 -Dsun.zip.disableMemoryMapping=true -Xmx1G -Xms100m -Xlog:disable -javaagent:c:\Users\24449\.vscode\extensions\redhat.java-1.16.0-win32-x64\lombok\lombok-1.18.24.jar 
java_command: c:\Users\24449\.vscode\extensions\redhat.java-1.16.0-win32-x64\server\plugins\org.eclipse.equinox.launcher_1.6.400.v20210924-0641.jar -configuration c:\Users\24449\AppData\Roaming\Code\User\globalStorage\redhat.java\1.16.0\config_ss_win -data c:\Users\24449\AppData\Roaming\Code\User\workspaceStorage\76fc48e359c1731fdab3da0544fc0785\redhat.java\ss_ws
java_class_path (initial): c:\Users\24449\.vscode\extensions\redhat.java-1.16.0-win32-x64\server\plugins\org.eclipse.equinox.launcher_1.6.400.v20210924-0641.jar
Launcher Type: SUN_STANDARD

[Global flags]
    uintx AdaptiveSizePolicyWeight                 = 90                                        {product} {command line}
     intx CICompilerCount                          = 12                                        {product} {ergonomic}
    uintx GCTimeRatio                              = 4                                         {product} {command line}
   size_t InitialHeapSize                          = 104857600                                 {product} {command line}
   size_t MaxHeapSize                              = 1073741824                                {product} {command line}
   size_t MaxNewSize                               = 357564416                                 {product} {ergonomic}
   size_t MinHeapDeltaBytes                        = 524288                                    {product} {ergonomic}
   size_t MinHeapSize                              = 104857600                                 {product} {command line}
   size_t NewSize                                  = 34603008                                  {product} {ergonomic}
    uintx NonNMethodCodeHeapSize                   = 7602480                                {pd product} {ergonomic}
    uintx NonProfiledCodeHeapSize                  = 122027880                              {pd product} {ergonomic}
   size_t OldSize                                  = 70254592                                  {product} {ergonomic}
    uintx ProfiledCodeHeapSize                     = 122027880                              {pd product} {ergonomic}
    uintx ReservedCodeCacheSize                    = 251658240                              {pd product} {ergonomic}
     bool SegmentedCodeCache                       = true                                      {product} {ergonomic}
   size_t SoftMaxHeapSize                          = 1073741824                             {manageable} {ergonomic}
     bool UseCompressedClassPointers               = true                           {product lp64_product} {ergonomic}
     bool UseCompressedOops                        = true                           {product lp64_product} {ergonomic}
     bool UseLargePagesIndividualAllocation        = false                                  {pd product} {ergonomic}
     bool UseParallelGC                            = true                                      {product} {command line}

Logging:
Log output configuration:
 #0: stdout all=off uptime,level,tags
 #1: stderr all=off uptime,level,tags

Environment Variables:
JAVA_HOME=D:\Java\jdk-17
CLASSPATH=.;D:\Java\jdk-17\lib;D:\Java\jdk-17\lib\dt.jar;D:\Java\jdk-17\lib\tools.jar;E:\JavaProjects\configuration_and_scheduling_of_MRFL;
PATH=D:\gurobi952\win64\bin;C:\Program Files\Common Files\Oracle\Java\javapath;D:\Python39\Scripts\;D:\Python39\;C:\windows\system32;C:\windows;C:\windows\System32\Wbem;C:\windows\System32\WindowsPowerShell\v1.0\;C:\windows\System32\OpenSSH\;D:\MATLAB R2019b\runtime\win64;D:\MATLAB R2019b\bin;D:\MATLAB R2019b\polyspace\bin;D:\IBM\SPSS 25\JRE\bin;D:\Git\cmd;D:\Git\bin;D:\Git\mingw64\libexec\git-core;D:\Prince\engine\bin;C:\Program Files\dotnet\;D:\Java\jdk-17\bin;D:\Java\jdk-17\jre\bin;D:\texlive\2021\bin\win32;D:\CTEX\UserData\miktex\bin;D:\CTEX\MiKTeX\miktex\bin;D:\CTEX\CTeX\ctex\bin;D:\CTEX\CTeX\cct\bin;D:\CTEX\CTeX\ty\bin;D:\CTEX\Ghostscript\gs9.05\bin;D:\CTEX\GSview\gsview;D:\CTEX\WinEdt;D:\apache-maven-3.8.6-bin\apache-maven-3.8.6\bin;C:\Users\24449\AppData\Local\Microsoft\WindowsApps;;D:\JetBrains\PyCharm 2021.1.1\bin;D:\Microsoft VS Code\bin;C:\Users\24449\.dotnet\tools
USERNAME=24449
OS=Windows_NT
PROCESSOR_IDENTIFIER=AMD64 Family 23 Model 96 Stepping 1, AuthenticAMD
TMP=C:\Users\24449\AppData\Local\Temp
TEMP=C:\Users\24449\AppData\Local\Temp



---------------  S Y S T E M  ---------------

OS:
 Windows 10 , 64 bit Build 19041 (10.0.19041.2546)
OS uptime: 12 days 0:24 hours

CPU: total 16 (initial active 16) (16 cores per cpu, 2 threads per core) family 23 model 96 stepping 1 microcode 0x0, cx8, cmov, fxsr, ht, mmx, 3dnowpref, sse, sse2, sse3, ssse3, sse4a, sse4.1, sse4.2, popcnt, lzcnt, tsc, tscinvbit, avx, avx2, aes, clmul, bmi1, bmi2, adx, sha, fma, vzeroupper, clflush, clflushopt

Memory: 4k page, system-wide physical 15697M (6370M free)
TotalPageFile size 17873M (AvailPageFile size 5M)
current process WorkingSet (physical memory assigned to process): 31M, peak: 31M
current process commit charge ("private bytes"): 200M, peak: 200M

vm_info: OpenJDK 64-Bit Server VM (17.0.6+10) for windows-amd64 JRE (17.0.6+10), built on Jan 18 2023 10:08:59 by "temurin" with MS VC++ 16.7 (VS2019)

END.
