#
# There is insufficient memory for the Java Runtime Environment to continue.
# Native memory allocation (malloc) failed to allocate 927536 bytes for Chunk::new
# Possible reasons:
#   The system is out of physical RAM or swap space
#   The process is running with CompressedOops enabled, and the Java Heap may be blocking the growth of the native heap
# Possible solutions:
#   Reduce memory load on the system
#   Increase physical memory or swap space
#   Check if swap backing store is full
#   Decrease Java heap size (-Xmx/-Xms)
#   Decrease number of Java threads
#   Decrease Java thread stack sizes (-Xss)
#   Set larger code cache with -XX:ReservedCodeCacheSize=
#   JVM is running with Unscaled Compressed Oops mode in which the Java heap is
#     placed in the first 4GB address space. The Java Heap base address is the
#     maximum limit for the native heap growth. Please use -XX:HeapBaseMinAddress
#     to set the Java Heap base and to place the Java Heap above 4GB virtual address.
# This output file may be truncated or incomplete.
#
#  Out of Memory Error (arena.cpp:189), pid=25720, tid=22060
#
# JRE version: OpenJDK Runtime Environment Temurin-17.0.6+10 (17.0.6+10) (build 17.0.6+10)
# Java VM: OpenJDK 64-Bit Server VM Temurin-17.0.6+10 (17.0.6+10, mixed mode, tiered, compressed oops, compressed class ptrs, parallel gc, windows-amd64)
# No core dump will be written. Minidumps are not enabled by default on client versions of Windows
#

---------------  S U M M A R Y ------------

Command Line: --add-modules=ALL-SYSTEM --add-opens=java.base/java.util=ALL-UNNAMED --add-opens=java.base/java.lang=ALL-UNNAMED --add-opens=java.base/sun.nio.fs=ALL-UNNAMED -Declipse.application=org.eclipse.jdt.ls.core.id1 -Dosgi.bundles.defaultStartLevel=4 -Declipse.product=org.eclipse.jdt.ls.core.product -Djava.import.generatesMetadataFilesAtProjectRoot=false -Dfile.encoding=utf8 -XX:+UseParallelGC -XX:GCTimeRatio=4 -XX:AdaptiveSizePolicyWeight=90 -Dsun.zip.disableMemoryMapping=true -Xmx1G -Xms100m -Xlog:disable -javaagent:c:\Users\24449\.vscode\extensions\redhat.java-1.16.0-win32-x64\lombok\lombok-1.18.24.jar -XX:+HeapDumpOnOutOfMemoryError -XX:HeapDumpPath=c:\Users\24449\AppData\Roaming\Code\User\workspaceStorage\76fc48e359c1731fdab3da0544fc0785\redhat.java c:\Users\24449\.vscode\extensions\redhat.java-1.16.0-win32-x64\server\plugins\org.eclipse.equinox.launcher_1.6.400.v20210924-0641.jar -configuration c:\Users\24449\AppData\Roaming\Code\User\globalStorage\redhat.java\1.16.0\config_win -data c:\Users\24449\AppData\Roaming\Code\User\workspaceStorage\76fc48e359c1731fdab3da0544fc0785\redhat.java\jdt_ws

Host: AMD Ryzen 7 PRO 4750U with Radeon Graphics, 16 cores, 15G,  Windows 10 , 64 bit Build 19041 (10.0.19041.2546)
Time: Tue Apr  4 20:22:13 2023  Windows 10 , 64 bit Build 19041 (10.0.19041.2546) elapsed time: 2.657814 seconds (0d 0h 0m 2s)

---------------  T H R E A D  ---------------

Current thread (0x0000016d465aedb0):  JavaThread "C2 CompilerThread3" daemon [_thread_in_native, id=22060, stack(0x0000000102b00000,0x0000000102c00000)]


Current CompileTask:
C2:   2657 2878       4       jdk.internal.org.objectweb.asm.Frame::execute (2318 bytes)

Stack: [0x0000000102b00000,0x0000000102c00000]
Native frames: (J=compiled Java code, j=interpreted, Vv=VM code, C=native code)
V  [jvm.dll+0x67741a]
V  [jvm.dll+0x834434]
V  [jvm.dll+0x835bde]
V  [jvm.dll+0x836243]
V  [jvm.dll+0x2457b5]
V  [jvm.dll+0xabafc]
V  [jvm.dll+0xac0cc]
V  [jvm.dll+0x3634e7]
V  [jvm.dll+0x1bbd68]
V  [jvm.dll+0x218749]
V  [jvm.dll+0x217a11]
V  [jvm.dll+0x1a3d0d]
V  [jvm.dll+0x22742a]
V  [jvm.dll+0x225565]
V  [jvm.dll+0x7ea2cb]
V  [jvm.dll+0x7e483a]
V  [jvm.dll+0x6762c5]
C  [ucrtbase.dll+0x21bb2]
C  [KERNEL32.DLL+0x17614]
C  [ntdll.dll+0x526a1]


---------------  P R O C E S S  ---------------

Threads class SMR info:
_java_thread_list=0x0000016d463edbc0, length=26, elements={
0x0000016d6d1bf330, 0x0000016d7f034950, 0x0000016d7f04ab90, 0x0000016d42cd7130,
0x0000016d42cd7af0, 0x0000016d42caa340, 0x0000016d42caa810, 0x0000016d42cacb90,
0x0000016d42cd9d30, 0x0000016d42ceae40, 0x0000016d42e0e0d0, 0x0000016d42e5ffd0,
0x0000016d42e619d0, 0x0000016d42e62d10, 0x0000016d42ebf6b0, 0x0000016d42ec0080,
0x0000016d44a544a0, 0x0000016d45f0bf90, 0x0000016d45d90370, 0x0000016d45d90840,
0x0000016d463091f0, 0x0000016d46020430, 0x0000016d45e7ef80, 0x0000016d465aedb0,
0x0000016d46410630, 0x0000016d46585a60
}

Java Threads: ( => current thread )
  0x0000016d6d1bf330 JavaThread "main" [_thread_blocked, id=2308, stack(0x0000000100600000,0x0000000100700000)]
  0x0000016d7f034950 JavaThread "Reference Handler" daemon [_thread_blocked, id=11100, stack(0x0000000100900000,0x0000000100a00000)]
  0x0000016d7f04ab90 JavaThread "Finalizer" daemon [_thread_blocked, id=25684, stack(0x0000000100a00000,0x0000000100b00000)]
  0x0000016d42cd7130 JavaThread "Signal Dispatcher" daemon [_thread_blocked, id=11268, stack(0x0000000100b00000,0x0000000100c00000)]
  0x0000016d42cd7af0 JavaThread "Attach Listener" daemon [_thread_blocked, id=15872, stack(0x0000000100c00000,0x0000000100d00000)]
  0x0000016d42caa340 JavaThread "Service Thread" daemon [_thread_blocked, id=19252, stack(0x0000000100d00000,0x0000000100e00000)]
  0x0000016d42caa810 JavaThread "Monitor Deflation Thread" daemon [_thread_blocked, id=14272, stack(0x0000000100e00000,0x0000000100f00000)]
  0x0000016d42cacb90 JavaThread "C2 CompilerThread0" daemon [_thread_blocked, id=25248, stack(0x0000000100f00000,0x0000000101000000)]
  0x0000016d42cd9d30 JavaThread "C1 CompilerThread0" daemon [_thread_blocked, id=28288, stack(0x0000000101000000,0x0000000101100000)]
  0x0000016d42ceae40 JavaThread "Sweeper thread" daemon [_thread_blocked, id=21320, stack(0x0000000101100000,0x0000000101200000)]
  0x0000016d42e0e0d0 JavaThread "Common-Cleaner" daemon [_thread_blocked, id=18176, stack(0x0000000101200000,0x0000000101300000)]
  0x0000016d42e5ffd0 JavaThread "C1 CompilerThread1" daemon [_thread_blocked, id=26676, stack(0x0000000101300000,0x0000000101400000)]
  0x0000016d42e619d0 JavaThread "C1 CompilerThread2" daemon [_thread_blocked, id=22792, stack(0x0000000101400000,0x0000000101500000)]
  0x0000016d42e62d10 JavaThread "C1 CompilerThread3" daemon [_thread_blocked, id=25616, stack(0x0000000101500000,0x0000000101600000)]
  0x0000016d42ebf6b0 JavaThread "C2 CompilerThread1" daemon [_thread_blocked, id=26192, stack(0x0000000101600000,0x0000000101700000)]
  0x0000016d42ec0080 JavaThread "C2 CompilerThread2" daemon [_thread_blocked, id=17112, stack(0x0000000101700000,0x0000000101800000)]
  0x0000016d44a544a0 JavaThread "Notification Thread" daemon [_thread_blocked, id=14340, stack(0x0000000101800000,0x0000000101900000)]
  0x0000016d45f0bf90 JavaThread "Active Thread: Equinox Container: 7628328b-9d26-47d3-8355-a15e3945c8c2" [_thread_blocked, id=23368, stack(0x0000000101f00000,0x0000000102000000)]
  0x0000016d45d90370 JavaThread "Framework Event Dispatcher: Equinox Container: 7628328b-9d26-47d3-8355-a15e3945c8c2" daemon [_thread_blocked, id=15792, stack(0x0000000102000000,0x0000000102100000)]
  0x0000016d45d90840 JavaThread "Start Level: Equinox Container: 7628328b-9d26-47d3-8355-a15e3945c8c2" daemon [_thread_in_native, id=22088, stack(0x0000000102100000,0x0000000102200000)]
  0x0000016d463091f0 JavaThread "SCR Component Actor" daemon [_thread_blocked, id=15272, stack(0x0000000102200000,0x0000000102300000)]
  0x0000016d46020430 JavaThread "SCR Component Registry" daemon [_thread_blocked, id=24668, stack(0x0000000102500000,0x0000000102600000)]
  0x0000016d45e7ef80 JavaThread "Worker-JM" [_thread_blocked, id=1388, stack(0x0000000102600000,0x0000000102700000)]
=>0x0000016d465aedb0 JavaThread "C2 CompilerThread3" daemon [_thread_in_native, id=22060, stack(0x0000000102b00000,0x0000000102c00000)]
  0x0000016d46410630 JavaThread "Worker-0" [_thread_blocked, id=3412, stack(0x0000000102c00000,0x0000000102d00000)]
  0x0000016d46585a60 JavaThread "Worker-1" [_thread_blocked, id=23044, stack(0x0000000102d00000,0x0000000102e00000)]

Other Threads:
  0x0000016d7f033c10 VMThread "VM Thread" [stack: 0x0000000100800000,0x0000000100900000] [id=23016]
  0x0000016d44ad2230 WatcherThread [stack: 0x0000000101900000,0x0000000101a00000] [id=6660]
  0x0000016d6d1d5f50 GCTaskThread "GC Thread#0" [stack: 0x0000000100700000,0x0000000100800000] [id=27488]
  0x0000016d45052020 GCTaskThread "GC Thread#1" [stack: 0x0000000101a00000,0x0000000101b00000] [id=1572]
  0x0000016d4522b870 GCTaskThread "GC Thread#2" [stack: 0x0000000101b00000,0x0000000101c00000] [id=26472]
  0x0000016d4522bb20 GCTaskThread "GC Thread#3" [stack: 0x0000000101c00000,0x0000000101d00000] [id=6944]
  0x0000016d4523aca0 GCTaskThread "GC Thread#4" [stack: 0x0000000101d00000,0x0000000101e00000] [id=11436]
  0x0000016d450a5e00 GCTaskThread "GC Thread#5" [stack: 0x0000000101e00000,0x0000000101f00000] [id=14488]
  0x0000016d45e1da50 GCTaskThread "GC Thread#6" [stack: 0x0000000102300000,0x0000000102400000] [id=6840]
  0x0000016d45e1dd00 GCTaskThread "GC Thread#7" [stack: 0x0000000102400000,0x0000000102500000] [id=7964]
  0x0000016d465af480 GCTaskThread "GC Thread#8" [stack: 0x0000000102700000,0x0000000102800000] [id=1252]
  0x0000016d465af730 GCTaskThread "GC Thread#9" [stack: 0x0000000102800000,0x0000000102900000] [id=27816]
  0x0000016d465af9e0 GCTaskThread "GC Thread#10" [stack: 0x0000000102900000,0x0000000102a00000] [id=9080]
  0x0000016d463d15b0 GCTaskThread "GC Thread#11" [stack: 0x0000000102a00000,0x0000000102b00000] [id=4648]
  0x0000016d463d1860 GCTaskThread "GC Thread#12" [stack: 0x0000000102e00000,0x0000000102f00000] [id=27656]

Threads with active compile tasks:
C2 CompilerThread3     2668 2878       4       jdk.internal.org.objectweb.asm.Frame::execute (2318 bytes)

VM state: not at safepoint (normal execution)

VM Mutex/Monitor currently owned by a thread: None

Heap address: 0x00000000c0000000, size: 1024 MB, Compressed Oops mode: 32-bit

CDS archive(s) not mapped
Compressed class space mapped at: 0x0000016d02000000-0x0000016d42000000, reserved size: 1073741824
Narrow klass base: 0x0000016d02000000, Narrow klass shift: 0, Narrow klass range: 0x40000000

GC Precious Log:
 CPUs: 16 total, 16 available
 Memory: 15697M
 Large Page Support: Disabled
 NUMA Support: Disabled
 Compressed Oops: Enabled (32-bit)
 Alignments: Space 512K, Generation 512K, Heap 2M
 Heap Min Capacity: 100M
 Heap Initial Capacity: 100M
 Heap Max Capacity: 1G
 Pre-touch: Disabled
 Parallel Workers: 13

Heap:
 PSYoungGen      total 27136K, used 18659K [0x00000000eab00000, 0x00000000eca80000, 0x0000000100000000)
  eden space 25088K, 66% used [0x00000000eab00000,0x00000000ebb52828,0x00000000ec380000)
  from space 2048K, 94% used [0x00000000ec400000,0x00000000ec5e6460,0x00000000ec600000)
  to   space 3584K, 0% used [0x00000000ec700000,0x00000000ec700000,0x00000000eca80000)
 ParOldGen       total 68608K, used 8650K [0x00000000c0000000, 0x00000000c4300000, 0x00000000eab00000)
  object space 68608K, 12% used [0x00000000c0000000,0x00000000c0872ab0,0x00000000c4300000)
 Metaspace       used 25909K, committed 26624K, reserved 1073152K
  class space    used 2678K, committed 3008K, reserved 1048576K

Card table byte_map: [0x0000016d6cba0000,0x0000016d6cdb0000] _byte_map_base: 0x0000016d6c5a0000

Marking Bits: (ParMarkBitMap*) 0x00007ffc7f113e70
 Begin Bits: [0x0000016d00000000, 0x0000016d01000000)
 End Bits:   [0x0000016d01000000, 0x0000016d02000000)

Polling page: 0x0000016d6c990000

Metaspace:

Usage:
  Non-class:     22.69 MB used.
      Class:      2.62 MB used.
       Both:     25.30 MB used.

Virtual space:
  Non-class space:       24.00 MB reserved,      23.06 MB ( 96%) committed,  3 nodes.
      Class space:        1.00 GB reserved,       2.94 MB ( <1%) committed,  1 nodes.
             Both:        1.02 GB reserved,      26.00 MB (  2%) committed. 

Chunk freelists:
   Non-Class:  622.00 KB
       Class:  959.00 KB
        Both:  1.54 MB

MaxMetaspaceSize: unlimited
CompressedClassSpaceSize: 1.00 GB
Initial GC threshold: 21.00 MB
Current GC threshold: 35.00 MB
CDS: off
MetaspaceReclaimPolicy: balanced
 - commit_granule_bytes: 65536.
 - commit_granule_words: 8192.
 - virtual_space_node_default_size: 1048576.
 - enlarge_chunks_in_place: 1.
 - new_chunks_are_fully_committed: 0.
 - uncommit_free_chunks: 1.
 - use_allocation_guard: 0.
 - handle_deallocations: 1.


Internal statistics:

num_allocs_failed_limit: 3.
num_arena_births: 454.
num_arena_deaths: 14.
num_vsnodes_births: 4.
num_vsnodes_deaths: 0.
num_space_committed: 416.
num_space_uncommitted: 0.
num_chunks_returned_to_freelist: 17.
num_chunks_taken_from_freelist: 1221.
num_chunk_merges: 7.
num_chunk_splits: 758.
num_chunks_enlarged: 435.
num_purges: 2.
num_inconsistent_stats: 0.

CodeHeap 'non-profiled nmethods': size=119168Kb used=1207Kb max_used=1207Kb free=117960Kb
 bounds [0x0000016d779f0000, 0x0000016d77c60000, 0x0000016d7ee50000]
CodeHeap 'profiled nmethods': size=119104Kb used=6202Kb max_used=6202Kb free=112901Kb
 bounds [0x0000016d6fe50000, 0x0000016d70460000, 0x0000016d772a0000]
CodeHeap 'non-nmethods': size=7488Kb used=2898Kb max_used=2930Kb free=4589Kb
 bounds [0x0000016d772a0000, 0x0000016d77590000, 0x0000016d779f0000]
 total_blobs=3558 nmethods=3044 adapters=425
 compilation: enabled
              stopped_count=0, restarted_count=0
 full_count=0

Compilation events (20 events):
Event: 2.654 Thread 0x0000016d42ebf6b0 nmethod 3028 0x0000016d77b1aa10 code [0x0000016d77b1aba0, 0x0000016d77b1acc8]
Event: 2.654 Thread 0x0000016d42ebf6b0 3034       4       org.objectweb.asm.SymbolTable$Entry::<init> (18 bytes)
Event: 2.654 Thread 0x0000016d42ebf6b0 nmethod 3034 0x0000016d77b1ae90 code [0x0000016d77b1b000, 0x0000016d77b1b0b8]
Event: 2.654 Thread 0x0000016d42ebf6b0 3035       4       org.objectweb.asm.SymbolTable::addConstantNameAndType (28 bytes)
Event: 2.654 Thread 0x0000016d42e5ffd0 3040       3       org.objectweb.asm.ClassReader::readConst (276 bytes)
Event: 2.654 Thread 0x0000016d42cd9d30 3041       3       org.objectweb.asm.SymbolTable::hash (7 bytes)
Event: 2.654 Thread 0x0000016d42cd9d30 nmethod 3041 0x0000016d70455090 code [0x0000016d70455220, 0x0000016d70455318]
Event: 2.655 Thread 0x0000016d42cd9d30 3042       3       org.objectweb.asm.MethodWriter::visitFieldInsn (258 bytes)
Event: 2.655 Thread 0x0000016d42e62d10 3043       3       org.objectweb.asm.SymbolTable::addConstantFieldref (10 bytes)
Event: 2.655 Thread 0x0000016d42e619d0 3044       3       org.objectweb.asm.MethodVisitor::visitFieldInsn (20 bytes)
Event: 2.655 Thread 0x0000016d42e62d10 nmethod 3043 0x0000016d70455390 code [0x0000016d70455520, 0x0000016d70455668]
Event: 2.655 Thread 0x0000016d42e619d0 nmethod 3044 0x0000016d70455710 code [0x0000016d704558c0, 0x0000016d70455ac8]
Event: 2.655 Thread 0x0000016d42e62d10 3046       3       java.lang.String::split (327 bytes)
Event: 2.655 Thread 0x0000016d42e619d0 3045       3       java.lang.String::split (7 bytes)
Event: 2.655 Thread 0x0000016d42e619d0 nmethod 3045 0x0000016d70455b90 code [0x0000016d70455d20, 0x0000016d70455e68]
Event: 2.656 Thread 0x0000016d42e5ffd0 nmethod 3040 0x0000016d70455f10 code [0x0000016d70456380, 0x0000016d70457f58]
Event: 2.656 Thread 0x0000016d42cd9d30 nmethod 3042 0x0000016d70458a10 code [0x0000016d70458c80, 0x0000016d70459868]
Event: 2.656 Thread 0x0000016d42ec0080 nmethod 3020 0x0000016d77b1b190 code [0x0000016d77b1b340, 0x0000016d77b1bd98]
Event: 2.656 Thread 0x0000016d42ec0080 3029       4       java.util.regex.Pattern$CharPredicate$$Lambda$22/0x0000016d020907f8::is (11 bytes)
Event: 2.656 Thread 0x0000016d42cacb90 nmethod 3022 0x0000016d77b1c410 code [0x0000016d77b1c5a0, 0x0000016d77b1cc38]

GC Heap History (12 events):
Event: 0.749 GC heap before
{Heap before GC invocations=1 (full 0):
 PSYoungGen      total 29696K, used 25600K [0x00000000eab00000, 0x00000000ecc00000, 0x0000000100000000)
  eden space 25600K, 100% used [0x00000000eab00000,0x00000000ec400000,0x00000000ec400000)
  from space 4096K, 0% used [0x00000000ec800000,0x00000000ec800000,0x00000000ecc00000)
  to   space 4096K, 0% used [0x00000000ec400000,0x00000000ec400000,0x00000000ec800000)
 ParOldGen       total 68608K, used 0K [0x00000000c0000000, 0x00000000c4300000, 0x00000000eab00000)
  object space 68608K, 0% used [0x00000000c0000000,0x00000000c0000000,0x00000000c4300000)
 Metaspace       used 10662K, committed 10752K, reserved 1064960K
  class space    used 1049K, committed 1088K, reserved 1048576K
}
Event: 0.754 GC heap after
{Heap after GC invocations=1 (full 0):
 PSYoungGen      total 29696K, used 3241K [0x00000000eab00000, 0x00000000ecc00000, 0x0000000100000000)
  eden space 25600K, 0% used [0x00000000eab00000,0x00000000eab00000,0x00000000ec400000)
  from space 4096K, 79% used [0x00000000ec400000,0x00000000ec72a6b0,0x00000000ec800000)
  to   space 4096K, 0% used [0x00000000ec800000,0x00000000ec800000,0x00000000ecc00000)
 ParOldGen       total 68608K, used 16K [0x00000000c0000000, 0x00000000c4300000, 0x00000000eab00000)
  object space 68608K, 0% used [0x00000000c0000000,0x00000000c0004000,0x00000000c4300000)
 Metaspace       used 10662K, committed 10752K, reserved 1064960K
  class space    used 1049K, committed 1088K, reserved 1048576K
}
Event: 1.338 GC heap before
{Heap before GC invocations=2 (full 0):
 PSYoungGen      total 29696K, used 28841K [0x00000000eab00000, 0x00000000ecc00000, 0x0000000100000000)
  eden space 25600K, 100% used [0x00000000eab00000,0x00000000ec400000,0x00000000ec400000)
  from space 4096K, 79% used [0x00000000ec400000,0x00000000ec72a6b0,0x00000000ec800000)
  to   space 4096K, 0% used [0x00000000ec800000,0x00000000ec800000,0x00000000ecc00000)
 ParOldGen       total 68608K, used 16K [0x00000000c0000000, 0x00000000c4300000, 0x00000000eab00000)
  object space 68608K, 0% used [0x00000000c0000000,0x00000000c0004000,0x00000000c4300000)
 Metaspace       used 14515K, committed 14784K, reserved 1064960K
  class space    used 1450K, committed 1600K, reserved 1048576K
}
Event: 1.344 GC heap after
{Heap after GC invocations=2 (full 0):
 PSYoungGen      total 29696K, used 4086K [0x00000000eab00000, 0x00000000ecc00000, 0x0000000100000000)
  eden space 25600K, 0% used [0x00000000eab00000,0x00000000eab00000,0x00000000ec400000)
  from space 4096K, 99% used [0x00000000ec800000,0x00000000ecbfda58,0x00000000ecc00000)
  to   space 4096K, 0% used [0x00000000ec400000,0x00000000ec400000,0x00000000ec800000)
 ParOldGen       total 68608K, used 1457K [0x00000000c0000000, 0x00000000c4300000, 0x00000000eab00000)
  object space 68608K, 2% used [0x00000000c0000000,0x00000000c016c610,0x00000000c4300000)
 Metaspace       used 14515K, committed 14784K, reserved 1064960K
  class space    used 1450K, committed 1600K, reserved 1048576K
}
Event: 1.916 GC heap before
{Heap before GC invocations=3 (full 0):
 PSYoungGen      total 29696K, used 29686K [0x00000000eab00000, 0x00000000ecc00000, 0x0000000100000000)
  eden space 25600K, 100% used [0x00000000eab00000,0x00000000ec400000,0x00000000ec400000)
  from space 4096K, 99% used [0x00000000ec800000,0x00000000ecbfda58,0x00000000ecc00000)
  to   space 4096K, 0% used [0x00000000ec400000,0x00000000ec400000,0x00000000ec800000)
 ParOldGen       total 68608K, used 1457K [0x00000000c0000000, 0x00000000c4300000, 0x00000000eab00000)
  object space 68608K, 2% used [0x00000000c0000000,0x00000000c016c610,0x00000000c4300000)
 Metaspace       used 19740K, committed 20096K, reserved 1073152K
  class space    used 1970K, committed 2176K, reserved 1048576K
}
Event: 1.922 GC heap after
{Heap after GC invocations=3 (full 0):
 PSYoungGen      total 29696K, used 4082K [0x00000000eab00000, 0x00000000ecc00000, 0x0000000100000000)
  eden space 25600K, 0% used [0x00000000eab00000,0x00000000eab00000,0x00000000ec400000)
  from space 4096K, 99% used [0x00000000ec400000,0x00000000ec7fcb18,0x00000000ec800000)
  to   space 4096K, 0% used [0x00000000ec800000,0x00000000ec800000,0x00000000ecc00000)
 ParOldGen       total 68608K, used 3939K [0x00000000c0000000, 0x00000000c4300000, 0x00000000eab00000)
  object space 68608K, 5% used [0x00000000c0000000,0x00000000c03d8de8,0x00000000c4300000)
 Metaspace       used 19740K, committed 20096K, reserved 1073152K
  class space    used 1970K, committed 2176K, reserved 1048576K
}
Event: 2.168 GC heap before
{Heap before GC invocations=4 (full 0):
 PSYoungGen      total 29696K, used 13414K [0x00000000eab00000, 0x00000000ecc00000, 0x0000000100000000)
  eden space 25600K, 36% used [0x00000000eab00000,0x00000000eb41cff8,0x00000000ec400000)
  from space 4096K, 99% used [0x00000000ec400000,0x00000000ec7fcb18,0x00000000ec800000)
  to   space 4096K, 0% used [0x00000000ec800000,0x00000000ec800000,0x00000000ecc00000)
 ParOldGen       total 68608K, used 3939K [0x00000000c0000000, 0x00000000c4300000, 0x00000000eab00000)
  object space 68608K, 5% used [0x00000000c0000000,0x00000000c03d8de8,0x00000000c4300000)
 Metaspace       used 21134K, committed 21504K, reserved 1073152K
  class space    used 2122K, committed 2304K, reserved 1048576K
}
Event: 2.171 GC heap after
{Heap after GC invocations=4 (full 0):
 PSYoungGen      total 29696K, used 4088K [0x00000000eab00000, 0x00000000ecc00000, 0x0000000100000000)
  eden space 25600K, 0% used [0x00000000eab00000,0x00000000eab00000,0x00000000ec400000)
  from space 4096K, 99% used [0x00000000ec800000,0x00000000ecbfe348,0x00000000ecc00000)
  to   space 4096K, 0% used [0x00000000ec400000,0x00000000ec400000,0x00000000ec800000)
 ParOldGen       total 68608K, used 4752K [0x00000000c0000000, 0x00000000c4300000, 0x00000000eab00000)
  object space 68608K, 6% used [0x00000000c0000000,0x00000000c04a4100,0x00000000c4300000)
 Metaspace       used 21134K, committed 21504K, reserved 1073152K
  class space    used 2122K, committed 2304K, reserved 1048576K
}
Event: 2.171 GC heap before
{Heap before GC invocations=5 (full 1):
 PSYoungGen      total 29696K, used 4088K [0x00000000eab00000, 0x00000000ecc00000, 0x0000000100000000)
  eden space 25600K, 0% used [0x00000000eab00000,0x00000000eab00000,0x00000000ec400000)
  from space 4096K, 99% used [0x00000000ec800000,0x00000000ecbfe348,0x00000000ecc00000)
  to   space 4096K, 0% used [0x00000000ec400000,0x00000000ec400000,0x00000000ec800000)
 ParOldGen       total 68608K, used 4752K [0x00000000c0000000, 0x00000000c4300000, 0x00000000eab00000)
  object space 68608K, 6% used [0x00000000c0000000,0x00000000c04a4100,0x00000000c4300000)
 Metaspace       used 21134K, committed 21504K, reserved 1073152K
  class space    used 2122K, committed 2304K, reserved 1048576K
}
Event: 2.192 GC heap after
{Heap after GC invocations=5 (full 1):
 PSYoungGen      total 29696K, used 0K [0x00000000eab00000, 0x00000000ecc00000, 0x0000000100000000)
  eden space 25600K, 0% used [0x00000000eab00000,0x00000000eab00000,0x00000000ec400000)
  from space 4096K, 0% used [0x00000000ec800000,0x00000000ec800000,0x00000000ecc00000)
  to   space 4096K, 0% used [0x00000000ec400000,0x00000000ec400000,0x00000000ec800000)
 ParOldGen       total 68608K, used 8642K [0x00000000c0000000, 0x00000000c4300000, 0x00000000eab00000)
  object space 68608K, 12% used [0x00000000c0000000,0x00000000c0870ab0,0x00000000c4300000)
 Metaspace       used 21121K, committed 21504K, reserved 1073152K
  class space    used 2118K, committed 2304K, reserved 1048576K
}
Event: 2.565 GC heap before
{Heap before GC invocations=6 (full 1):
 PSYoungGen      total 29696K, used 25600K [0x00000000eab00000, 0x00000000ecc00000, 0x0000000100000000)
  eden space 25600K, 100% used [0x00000000eab00000,0x00000000ec400000,0x00000000ec400000)
  from space 4096K, 0% used [0x00000000ec800000,0x00000000ec800000,0x00000000ecc00000)
  to   space 4096K, 0% used [0x00000000ec400000,0x00000000ec400000,0x00000000ec800000)
 ParOldGen       total 68608K, used 8642K [0x00000000c0000000, 0x00000000c4300000, 0x00000000eab00000)
  object space 68608K, 12% used [0x00000000c0000000,0x00000000c0870ab0,0x00000000c4300000)
 Metaspace       used 24332K, committed 25024K, reserved 1073152K
  class space    used 2541K, committed 2816K, reserved 1048576K
}
Event: 2.567 GC heap after
{Heap after GC invocations=6 (full 1):
 PSYoungGen      total 27136K, used 1945K [0x00000000eab00000, 0x00000000eca80000, 0x0000000100000000)
  eden space 25088K, 0% used [0x00000000eab00000,0x00000000eab00000,0x00000000ec380000)
  from space 2048K, 94% used [0x00000000ec400000,0x00000000ec5e6460,0x00000000ec600000)
  to   space 3584K, 0% used [0x00000000ec700000,0x00000000ec700000,0x00000000eca80000)
 ParOldGen       total 68608K, used 8650K [0x00000000c0000000, 0x00000000c4300000, 0x00000000eab00000)
  object space 68608K, 12% used [0x00000000c0000000,0x00000000c0872ab0,0x00000000c4300000)
 Metaspace       used 24332K, committed 25024K, reserved 1073152K
  class space    used 2541K, committed 2816K, reserved 1048576K
}

Dll operation events (9 events):
Event: 0.007 Loaded shared library c:\Users\24449\.vscode\extensions\redhat.java-1.16.0-win32-x64\jre\17.0.6-win32-x86_64\bin\java.dll
Event: 0.112 Loaded shared library c:\Users\24449\.vscode\extensions\redhat.java-1.16.0-win32-x64\jre\17.0.6-win32-x86_64\bin\zip.dll
Event: 0.117 Loaded shared library C:\Users\24449\.vscode\extensions\redhat.java-1.16.0-win32-x64\jre\17.0.6-win32-x86_64\bin\instrument.dll
Event: 0.126 Loaded shared library C:\Users\24449\.vscode\extensions\redhat.java-1.16.0-win32-x64\jre\17.0.6-win32-x86_64\bin\net.dll
Event: 0.128 Loaded shared library C:\Users\24449\.vscode\extensions\redhat.java-1.16.0-win32-x64\jre\17.0.6-win32-x86_64\bin\nio.dll
Event: 0.133 Loaded shared library C:\Users\24449\.vscode\extensions\redhat.java-1.16.0-win32-x64\jre\17.0.6-win32-x86_64\bin\zip.dll
Event: 0.144 Loaded shared library C:\Users\24449\.vscode\extensions\redhat.java-1.16.0-win32-x64\jre\17.0.6-win32-x86_64\bin\jimage.dll
Event: 0.189 Loaded shared library c:\Users\24449\.vscode\extensions\redhat.java-1.16.0-win32-x64\jre\17.0.6-win32-x86_64\bin\verify.dll
Event: 1.234 Loaded shared library C:\Users\24449\AppData\Roaming\Code\User\globalStorage\redhat.java\1.16.0\config_win\org.eclipse.equinox.launcher\org.eclipse.equinox.launcher.win32.win32.x86_64_1.2.700.v20221108-1024\eclipse_11801.dll

Deoptimization events (20 events):
Event: 2.364 Thread 0x0000016d45d90840 DEOPT PACKING pc=0x0000016d77ad8bf8 sp=0x00000001021ed570
Event: 2.364 Thread 0x0000016d45d90840 DEOPT UNPACKING pc=0x0000016d772f66a3 sp=0x00000001021ed558 mode 2
Event: 2.364 Thread 0x0000016d45d90840 DEOPT PACKING pc=0x0000016d6ff3ccde sp=0x00000001021ed6a0
Event: 2.364 Thread 0x0000016d45d90840 DEOPT UNPACKING pc=0x0000016d772f6e43 sp=0x00000001021ecb98 mode 0
Event: 2.364 Thread 0x0000016d45d90840 Uncommon trap: trap_request=0xffffffc6 fr.pc=0x0000016d77ad8bf8 relative=0x0000000000000d18
Event: 2.364 Thread 0x0000016d45d90840 Uncommon trap: reason=bimorphic_or_optimized_type_check action=maybe_recompile pc=0x0000016d77ad8bf8 method=java.io.FilterInputStream.read([BII)I @ 7 c2
Event: 2.364 Thread 0x0000016d45d90840 DEOPT PACKING pc=0x0000016d77ad8bf8 sp=0x00000001021ed570
Event: 2.364 Thread 0x0000016d45d90840 DEOPT UNPACKING pc=0x0000016d772f66a3 sp=0x00000001021ed558 mode 2
Event: 2.364 Thread 0x0000016d45d90840 Uncommon trap: trap_request=0xffffffc6 fr.pc=0x0000016d77ad8bf8 relative=0x0000000000000d18
Event: 2.364 Thread 0x0000016d45d90840 Uncommon trap: reason=bimorphic_or_optimized_type_check action=maybe_recompile pc=0x0000016d77ad8bf8 method=java.io.FilterInputStream.read([BII)I @ 7 c2
Event: 2.364 Thread 0x0000016d45d90840 DEOPT PACKING pc=0x0000016d77ad8bf8 sp=0x00000001021ed570
Event: 2.364 Thread 0x0000016d45d90840 DEOPT UNPACKING pc=0x0000016d772f66a3 sp=0x00000001021ed558 mode 2
Event: 2.440 Thread 0x0000016d45d90840 Uncommon trap: trap_request=0xffffff45 fr.pc=0x0000016d77af65e4 relative=0x0000000000000ee4
Event: 2.440 Thread 0x0000016d45d90840 Uncommon trap: reason=unstable_if action=reinterpret pc=0x0000016d77af65e4 method=java.util.Properties$LineReader.readLine()I @ 256 c2
Event: 2.440 Thread 0x0000016d45d90840 DEOPT PACKING pc=0x0000016d77af65e4 sp=0x00000001021ee620
Event: 2.440 Thread 0x0000016d45d90840 DEOPT UNPACKING pc=0x0000016d772f66a3 sp=0x00000001021ee5b8 mode 2
Event: 2.509 Thread 0x0000016d45d90840 Uncommon trap: trap_request=0xffffffcc fr.pc=0x0000016d77b064d4 relative=0x0000000000000334
Event: 2.509 Thread 0x0000016d45d90840 Uncommon trap: reason=intrinsic_or_type_checked_inlining action=make_not_entrant pc=0x0000016d77b064d4 method=java.util.Arrays.copyOf([Ljava/lang/Object;ILjava/lang/Class;)[Ljava/lang/Object; @ 35 c2
Event: 2.509 Thread 0x0000016d45d90840 DEOPT PACKING pc=0x0000016d77b064d4 sp=0x00000001021ec190
Event: 2.509 Thread 0x0000016d45d90840 DEOPT UNPACKING pc=0x0000016d772f66a3 sp=0x00000001021ec120 mode 2

Classes unloaded (7 events):
Event: 2.175 Thread 0x0000016d7f033c10 Unloading class 0x0000016d0221c400 'java/lang/invoke/LambdaForm$MH+0x0000016d0221c400'
Event: 2.175 Thread 0x0000016d7f033c10 Unloading class 0x0000016d0221c000 'java/lang/invoke/LambdaForm$MH+0x0000016d0221c000'
Event: 2.175 Thread 0x0000016d7f033c10 Unloading class 0x0000016d0221bc00 'java/lang/invoke/LambdaForm$MH+0x0000016d0221bc00'
Event: 2.175 Thread 0x0000016d7f033c10 Unloading class 0x0000016d0221b400 'java/lang/invoke/LambdaForm$MH+0x0000016d0221b400'
Event: 2.175 Thread 0x0000016d7f033c10 Unloading class 0x0000016d0221b000 'java/lang/invoke/LambdaForm$BMH+0x0000016d0221b000'
Event: 2.175 Thread 0x0000016d7f033c10 Unloading class 0x0000016d0221ac00 'java/lang/invoke/LambdaForm$DMH+0x0000016d0221ac00'
Event: 2.175 Thread 0x0000016d7f033c10 Unloading class 0x0000016d02218000 'java/lang/invoke/LambdaForm$DMH+0x0000016d02218000'

Classes redefined (0 events):
No events

Internal exceptions (20 events):
Event: 2.509 Thread 0x0000016d45d90840 Exception <a 'java/lang/NoSuchMethodError'{0x00000000ec05f3c8}: 'int java.lang.invoke.DirectMethodHandle$Holder.invokeVirtual(java.lang.Object, java.lang.Object, java.lang.Object)'> (0x00000000ec05f3c8) 
thrown [s\src\hotspot\share\interpreter\linkResolver.cpp, line 759]
Event: 2.509 Thread 0x0000016d45d90840 Exception <a 'java/lang/NoSuchMethodError'{0x00000000ec063f18}: 'int java.lang.invoke.DirectMethodHandle$Holder.invokeVirtual(java.lang.Object, java.lang.Object)'> (0x00000000ec063f18) 
thrown [s\src\hotspot\share\interpreter\linkResolver.cpp, line 759]
Event: 2.509 Thread 0x0000016d45d90840 Exception <a 'java/lang/NoSuchMethodError'{0x00000000ec0693c8}: 'int java.lang.invoke.DirectMethodHandle$Holder.invokeStaticInit(java.lang.Object, int, int)'> (0x00000000ec0693c8) 
thrown [s\src\hotspot\share\interpreter\linkResolver.cpp, line 759]
Event: 2.510 Thread 0x0000016d45d90840 Exception <a 'java/lang/NoSuchMethodError'{0x00000000ec071e50}: 'int java.lang.invoke.DirectMethodHandle$Holder.invokeStaticInit(java.lang.Object, long, long)'> (0x00000000ec071e50) 
thrown [s\src\hotspot\share\interpreter\linkResolver.cpp, line 759]
Event: 2.510 Thread 0x0000016d45d90840 Exception <a 'java/lang/NoSuchMethodError'{0x00000000ec079f38}: 'int java.lang.invoke.DirectMethodHandle$Holder.invokeStaticInit(java.lang.Object, float, float)'> (0x00000000ec079f38) 
thrown [s\src\hotspot\share\interpreter\linkResolver.cpp, line 759]
Event: 2.510 Thread 0x0000016d45d90840 Exception <a 'java/lang/NoSuchMethodError'{0x00000000ec084f98}: 'int java.lang.invoke.DirectMethodHandle$Holder.invokeStaticInit(java.lang.Object, double, double)'> (0x00000000ec084f98) 
thrown [s\src\hotspot\share\interpreter\linkResolver.cpp, line 759]
Event: 2.511 Thread 0x0000016d45d90840 Exception <a 'java/lang/NoSuchMethodError'{0x00000000ec08a838}: 'int java.lang.invoke.DirectMethodHandle$Holder.invokeStatic(java.lang.Object, long)'> (0x00000000ec08a838) 
thrown [s\src\hotspot\share\interpreter\linkResolver.cpp, line 759]
Event: 2.515 Thread 0x0000016d45d90840 Exception <a 'java/lang/NoSuchMethodError'{0x00000000ec0b3350}: 'int java.lang.invoke.Invokers$Holder.linkToTargetMethod(java.lang.Object, java.lang.Object)'> (0x00000000ec0b3350) 
thrown [s\src\hotspot\share\interpreter\linkResolver.cpp, line 759]
Event: 2.524 Thread 0x0000016d45d90840 Exception <a 'java/lang/NoSuchMethodError'{0x00000000ec145050}: 'java.lang.Object java.lang.invoke.DirectMethodHandle$Holder.invokeSpecial(java.lang.Object, java.lang.Object, java.lang.Object, java.lang.Object, java.lang.Object, java.lang.Object, java.lang.Object, java.lang.Object, java.lang.Object, java.lang.Object, java.lang.Object)'> (0x00000000ec145050) 
thrown [s\src\hotspot\share\interpreter\linkResolver.cpp, line 759]
Event: 2.525 Thread 0x0000016d45d90840 Exception <a 'java/lang/NoSuchMethodError'{0x00000000ec14abc8}: 'java.lang.Object java.lang.invoke.Invokers$Holder.invoke_MT(java.lang.Object, java.lang.Object, java.lang.Object, java.lang.Object, java.lang.Object, java.lang.Object, java.lang.Object, java.lang.Object, java.lang.Object, java.lang.Object, java.lang.Object)'> (0x00000000ec14abc8) 
thrown [s\src\hotspot\share\interpreter\linkResolver.cpp, line 759]
Event: 2.534 Thread 0x0000016d45d90840 Exception <a 'java/lang/NoSuchMethodError'{0x00000000ec1dad68}: 'java.lang.Object java.lang.invoke.DirectMethodHandle$Holder.invokeSpecial(java.lang.Object, java.lang.Object, java.lang.Object, java.lang.Object, java.lang.Object, java.lang.Object, java.lang.Object, java.lang.Object, java.lang.Object, java.lang.Object)'> (0x00000000ec1dad68) 
thrown [s\src\hotspot\share\interpreter\linkResolver.cpp, line 759]
Event: 2.534 Thread 0x0000016d45d90840 Exception <a 'java/lang/NoSuchMethodError'{0x00000000ec1dffb8}: 'java.lang.Object java.lang.invoke.Invokers$Holder.invoke_MT(java.lang.Object, java.lang.Object, java.lang.Object, java.lang.Object, java.lang.Object, java.lang.Object, java.lang.Object, java.lang.Object, java.lang.Object, java.lang.Object)'> (0x00000000ec1dffb8) 
thrown [s\src\hotspot\share\interpreter\linkResolver.cpp, line 759]
Event: 2.542 Thread 0x0000016d45d90840 Exception <a 'java/lang/NoSuchMethodError'{0x00000000ec276350}: 'java.lang.Object java.lang.invoke.DirectMethodHandle$Holder.newInvokeSpecial(java.lang.Object, java.lang.Object, java.lang.Object, java.lang.Object, java.lang.Object, java.lang.Object, java.lang.Object)'> (0x00000000ec276350) 
thrown [s\src\hotspot\share\interpreter\linkResolver.cpp, line 759]
Event: 2.548 Thread 0x0000016d45d90840 Exception <a 'java/lang/NoSuchMethodError'{0x00000000ec2e72f8}: 'java.lang.Object java.lang.invoke.DirectMethodHandle$Holder.invokeSpecial(java.lang.Object, java.lang.Object, java.lang.Object, java.lang.Object, java.lang.Object, java.lang.Object, java.lang.Object, java.lang.Object, java.lang.Object, java.lang.Object, java.lang.Object, java.lang.Object, java.lang.Object)'> (0x00000000ec2e72f8) 
thrown [s\src\hotspot\share\interpreter\linkResolver.cpp, line 759]
Event: 2.548 Thread 0x0000016d45d90840 Exception <a 'java/lang/NoSuchMethodError'{0x00000000ec2ece28}: 'java.lang.Object java.lang.invoke.Invokers$Holder.invoker(java.lang.Object, java.lang.Object, java.lang.Object, java.lang.Object, java.lang.Object, java.lang.Object, java.lang.Object, java.lang.Object, java.lang.Object, java.lang.Object, java.lang.Object, java.lang.Object, java.lang.Object)'> (0x00000000ec2ece28) 
thrown [s\src\hotspot\share\interpreter\linkResolver.cpp, line 759]
Event: 2.549 Thread 0x0000016d45d90840 Exception <a 'java/lang/NoSuchMethodError'{0x00000000ec2f3b28}: 'java.lang.Object java.lang.invoke.DirectMethodHandle$Holder.invokeSpecial(java.lang.Object, java.lang.Object, java.lang.Object, java.lang.Object, java.lang.Object, java.lang.Object, java.lang.Object, java.lang.Object, java.lang.Object, java.lang.Object, java.lang.Object, java.lang.Object, java.lang.Object, java.lang.Object)'> (0x00000000ec2f3b28) 
thrown [s\src\hotspot\share\interpreter\linkResolver.cpp, line 759]
Event: 2.553 Thread 0x0000016d45d90840 Exception <a 'java/lang/NoSuchMethodError'{0x00000000ec353e50}: static Lorg/eclipse/m2e/core/internal/lifecyclemapping/model/PluginExecutionMetadata;.<clinit>()V> (0x00000000ec353e50) 
thrown [s\src\hotspot\share\prims\jni.cpp, line 1107]
Event: 2.558 Thread 0x0000016d45d90840 Exception <a 'java/lang/NoSuchMethodError'{0x00000000ec3ae0b8}: static Lorg/eclipse/m2e/core/internal/lifecyclemapping/model/PluginExecutionFilter;.<clinit>()V> (0x00000000ec3ae0b8) 
thrown [s\src\hotspot\share\prims\jni.cpp, line 1107]
Event: 2.563 Thread 0x0000016d45d90840 Exception <a 'java/lang/NoSuchMethodError'{0x00000000ec3e4180}: static Lorg/eclipse/m2e/core/internal/project/registry/MavenProjectFacade$MavenProjectConfiguration;.<clinit>()V> (0x00000000ec3e4180) 
thrown [s\src\hotspot\share\prims\jni.cpp, line 1107]
Event: 2.591 Thread 0x0000016d46410630 Exception <a 'java/io/FileNotFoundException'{0x00000000eaceb338}> (0x00000000eaceb338) 
thrown [s\src\hotspot\share\prims\jni.cpp, line 516]

VM Operations (20 events):
Event: 1.337 Executing VM operation: ParallelGCFailedAllocation
Event: 1.344 Executing VM operation: ParallelGCFailedAllocation done
Event: 1.747 Executing VM operation: HandshakeAllThreads
Event: 1.747 Executing VM operation: HandshakeAllThreads done
Event: 1.805 Executing VM operation: HandshakeAllThreads
Event: 1.805 Executing VM operation: HandshakeAllThreads done
Event: 1.808 Executing VM operation: HandshakeAllThreads
Event: 1.808 Executing VM operation: HandshakeAllThreads done
Event: 1.916 Executing VM operation: ParallelGCFailedAllocation
Event: 1.922 Executing VM operation: ParallelGCFailedAllocation done
Event: 1.942 Executing VM operation: HandshakeAllThreads
Event: 1.942 Executing VM operation: HandshakeAllThreads done
Event: 2.168 Executing VM operation: CollectForMetadataAllocation
Event: 2.192 Executing VM operation: CollectForMetadataAllocation done
Event: 2.243 Executing VM operation: HandshakeAllThreads
Event: 2.243 Executing VM operation: HandshakeAllThreads done
Event: 2.494 Executing VM operation: HandshakeAllThreads
Event: 2.494 Executing VM operation: HandshakeAllThreads done
Event: 2.565 Executing VM operation: ParallelGCFailedAllocation
Event: 2.567 Executing VM operation: ParallelGCFailedAllocation done

Events (20 events):
Event: 2.597 loading class java/util/zip/GZIPOutputStream
Event: 2.597 loading class java/util/zip/DeflaterOutputStream
Event: 2.597 loading class java/util/zip/DeflaterOutputStream done
Event: 2.597 loading class java/util/zip/GZIPOutputStream done
Event: 2.601 loading class java/io/StringReader
Event: 2.601 loading class java/io/StringReader done
Event: 2.610 loading class java/util/zip/GZIPInputStream
Event: 2.610 loading class java/util/zip/GZIPInputStream done
Event: 2.612 loading class java/net/SocketTimeoutException
Event: 2.612 loading class java/io/InterruptedIOException
Event: 2.612 loading class java/io/InterruptedIOException done
Event: 2.612 loading class java/net/SocketTimeoutException done
Event: 2.612 loading class java/net/SocketException
Event: 2.612 loading class java/net/SocketException done
Event: 2.612 loading class java/net/UnknownHostException
Event: 2.612 loading class java/net/UnknownHostException done
Event: 2.612 loading class java/net/ProtocolException
Event: 2.613 loading class java/net/ProtocolException done
Event: 2.627 loading class java/io/FileWriter
Event: 2.627 loading class java/io/FileWriter done


Dynamic libraries:
0x00007ff690a00000 - 0x00007ff690a0e000 	c:\Users\24449\.vscode\extensions\redhat.java-1.16.0-win32-x64\jre\17.0.6-win32-x86_64\bin\java.exe
0x00007ffd14810000 - 0x00007ffd14a08000 	C:\windows\SYSTEM32\ntdll.dll
0x00007ffd13690000 - 0x00007ffd1374f000 	C:\windows\System32\KERNEL32.DLL
0x00007ffd121b0000 - 0x00007ffd12482000 	C:\windows\System32\KERNELBASE.dll
0x00007ffd125f0000 - 0x00007ffd126f0000 	C:\windows\System32\ucrtbase.dll
0x00007ffd10540000 - 0x00007ffd10557000 	c:\Users\24449\.vscode\extensions\redhat.java-1.16.0-win32-x64\jre\17.0.6-win32-x86_64\bin\jli.dll
0x00007ffd10480000 - 0x00007ffd10499000 	c:\Users\24449\.vscode\extensions\redhat.java-1.16.0-win32-x64\jre\17.0.6-win32-x86_64\bin\VCRUNTIME140.dll
0x00007ffd12b60000 - 0x00007ffd12d01000 	C:\windows\System32\USER32.dll
0x00007ffcfceb0000 - 0x00007ffcfd14a000 	C:\windows\WinSxS\amd64_microsoft.windows.common-controls_6595b64144ccf1df_6.0.19041.1110_none_60b5254171f9507e\COMCTL32.dll
0x00007ffd12050000 - 0x00007ffd12072000 	C:\windows\System32\win32u.dll
0x00007ffd133e0000 - 0x00007ffd1347e000 	C:\windows\System32\msvcrt.dll
0x00007ffd12d10000 - 0x00007ffd12d3b000 	C:\windows\System32\GDI32.dll
0x00007ffd11f40000 - 0x00007ffd1204f000 	C:\windows\System32\gdi32full.dll
0x00007ffd12080000 - 0x00007ffd1211d000 	C:\windows\System32\msvcp_win.dll
0x00007ffd12b30000 - 0x00007ffd12b60000 	C:\windows\System32\IMM32.DLL
0x00007ffd10460000 - 0x00007ffd1046c000 	c:\Users\24449\.vscode\extensions\redhat.java-1.16.0-win32-x64\jre\17.0.6-win32-x86_64\bin\vcruntime140_1.dll
0x00007ffcd8fb0000 - 0x00007ffcd9041000 	c:\Users\24449\.vscode\extensions\redhat.java-1.16.0-win32-x64\jre\17.0.6-win32-x86_64\bin\msvcp140.dll
0x00007ffc7e590000 - 0x00007ffc7f1d7000 	c:\Users\24449\.vscode\extensions\redhat.java-1.16.0-win32-x64\jre\17.0.6-win32-x86_64\bin\server\jvm.dll
0x00007ffd13540000 - 0x00007ffd135ee000 	C:\windows\System32\ADVAPI32.dll
0x00007ffd135f0000 - 0x00007ffd1368c000 	C:\windows\System32\sechost.dll
0x00007ffd12860000 - 0x00007ffd12984000 	C:\windows\System32\RPCRT4.dll
0x00007ffccd580000 - 0x00007ffccd589000 	C:\windows\SYSTEM32\WSOCK32.dll
0x00007ffd10c30000 - 0x00007ffd10c3a000 	C:\windows\SYSTEM32\VERSION.dll
0x00007ffd08310000 - 0x00007ffd08337000 	C:\windows\SYSTEM32\WINMM.dll
0x00007ffd12dc0000 - 0x00007ffd12e2b000 	C:\windows\System32\WS2_32.dll
0x00007ffd10610000 - 0x00007ffd10622000 	C:\windows\SYSTEM32\kernel.appcore.dll
0x00007ffd0a430000 - 0x00007ffd0a43a000 	c:\Users\24449\.vscode\extensions\redhat.java-1.16.0-win32-x64\jre\17.0.6-win32-x86_64\bin\jimage.dll
0x00007ffd10210000 - 0x00007ffd103f4000 	C:\windows\SYSTEM32\DBGHELP.DLL
0x00007ffcf73d0000 - 0x00007ffcf7405000 	C:\windows\SYSTEM32\dbgcore.DLL
0x00007ffd12120000 - 0x00007ffd121a2000 	C:\windows\System32\bcryptPrimitives.dll
0x00007ffd083c0000 - 0x00007ffd083ce000 	c:\Users\24449\.vscode\extensions\redhat.java-1.16.0-win32-x64\jre\17.0.6-win32-x86_64\bin\instrument.dll
0x00007ffcf7cd0000 - 0x00007ffcf7cf5000 	c:\Users\24449\.vscode\extensions\redhat.java-1.16.0-win32-x64\jre\17.0.6-win32-x86_64\bin\java.dll
0x00007ffcf1a00000 - 0x00007ffcf1a18000 	c:\Users\24449\.vscode\extensions\redhat.java-1.16.0-win32-x64\jre\17.0.6-win32-x86_64\bin\zip.dll
0x00007ffd13750000 - 0x00007ffd13e95000 	C:\windows\System32\SHELL32.dll
0x00007ffd0f9a0000 - 0x00007ffd10132000 	C:\windows\SYSTEM32\windows.storage.dll
0x00007ffd12f60000 - 0x00007ffd132b5000 	C:\windows\System32\combase.dll
0x00007ffd11970000 - 0x00007ffd119a0000 	C:\windows\SYSTEM32\Wldp.dll
0x00007ffd13f00000 - 0x00007ffd13fad000 	C:\windows\System32\SHCORE.dll
0x00007ffd12ad0000 - 0x00007ffd12b25000 	C:\windows\System32\shlwapi.dll
0x00007ffd11e50000 - 0x00007ffd11e6f000 	C:\windows\SYSTEM32\profapi.dll
0x00007ffcf0150000 - 0x00007ffcf0169000 	C:\Users\24449\.vscode\extensions\redhat.java-1.16.0-win32-x64\jre\17.0.6-win32-x86_64\bin\net.dll
0x00007ffd0c540000 - 0x00007ffd0c64a000 	C:\windows\SYSTEM32\WINHTTP.dll
0x00007ffd116d0000 - 0x00007ffd1173a000 	C:\windows\system32\mswsock.dll
0x00007ffcf00a0000 - 0x00007ffcf00b5000 	C:\Users\24449\.vscode\extensions\redhat.java-1.16.0-win32-x64\jre\17.0.6-win32-x86_64\bin\nio.dll
0x00007ffcff890000 - 0x00007ffcff8a0000 	c:\Users\24449\.vscode\extensions\redhat.java-1.16.0-win32-x64\jre\17.0.6-win32-x86_64\bin\verify.dll
0x00007ffcdf370000 - 0x00007ffcdf3ae000 	C:\Users\24449\AppData\Roaming\Code\User\globalStorage\redhat.java\1.16.0\config_win\org.eclipse.equinox.launcher\org.eclipse.equinox.launcher.win32.win32.x86_64_1.2.700.v20221108-1024\eclipse_11801.dll
0x00007ffd12e30000 - 0x00007ffd12f5a000 	C:\windows\System32\ole32.dll

dbghelp: loaded successfully - version: 4.0.5 - missing functions: none
symbol engine: initialized successfully - sym options: 0x614 - pdb path: .;c:\Users\24449\.vscode\extensions\redhat.java-1.16.0-win32-x64\jre\17.0.6-win32-x86_64\bin;C:\windows\SYSTEM32;C:\windows\WinSxS\amd64_microsoft.windows.common-controls_6595b64144ccf1df_6.0.19041.1110_none_60b5254171f9507e;c:\Users\24449\.vscode\extensions\redhat.java-1.16.0-win32-x64\jre\17.0.6-win32-x86_64\bin\server;C:\Users\24449\AppData\Roaming\Code\User\globalStorage\redhat.java\1.16.0\config_win\org.eclipse.equinox.launcher\org.eclipse.equinox.launcher.win32.win32.x86_64_1.2.700.v20221108-1024

VM Arguments:
jvm_args: --add-modules=ALL-SYSTEM --add-opens=java.base/java.util=ALL-UNNAMED --add-opens=java.base/java.lang=ALL-UNNAMED --add-opens=java.base/sun.nio.fs=ALL-UNNAMED -Declipse.application=org.eclipse.jdt.ls.core.id1 -Dosgi.bundles.defaultStartLevel=4 -Declipse.product=org.eclipse.jdt.ls.core.product -Djava.import.generatesMetadataFilesAtProjectRoot=false -Dfile.encoding=utf8 -XX:+UseParallelGC -XX:GCTimeRatio=4 -XX:AdaptiveSizePolicyWeight=90 -Dsun.zip.disableMemoryMapping=true -Xmx1G -Xms100m -Xlog:disable -javaagent:c:\Users\24449\.vscode\extensions\redhat.java-1.16.0-win32-x64\lombok\lombok-1.18.24.jar -XX:+HeapDumpOnOutOfMemoryError -XX:HeapDumpPath=c:\Users\24449\AppData\Roaming\Code\User\workspaceStorage\76fc48e359c1731fdab3da0544fc0785\redhat.java 
java_command: c:\Users\24449\.vscode\extensions\redhat.java-1.16.0-win32-x64\server\plugins\org.eclipse.equinox.launcher_1.6.400.v20210924-0641.jar -configuration c:\Users\24449\AppData\Roaming\Code\User\globalStorage\redhat.java\1.16.0\config_win -data c:\Users\24449\AppData\Roaming\Code\User\workspaceStorage\76fc48e359c1731fdab3da0544fc0785\redhat.java\jdt_ws
java_class_path (initial): c:\Users\24449\.vscode\extensions\redhat.java-1.16.0-win32-x64\server\plugins\org.eclipse.equinox.launcher_1.6.400.v20210924-0641.jar
Launcher Type: SUN_STANDARD

[Global flags]
    uintx AdaptiveSizePolicyWeight                 = 90                                        {product} {command line}
     intx CICompilerCount                          = 12                                        {product} {ergonomic}
    uintx GCTimeRatio                              = 4                                         {product} {command line}
     bool HeapDumpOnOutOfMemoryError               = true                                   {manageable} {command line}
    ccstr HeapDumpPath                             = c:\Users\24449\AppData\Roaming\Code\User\workspaceStorage\76fc48e359c1731fdab3da0544fc0785\redhat.java         {manageable} {command line}
   size_t InitialHeapSize                          = 104857600                                 {product} {command line}
   size_t MaxHeapSize                              = 1073741824                                {product} {command line}
   size_t MaxNewSize                               = 357564416                                 {product} {ergonomic}
   size_t MinHeapDeltaBytes                        = 524288                                    {product} {ergonomic}
   size_t MinHeapSize                              = 104857600                                 {product} {command line}
   size_t NewSize                                  = 34603008                                  {product} {ergonomic}
    uintx NonNMethodCodeHeapSize                   = 7602480                                {pd product} {ergonomic}
    uintx NonProfiledCodeHeapSize                  = 122027880                              {pd product} {ergonomic}
   size_t OldSize                                  = 70254592                                  {product} {ergonomic}
    uintx ProfiledCodeHeapSize                     = 122027880                              {pd product} {ergonomic}
    uintx ReservedCodeCacheSize                    = 251658240                              {pd product} {ergonomic}
     bool SegmentedCodeCache                       = true                                      {product} {ergonomic}
   size_t SoftMaxHeapSize                          = 1073741824                             {manageable} {ergonomic}
     bool UseCompressedClassPointers               = true                           {product lp64_product} {ergonomic}
     bool UseCompressedOops                        = true                           {product lp64_product} {ergonomic}
     bool UseLargePagesIndividualAllocation        = false                                  {pd product} {ergonomic}
     bool UseParallelGC                            = true                                      {product} {command line}

Logging:
Log output configuration:
 #0: stdout all=off uptime,level,tags
 #1: stderr all=off uptime,level,tags

Environment Variables:
JAVA_HOME=D:\Java\jdk-17
CLASSPATH=.;D:\Java\jdk-17\lib;D:\Java\jdk-17\lib\dt.jar;D:\Java\jdk-17\lib\tools.jar;E:\JavaProjects\configuration_and_scheduling_of_MRFL;
PATH=D:\gurobi952\win64\bin;C:\Program Files\Common Files\Oracle\Java\javapath;D:\Python39\Scripts\;D:\Python39\;C:\windows\system32;C:\windows;C:\windows\System32\Wbem;C:\windows\System32\WindowsPowerShell\v1.0\;C:\windows\System32\OpenSSH\;D:\MATLAB R2019b\runtime\win64;D:\MATLAB R2019b\bin;D:\MATLAB R2019b\polyspace\bin;D:\IBM\SPSS 25\JRE\bin;D:\Git\cmd;D:\Git\bin;D:\Git\mingw64\libexec\git-core;D:\Prince\engine\bin;C:\Program Files\dotnet\;D:\Java\jdk-17\bin;D:\Java\jdk-17\jre\bin;D:\texlive\2021\bin\win32;D:\CTEX\UserData\miktex\bin;D:\CTEX\MiKTeX\miktex\bin;D:\CTEX\CTeX\ctex\bin;D:\CTEX\CTeX\cct\bin;D:\CTEX\CTeX\ty\bin;D:\CTEX\Ghostscript\gs9.05\bin;D:\CTEX\GSview\gsview;D:\CTEX\WinEdt;D:\apache-maven-3.8.6-bin\apache-maven-3.8.6\bin;C:\Users\24449\AppData\Local\Microsoft\WindowsApps;;D:\JetBrains\PyCharm 2021.1.1\bin;D:\Microsoft VS Code\bin;C:\Users\24449\.dotnet\tools
USERNAME=24449
OS=Windows_NT
PROCESSOR_IDENTIFIER=AMD64 Family 23 Model 96 Stepping 1, AuthenticAMD
TMP=C:\Users\24449\AppData\Local\Temp
TEMP=C:\Users\24449\AppData\Local\Temp



---------------  S Y S T E M  ---------------

OS:
 Windows 10 , 64 bit Build 19041 (10.0.19041.2546)
OS uptime: 12 days 5:22 hours

CPU: total 16 (initial active 16) (16 cores per cpu, 2 threads per core) family 23 model 96 stepping 1 microcode 0x0, cx8, cmov, fxsr, ht, mmx, 3dnowpref, sse, sse2, sse3, ssse3, sse4a, sse4.1, sse4.2, popcnt, lzcnt, tsc, tscinvbit, avx, avx2, aes, clmul, bmi1, bmi2, adx, sha, fma, vzeroupper, clflush, clflushopt

Memory: 4k page, system-wide physical 15697M (6368M free)
TotalPageFile size 17873M (AvailPageFile size 5M)
current process WorkingSet (physical memory assigned to process): 129M, peak: 129M
current process commit charge ("private bytes"): 251M, peak: 252M

vm_info: OpenJDK 64-Bit Server VM (17.0.6+10) for windows-amd64 JRE (17.0.6+10), built on Jan 18 2023 10:08:59 by "temurin" with MS VC++ 16.7 (VS2019)

END.
