#
# There is insufficient memory for the Java Runtime Environment to continue.
# Native memory allocation (malloc) failed to allocate 1935696 bytes for Chunk::new
# Possible reasons:
#   The system is out of physical RAM or swap space
#   The process is running with CompressedOops enabled, and the Java Heap may be blocking the growth of the native heap
# Possible solutions:
#   Reduce memory load on the system
#   Increase physical memory or swap space
#   Check if swap backing store is full
#   Decrease Java heap size (-Xmx/-Xms)
#   Decrease number of Java threads
#   Decrease Java thread stack sizes (-Xss)
#   Set larger code cache with -XX:ReservedCodeCacheSize=
#   JVM is running with Unscaled Compressed Oops mode in which the Java heap is
#     placed in the first 4GB address space. The Java Heap base address is the
#     maximum limit for the native heap growth. Please use -XX:HeapBaseMinAddress
#     to set the Java Heap base and to place the Java Heap above 4GB virtual address.
# This output file may be truncated or incomplete.
#
#  Out of Memory Error (arena.cpp:189), pid=11888, tid=24952
#
# JRE version: OpenJDK Runtime Environment Temurin-17.0.6+10 (17.0.6+10) (build 17.0.6+10)
# Java VM: OpenJDK 64-Bit Server VM Temurin-17.0.6+10 (17.0.6+10, mixed mode, tiered, compressed oops, compressed class ptrs, parallel gc, windows-amd64)
# No core dump will be written. Minidumps are not enabled by default on client versions of Windows
#

---------------  S U M M A R Y ------------

Command Line: --add-modules=ALL-SYSTEM --add-opens=java.base/java.util=ALL-UNNAMED --add-opens=java.base/java.lang=ALL-UNNAMED --add-opens=java.base/sun.nio.fs=ALL-UNNAMED -Declipse.application=org.eclipse.jdt.ls.core.id1 -Dosgi.bundles.defaultStartLevel=4 -Declipse.product=org.eclipse.jdt.ls.core.product -Djava.import.generatesMetadataFilesAtProjectRoot=false -Dfile.encoding=utf8 -XX:+UseParallelGC -XX:GCTimeRatio=4 -XX:AdaptiveSizePolicyWeight=90 -Dsun.zip.disableMemoryMapping=true -Xmx1G -Xms100m -Xlog:disable -javaagent:c:\Users\24449\.vscode\extensions\redhat.java-1.16.0-win32-x64\lombok\lombok-1.18.24.jar -XX:+HeapDumpOnOutOfMemoryError -XX:HeapDumpPath=c:\Users\24449\AppData\Roaming\Code\User\workspaceStorage\76fc48e359c1731fdab3da0544fc0785\redhat.java c:\Users\24449\.vscode\extensions\redhat.java-1.16.0-win32-x64\server\plugins\org.eclipse.equinox.launcher_1.6.400.v20210924-0641.jar -configuration c:\Users\24449\AppData\Roaming\Code\User\globalStorage\redhat.java\1.16.0\config_win -data c:\Users\24449\AppData\Roaming\Code\User\workspaceStorage\76fc48e359c1731fdab3da0544fc0785\redhat.java\jdt_ws

Host: AMD Ryzen 7 PRO 4750U with Radeon Graphics, 16 cores, 15G,  Windows 10 , 64 bit Build 19041 (10.0.19041.2546)
Time: Tue Apr  4 13:47:49 2023  Windows 10 , 64 bit Build 19041 (10.0.19041.2546) elapsed time: 8.262886 seconds (0d 0h 0m 8s)

---------------  T H R E A D  ---------------

Current thread (0x0000025472023510):  JavaThread "C2 CompilerThread0" daemon [_thread_in_native, id=24952, stack(0x0000007dc4300000,0x0000007dc4400000)]


Current CompileTask:
C2:   8262 3055       4       org.objectweb.asm.ClassReader::readMethod (1066 bytes)

Stack: [0x0000007dc4300000,0x0000007dc4400000]
Native frames: (J=compiled Java code, j=interpreted, Vv=VM code, C=native code)
V  [jvm.dll+0x67741a]
V  [jvm.dll+0x834434]
V  [jvm.dll+0x835bde]
V  [jvm.dll+0x836243]
V  [jvm.dll+0x2457b5]
V  [jvm.dll+0xabafc]
V  [jvm.dll+0xac0cc]
V  [jvm.dll+0x363492]
V  [jvm.dll+0x1bbb82]
V  [jvm.dll+0x218749]
V  [jvm.dll+0x217a11]
V  [jvm.dll+0x1a3d0d]
V  [jvm.dll+0x22742a]
V  [jvm.dll+0x225565]
V  [jvm.dll+0x7ea2cb]
V  [jvm.dll+0x7e483a]
V  [jvm.dll+0x6762c5]
C  [ucrtbase.dll+0x21bb2]
C  [KERNEL32.DLL+0x17614]
C  [ntdll.dll+0x526a1]


---------------  P R O C E S S  ---------------

Threads class SMR info:
_java_thread_list=0x0000025476a42a40, length=25, elements={
0x000002545a6bfc90, 0x0000025470486630, 0x0000025470487dd0, 0x0000025472002530,
0x00000254720035b0, 0x0000025472004130, 0x0000025471fdf830, 0x0000025472023510,
0x0000025472030b70, 0x0000025472031860, 0x0000025470311380, 0x0000025473eb5ba0,
0x00000254743fb470, 0x0000025473e43430, 0x00000254745f2150, 0x0000025474800760,
0x00000254748850f0, 0x0000025474abfc30, 0x0000025474ac0f70, 0x0000025474ac1de0,
0x000002547466c620, 0x0000025475291010, 0x0000025474ac0aa0, 0x0000025476a42c30,
0x0000025474decb70
}

Java Threads: ( => current thread )
  0x000002545a6bfc90 JavaThread "main" [_thread_blocked, id=15892, stack(0x0000007dc3a00000,0x0000007dc3b00000)]
  0x0000025470486630 JavaThread "Reference Handler" daemon [_thread_blocked, id=26800, stack(0x0000007dc3d00000,0x0000007dc3e00000)]
  0x0000025470487dd0 JavaThread "Finalizer" daemon [_thread_blocked, id=24284, stack(0x0000007dc3e00000,0x0000007dc3f00000)]
  0x0000025472002530 JavaThread "Signal Dispatcher" daemon [_thread_blocked, id=20084, stack(0x0000007dc3f00000,0x0000007dc4000000)]
  0x00000254720035b0 JavaThread "Attach Listener" daemon [_thread_blocked, id=14340, stack(0x0000007dc4000000,0x0000007dc4100000)]
  0x0000025472004130 JavaThread "Service Thread" daemon [_thread_blocked, id=16712, stack(0x0000007dc4100000,0x0000007dc4200000)]
  0x0000025471fdf830 JavaThread "Monitor Deflation Thread" daemon [_thread_blocked, id=6944, stack(0x0000007dc4200000,0x0000007dc4300000)]
=>0x0000025472023510 JavaThread "C2 CompilerThread0" daemon [_thread_in_native, id=24952, stack(0x0000007dc4300000,0x0000007dc4400000)]
  0x0000025472030b70 JavaThread "C1 CompilerThread0" daemon [_thread_in_vm, id=26100, stack(0x0000007dc4400000,0x0000007dc4500000)]
  0x0000025472031860 JavaThread "Sweeper thread" daemon [_thread_blocked, id=3728, stack(0x0000007dc4500000,0x0000007dc4600000)]
  0x0000025470311380 JavaThread "Common-Cleaner" daemon [_thread_blocked, id=3492, stack(0x0000007dc4600000,0x0000007dc4700000)]
  0x0000025473eb5ba0 JavaThread "Notification Thread" daemon [_thread_blocked, id=26192, stack(0x0000007dc4c00000,0x0000007dc4d00000)]
  0x00000254743fb470 JavaThread "Active Thread: Equinox Container: 3792cf15-256e-44f7-8119-82053d542e09" [_thread_blocked, id=25176, stack(0x0000007dc5400000,0x0000007dc5500000)]
  0x0000025473e43430 JavaThread "Framework Event Dispatcher: Equinox Container: 3792cf15-256e-44f7-8119-82053d542e09" daemon [_thread_blocked, id=22336, stack(0x0000007dc4800000,0x0000007dc4900000)]
  0x00000254745f2150 JavaThread "Start Level: Equinox Container: 3792cf15-256e-44f7-8119-82053d542e09" daemon [_thread_in_Java, id=12324, stack(0x0000007dc4900000,0x0000007dc4a00000)]
  0x0000025474800760 JavaThread "SCR Component Actor" daemon [_thread_blocked, id=15996, stack(0x0000007dc4b00000,0x0000007dc4c00000)]
  0x00000254748850f0 JavaThread "SCR Component Registry" daemon [_thread_blocked, id=11860, stack(0x0000007dc5600000,0x0000007dc5700000)]
  0x0000025474abfc30 JavaThread "Worker-JM" [_thread_blocked, id=28376, stack(0x0000007dc5800000,0x0000007dc5900000)]
  0x0000025474ac0f70 JavaThread "Worker-0" [_thread_blocked, id=24844, stack(0x0000007dc5f00000,0x0000007dc6000000)]
  0x0000025474ac1de0 JavaThread "Worker-1" [_thread_blocked, id=9552, stack(0x0000007dc6000000,0x0000007dc6100000)]
  0x000002547466c620 JavaThread "C1 CompilerThread1" daemon [_thread_in_native, id=27940, stack(0x0000007dc4a00000,0x0000007dc4b00000)]
  0x0000025475291010 JavaThread "C2 CompilerThread1" daemon [_thread_blocked, id=27636, stack(0x0000007dc4700000,0x0000007dc4800000)]
  0x0000025474ac0aa0 JavaThread "Java indexing" daemon [_thread_blocked, id=7044, stack(0x0000007dc5900000,0x0000007dc5a00000)]
  0x0000025476a42c30 JavaThread "C2 CompilerThread2" daemon [_thread_blocked, id=18472, stack(0x0000007dc5e00000,0x0000007dc5f00000)]
  0x0000025474decb70 JavaThread "C2 CompilerThread3" daemon [_thread_blocked, id=17720, stack(0x0000007dc6100000,0x0000007dc6200000)]

Other Threads:
  0x0000025471fd3d60 VMThread "VM Thread" [stack: 0x0000007dc3c00000,0x0000007dc3d00000] [id=20564]
  0x0000025473eb7d50 WatcherThread [stack: 0x0000007dc4d00000,0x0000007dc4e00000] [id=6928]
  0x000002545a6d6f90 GCTaskThread "GC Thread#0" [stack: 0x0000007dc3b00000,0x0000007dc3c00000] [id=5212]
  0x0000025474608460 GCTaskThread "GC Thread#1" [stack: 0x0000007dc4e00000,0x0000007dc4f00000] [id=28652]
  0x0000025474608920 GCTaskThread "GC Thread#2" [stack: 0x0000007dc4f00000,0x0000007dc5000000] [id=28156]
  0x000002547415a340 GCTaskThread "GC Thread#3" [stack: 0x0000007dc5000000,0x0000007dc5100000] [id=13980]
  0x000002547415ae10 GCTaskThread "GC Thread#4" [stack: 0x0000007dc5100000,0x0000007dc5200000] [id=3060]
  0x0000025474463ce0 GCTaskThread "GC Thread#5" [stack: 0x0000007dc5200000,0x0000007dc5300000] [id=13220]
  0x0000025474964e20 GCTaskThread "GC Thread#6" [stack: 0x0000007dc5300000,0x0000007dc5400000] [id=13380]
  0x00000254745eceb0 GCTaskThread "GC Thread#7" [stack: 0x0000007dc5500000,0x0000007dc5600000] [id=18816]
  0x0000025474ad1490 GCTaskThread "GC Thread#8" [stack: 0x0000007dc5a00000,0x0000007dc5b00000] [id=18532]
  0x0000025474ad1740 GCTaskThread "GC Thread#9" [stack: 0x0000007dc5b00000,0x0000007dc5c00000] [id=27976]
  0x0000025474ad19f0 GCTaskThread "GC Thread#10" [stack: 0x0000007dc5c00000,0x0000007dc5d00000] [id=18264]
  0x0000025474bc0d00 GCTaskThread "GC Thread#11" [stack: 0x0000007dc5d00000,0x0000007dc5e00000] [id=12184]
  0x0000025474bb8a50 GCTaskThread "GC Thread#12" [stack: 0x0000007dc5700000,0x0000007dc5800000] [id=5504]

Threads with active compile tasks:
C2 CompilerThread0     8289 3055       4       org.objectweb.asm.ClassReader::readMethod (1066 bytes)

VM state: not at safepoint (normal execution)

VM Mutex/Monitor currently owned by a thread: None

Heap address: 0x00000000c0000000, size: 1024 MB, Compressed Oops mode: 32-bit

CDS archive(s) not mapped
Compressed class space mapped at: 0x0000000100000000-0x0000000140000000, reserved size: 1073741824
Narrow klass base: 0x0000000000000000, Narrow klass shift: 3, Narrow klass range: 0x140000000

GC Precious Log:
 CPUs: 16 total, 16 available
 Memory: 15697M
 Large Page Support: Disabled
 NUMA Support: Disabled
 Compressed Oops: Enabled (32-bit)
 Alignments: Space 512K, Generation 512K, Heap 2M
 Heap Min Capacity: 100M
 Heap Initial Capacity: 100M
 Heap Max Capacity: 1G
 Pre-touch: Disabled
 Parallel Workers: 13

Heap:
 PSYoungGen      total 27136K, used 12794K [0x00000000eab00000, 0x00000000ec980000, 0x0000000100000000)
  eden space 24064K, 40% used [0x00000000eab00000,0x00000000eb4830f8,0x00000000ec280000)
  from space 3072K, 99% used [0x00000000ec400000,0x00000000ec6fb808,0x00000000ec700000)
  to   space 2560K, 0% used [0x00000000ec700000,0x00000000ec700000,0x00000000ec980000)
 ParOldGen       total 68608K, used 8431K [0x00000000c0000000, 0x00000000c4300000, 0x00000000eab00000)
  object space 68608K, 12% used [0x00000000c0000000,0x00000000c083bc60,0x00000000c4300000)
 Metaspace       used 32298K, committed 33088K, reserved 1081344K
  class space    used 3224K, committed 3584K, reserved 1048576K

Card table byte_map: [0x000002546dd00000,0x000002546df10000] _byte_map_base: 0x000002546d700000

Marking Bits: (ParMarkBitMap*) 0x00007ffc6ae33e70
 Begin Bits: [0x000002546e070000, 0x000002546f070000)
 End Bits:   [0x000002546f070000, 0x0000025470070000)

Polling page: 0x000002545a4a0000

Metaspace:

Usage:
  Non-class:     28.39 MB used.
      Class:      3.15 MB used.
       Both:     31.54 MB used.

Virtual space:
  Non-class space:       32.00 MB reserved,      28.81 MB ( 90%) committed,  4 nodes.
      Class space:        1.00 GB reserved,       3.50 MB ( <1%) committed,  1 nodes.
             Both:        1.03 GB reserved,      32.31 MB (  3%) committed. 

Chunk freelists:
   Non-Class:  2.72 MB
       Class:  554.00 KB
        Both:  3.26 MB

MaxMetaspaceSize: unlimited
CompressedClassSpaceSize: 1.00 GB
Initial GC threshold: 21.00 MB
Current GC threshold: 35.00 MB
CDS: off
MetaspaceReclaimPolicy: balanced
 - commit_granule_bytes: 65536.
 - commit_granule_words: 8192.
 - virtual_space_node_default_size: 1048576.
 - enlarge_chunks_in_place: 1.
 - new_chunks_are_fully_committed: 0.
 - uncommit_free_chunks: 1.
 - use_allocation_guard: 0.
 - handle_deallocations: 1.


Internal statistics:

num_allocs_failed_limit: 3.
num_arena_births: 494.
num_arena_deaths: 14.
num_vsnodes_births: 5.
num_vsnodes_deaths: 0.
num_space_committed: 517.
num_space_uncommitted: 0.
num_chunks_returned_to_freelist: 17.
num_chunks_taken_from_freelist: 1487.
num_chunk_merges: 7.
num_chunk_splits: 939.
num_chunks_enlarged: 563.
num_purges: 2.
num_inconsistent_stats: 0.

CodeHeap 'non-profiled nmethods': size=119168Kb used=1365Kb max_used=1365Kb free=117803Kb
 bounds [0x00000254666c0000, 0x0000025466930000, 0x000002546db20000]
CodeHeap 'profiled nmethods': size=119104Kb used=6854Kb max_used=6854Kb free=112249Kb
 bounds [0x000002545eb20000, 0x000002545f1e0000, 0x0000025465f70000]
CodeHeap 'non-nmethods': size=7488Kb used=1816Kb max_used=2903Kb free=5671Kb
 bounds [0x0000025465f70000, 0x0000025466250000, 0x00000254666c0000]
 total_blobs=3962 nmethods=3391 adapters=484
 compilation: enabled
              stopped_count=0, restarted_count=0
 full_count=0

Compilation events (20 events):
Event: 8.245 Thread 0x000002547466c620 3328       1       jdk.internal.jimage.decompressor.CompressedResourceHeader::getSize (3 bytes)
Event: 8.245 Thread 0x000002547466c620 nmethod 3328 0x000002546680a590 code [0x000002546680a720, 0x000002546680a7d8]
Event: 8.245 Thread 0x0000025472030b70 nmethod 3326 0x000002545f1b0c10 code [0x000002545f1b0e80, 0x000002545f1b1b98]
Event: 8.246 Thread 0x0000025472030b70 3330       3       java.nio.ByteBuffer::limit (6 bytes)
Event: 8.246 Thread 0x000002547466c620 3331       3       java.lang.Class::getConstructor0 (83 bytes)
Event: 8.246 Thread 0x0000025472030b70 nmethod 3330 0x000002545f1b2010 code [0x000002545f1b21c0, 0x000002545f1b2388]
Event: 8.247 Thread 0x0000025472030b70 3332       3       java.nio.charset.Charset::forName (20 bytes)
Event: 8.247 Thread 0x000002547466c620 nmethod 3331 0x000002545f1b2410 code [0x000002545f1b2680, 0x000002545f1b3098]
Event: 8.247 Thread 0x000002547466c620 3333       3       java.util.Collections$3::hasMoreElements (10 bytes)
Event: 8.248 Thread 0x0000025472030b70 nmethod 3332 0x000002545f1b3590 code [0x000002545f1b3740, 0x000002545f1b3938]
Event: 8.248 Thread 0x000002547466c620 nmethod 3333 0x000002545f1b3a10 code [0x000002545f1b3bc0, 0x000002545f1b3d88]
Event: 8.251 Thread 0x0000025472030b70 3338       3       java.util.List::of (4 bytes)
Event: 8.251 Thread 0x0000025472030b70 nmethod 3338 0x000002545f1b3e90 code [0x000002545f1b4020, 0x000002545f1b4118]
Event: 8.252 Thread 0x0000025474decb70 3334       4       java.util.TreeMap::fixAfterInsertion (267 bytes)
Event: 8.256 Thread 0x000002547466c620 3340       3       java.util.TreeMap::get (19 bytes)
Event: 8.257 Thread 0x000002547466c620 nmethod 3340 0x000002545f1b4190 code [0x000002545f1b4340, 0x000002545f1b4508]
Event: 8.257 Thread 0x0000025476a42c30 nmethod 3311 0x000002546680a890 code [0x000002546680aa40, 0x000002546680b128]
Event: 8.257 Thread 0x0000025476a42c30 3336       4       java.util.TreeMap::getEntry (77 bytes)
Event: 8.260 Thread 0x000002547466c620 3341       3       java.util.Collections$3::nextElement (10 bytes)
Event: 8.261 Thread 0x000002547466c620 nmethod 3341 0x000002545f1b4610 code [0x000002545f1b47c0, 0x000002545f1b4988]

GC Heap History (16 events):
Event: 0.811 GC heap before
{Heap before GC invocations=1 (full 0):
 PSYoungGen      total 29696K, used 25600K [0x00000000eab00000, 0x00000000ecc00000, 0x0000000100000000)
  eden space 25600K, 100% used [0x00000000eab00000,0x00000000ec400000,0x00000000ec400000)
  from space 4096K, 0% used [0x00000000ec800000,0x00000000ec800000,0x00000000ecc00000)
  to   space 4096K, 0% used [0x00000000ec400000,0x00000000ec400000,0x00000000ec800000)
 ParOldGen       total 68608K, used 0K [0x00000000c0000000, 0x00000000c4300000, 0x00000000eab00000)
  object space 68608K, 0% used [0x00000000c0000000,0x00000000c0000000,0x00000000c4300000)
 Metaspace       used 10663K, committed 10752K, reserved 1064960K
  class space    used 1049K, committed 1088K, reserved 1048576K
}
Event: 0.816 GC heap after
{Heap after GC invocations=1 (full 0):
 PSYoungGen      total 29696K, used 3209K [0x00000000eab00000, 0x00000000ecc00000, 0x0000000100000000)
  eden space 25600K, 0% used [0x00000000eab00000,0x00000000eab00000,0x00000000ec400000)
  from space 4096K, 78% used [0x00000000ec400000,0x00000000ec722690,0x00000000ec800000)
  to   space 4096K, 0% used [0x00000000ec800000,0x00000000ec800000,0x00000000ecc00000)
 ParOldGen       total 68608K, used 16K [0x00000000c0000000, 0x00000000c4300000, 0x00000000eab00000)
  object space 68608K, 0% used [0x00000000c0000000,0x00000000c0004000,0x00000000c4300000)
 Metaspace       used 10663K, committed 10752K, reserved 1064960K
  class space    used 1049K, committed 1088K, reserved 1048576K
}
Event: 3.851 GC heap before
{Heap before GC invocations=2 (full 0):
 PSYoungGen      total 29696K, used 28809K [0x00000000eab00000, 0x00000000ecc00000, 0x0000000100000000)
  eden space 25600K, 100% used [0x00000000eab00000,0x00000000ec400000,0x00000000ec400000)
  from space 4096K, 78% used [0x00000000ec400000,0x00000000ec722690,0x00000000ec800000)
  to   space 4096K, 0% used [0x00000000ec800000,0x00000000ec800000,0x00000000ecc00000)
 ParOldGen       total 68608K, used 16K [0x00000000c0000000, 0x00000000c4300000, 0x00000000eab00000)
  object space 68608K, 0% used [0x00000000c0000000,0x00000000c0004000,0x00000000c4300000)
 Metaspace       used 14489K, committed 14720K, reserved 1064960K
  class space    used 1446K, committed 1536K, reserved 1048576K
}
Event: 3.856 GC heap after
{Heap after GC invocations=2 (full 0):
 PSYoungGen      total 29696K, used 4079K [0x00000000eab00000, 0x00000000ecc00000, 0x0000000100000000)
  eden space 25600K, 0% used [0x00000000eab00000,0x00000000eab00000,0x00000000ec400000)
  from space 4096K, 99% used [0x00000000ec800000,0x00000000ecbfbee0,0x00000000ecc00000)
  to   space 4096K, 0% used [0x00000000ec400000,0x00000000ec400000,0x00000000ec800000)
 ParOldGen       total 68608K, used 1437K [0x00000000c0000000, 0x00000000c4300000, 0x00000000eab00000)
  object space 68608K, 2% used [0x00000000c0000000,0x00000000c01677c0,0x00000000c4300000)
 Metaspace       used 14489K, committed 14720K, reserved 1064960K
  class space    used 1446K, committed 1536K, reserved 1048576K
}
Event: 4.423 GC heap before
{Heap before GC invocations=3 (full 0):
 PSYoungGen      total 29696K, used 29679K [0x00000000eab00000, 0x00000000ecc00000, 0x0000000100000000)
  eden space 25600K, 100% used [0x00000000eab00000,0x00000000ec400000,0x00000000ec400000)
  from space 4096K, 99% used [0x00000000ec800000,0x00000000ecbfbee0,0x00000000ecc00000)
  to   space 4096K, 0% used [0x00000000ec400000,0x00000000ec400000,0x00000000ec800000)
 ParOldGen       total 68608K, used 1437K [0x00000000c0000000, 0x00000000c4300000, 0x00000000eab00000)
  object space 68608K, 2% used [0x00000000c0000000,0x00000000c01677c0,0x00000000c4300000)
 Metaspace       used 19748K, committed 20160K, reserved 1073152K
  class space    used 1980K, committed 2176K, reserved 1048576K
}
Event: 4.428 GC heap after
{Heap after GC invocations=3 (full 0):
 PSYoungGen      total 29696K, used 4086K [0x00000000eab00000, 0x00000000ecc00000, 0x0000000100000000)
  eden space 25600K, 0% used [0x00000000eab00000,0x00000000eab00000,0x00000000ec400000)
  from space 4096K, 99% used [0x00000000ec400000,0x00000000ec7fdbf0,0x00000000ec800000)
  to   space 4096K, 0% used [0x00000000ec800000,0x00000000ec800000,0x00000000ecc00000)
 ParOldGen       total 68608K, used 3800K [0x00000000c0000000, 0x00000000c4300000, 0x00000000eab00000)
  object space 68608K, 5% used [0x00000000c0000000,0x00000000c03b6190,0x00000000c4300000)
 Metaspace       used 19748K, committed 20160K, reserved 1073152K
  class space    used 1980K, committed 2176K, reserved 1048576K
}
Event: 4.638 GC heap before
{Heap before GC invocations=4 (full 0):
 PSYoungGen      total 29696K, used 13084K [0x00000000eab00000, 0x00000000ecc00000, 0x0000000100000000)
  eden space 25600K, 35% used [0x00000000eab00000,0x00000000eb3c97e0,0x00000000ec400000)
  from space 4096K, 99% used [0x00000000ec400000,0x00000000ec7fdbf0,0x00000000ec800000)
  to   space 4096K, 0% used [0x00000000ec800000,0x00000000ec800000,0x00000000ecc00000)
 ParOldGen       total 68608K, used 3800K [0x00000000c0000000, 0x00000000c4300000, 0x00000000eab00000)
  object space 68608K, 5% used [0x00000000c0000000,0x00000000c03b6190,0x00000000c4300000)
 Metaspace       used 21132K, committed 21504K, reserved 1073152K
  class space    used 2121K, committed 2304K, reserved 1048576K
}
Event: 4.642 GC heap after
{Heap after GC invocations=4 (full 0):
 PSYoungGen      total 29696K, used 4086K [0x00000000eab00000, 0x00000000ecc00000, 0x0000000100000000)
  eden space 25600K, 0% used [0x00000000eab00000,0x00000000eab00000,0x00000000ec400000)
  from space 4096K, 99% used [0x00000000ec800000,0x00000000ecbfdbe0,0x00000000ecc00000)
  to   space 4096K, 0% used [0x00000000ec400000,0x00000000ec400000,0x00000000ec800000)
 ParOldGen       total 68608K, used 4520K [0x00000000c0000000, 0x00000000c4300000, 0x00000000eab00000)
  object space 68608K, 6% used [0x00000000c0000000,0x00000000c046a1d8,0x00000000c4300000)
 Metaspace       used 21132K, committed 21504K, reserved 1073152K
  class space    used 2121K, committed 2304K, reserved 1048576K
}
Event: 4.642 GC heap before
{Heap before GC invocations=5 (full 1):
 PSYoungGen      total 29696K, used 4086K [0x00000000eab00000, 0x00000000ecc00000, 0x0000000100000000)
  eden space 25600K, 0% used [0x00000000eab00000,0x00000000eab00000,0x00000000ec400000)
  from space 4096K, 99% used [0x00000000ec800000,0x00000000ecbfdbe0,0x00000000ecc00000)
  to   space 4096K, 0% used [0x00000000ec400000,0x00000000ec400000,0x00000000ec800000)
 ParOldGen       total 68608K, used 4520K [0x00000000c0000000, 0x00000000c4300000, 0x00000000eab00000)
  object space 68608K, 6% used [0x00000000c0000000,0x00000000c046a1d8,0x00000000c4300000)
 Metaspace       used 21132K, committed 21504K, reserved 1073152K
  class space    used 2121K, committed 2304K, reserved 1048576K
}
Event: 4.667 GC heap after
{Heap after GC invocations=5 (full 1):
 PSYoungGen      total 29696K, used 0K [0x00000000eab00000, 0x00000000ecc00000, 0x0000000100000000)
  eden space 25600K, 0% used [0x00000000eab00000,0x00000000eab00000,0x00000000ec400000)
  from space 4096K, 0% used [0x00000000ec800000,0x00000000ec800000,0x00000000ecc00000)
  to   space 4096K, 0% used [0x00000000ec400000,0x00000000ec400000,0x00000000ec800000)
 ParOldGen       total 68608K, used 8415K [0x00000000c0000000, 0x00000000c4300000, 0x00000000eab00000)
  object space 68608K, 12% used [0x00000000c0000000,0x00000000c0837c60,0x00000000c4300000)
 Metaspace       used 21119K, committed 21504K, reserved 1073152K
  class space    used 2118K, committed 2304K, reserved 1048576K
}
Event: 7.394 GC heap before
{Heap before GC invocations=6 (full 1):
 PSYoungGen      total 29696K, used 25600K [0x00000000eab00000, 0x00000000ecc00000, 0x0000000100000000)
  eden space 25600K, 100% used [0x00000000eab00000,0x00000000ec400000,0x00000000ec400000)
  from space 4096K, 0% used [0x00000000ec800000,0x00000000ec800000,0x00000000ecc00000)
  to   space 4096K, 0% used [0x00000000ec400000,0x00000000ec400000,0x00000000ec800000)
 ParOldGen       total 68608K, used 8415K [0x00000000c0000000, 0x00000000c4300000, 0x00000000eab00000)
  object space 68608K, 12% used [0x00000000c0000000,0x00000000c0837c60,0x00000000c4300000)
 Metaspace       used 24277K, committed 24896K, reserved 1073152K
  class space    used 2539K, committed 2816K, reserved 1048576K
}
Event: 7.397 GC heap after
{Heap after GC invocations=6 (full 1):
 PSYoungGen      total 27136K, used 1907K [0x00000000eab00000, 0x00000000eca80000, 0x0000000100000000)
  eden space 25088K, 0% used [0x00000000eab00000,0x00000000eab00000,0x00000000ec380000)
  from space 2048K, 93% used [0x00000000ec400000,0x00000000ec5dcdf0,0x00000000ec600000)
  to   space 3584K, 0% used [0x00000000ec700000,0x00000000ec700000,0x00000000eca80000)
 ParOldGen       total 68608K, used 8423K [0x00000000c0000000, 0x00000000c4300000, 0x00000000eab00000)
  object space 68608K, 12% used [0x00000000c0000000,0x00000000c0839c60,0x00000000c4300000)
 Metaspace       used 24277K, committed 24896K, reserved 1073152K
  class space    used 2539K, committed 2816K, reserved 1048576K
}
Event: 7.735 GC heap before
{Heap before GC invocations=7 (full 1):
 PSYoungGen      total 27136K, used 26984K [0x00000000eab00000, 0x00000000eca80000, 0x0000000100000000)
  eden space 25088K, 99% used [0x00000000eab00000,0x00000000ec37d338,0x00000000ec380000)
  from space 2048K, 93% used [0x00000000ec400000,0x00000000ec5dcdf0,0x00000000ec600000)
  to   space 3584K, 0% used [0x00000000ec700000,0x00000000ec700000,0x00000000eca80000)
 ParOldGen       total 68608K, used 8423K [0x00000000c0000000, 0x00000000c4300000, 0x00000000eab00000)
  object space 68608K, 12% used [0x00000000c0000000,0x00000000c0839c60,0x00000000c4300000)
 Metaspace       used 27684K, committed 28352K, reserved 1081344K
  class space    used 2777K, committed 3072K, reserved 1048576K
}
Event: 7.737 GC heap after
{Heap after GC invocations=7 (full 1):
 PSYoungGen      total 27648K, used 2562K [0x00000000eab00000, 0x00000000eca00000, 0x0000000100000000)
  eden space 24576K, 0% used [0x00000000eab00000,0x00000000eab00000,0x00000000ec300000)
  from space 3072K, 83% used [0x00000000ec700000,0x00000000ec9809e0,0x00000000eca00000)
  to   space 3072K, 0% used [0x00000000ec400000,0x00000000ec400000,0x00000000ec700000)
 ParOldGen       total 68608K, used 8423K [0x00000000c0000000, 0x00000000c4300000, 0x00000000eab00000)
  object space 68608K, 12% used [0x00000000c0000000,0x00000000c0839c60,0x00000000c4300000)
 Metaspace       used 27684K, committed 28352K, reserved 1081344K
  class space    used 2777K, committed 3072K, reserved 1048576K
}
Event: 7.981 GC heap before
{Heap before GC invocations=8 (full 1):
 PSYoungGen      total 27648K, used 27138K [0x00000000eab00000, 0x00000000eca00000, 0x0000000100000000)
  eden space 24576K, 100% used [0x00000000eab00000,0x00000000ec300000,0x00000000ec300000)
  from space 3072K, 83% used [0x00000000ec700000,0x00000000ec9809e0,0x00000000eca00000)
  to   space 3072K, 0% used [0x00000000ec400000,0x00000000ec400000,0x00000000ec700000)
 ParOldGen       total 68608K, used 8423K [0x00000000c0000000, 0x00000000c4300000, 0x00000000eab00000)
  object space 68608K, 12% used [0x00000000c0000000,0x00000000c0839c60,0x00000000c4300000)
 Metaspace       used 30606K, committed 31296K, reserved 1081344K
  class space    used 3024K, committed 3328K, reserved 1048576K
}
Event: 7.984 GC heap after
{Heap after GC invocations=8 (full 1):
 PSYoungGen      total 27136K, used 3054K [0x00000000eab00000, 0x00000000ec980000, 0x0000000100000000)
  eden space 24064K, 0% used [0x00000000eab00000,0x00000000eab00000,0x00000000ec280000)
  from space 3072K, 99% used [0x00000000ec400000,0x00000000ec6fb808,0x00000000ec700000)
  to   space 2560K, 0% used [0x00000000ec700000,0x00000000ec700000,0x00000000ec980000)
 ParOldGen       total 68608K, used 8431K [0x00000000c0000000, 0x00000000c4300000, 0x00000000eab00000)
  object space 68608K, 12% used [0x00000000c0000000,0x00000000c083bc60,0x00000000c4300000)
 Metaspace       used 30606K, committed 31296K, reserved 1081344K
  class space    used 3024K, committed 3328K, reserved 1048576K
}

Dll operation events (9 events):
Event: 0.008 Loaded shared library c:\Users\24449\.vscode\extensions\redhat.java-1.16.0-win32-x64\jre\17.0.6-win32-x86_64\bin\java.dll
Event: 0.179 Loaded shared library c:\Users\24449\.vscode\extensions\redhat.java-1.16.0-win32-x64\jre\17.0.6-win32-x86_64\bin\zip.dll
Event: 0.186 Loaded shared library C:\Users\24449\.vscode\extensions\redhat.java-1.16.0-win32-x64\jre\17.0.6-win32-x86_64\bin\instrument.dll
Event: 0.198 Loaded shared library C:\Users\24449\.vscode\extensions\redhat.java-1.16.0-win32-x64\jre\17.0.6-win32-x86_64\bin\net.dll
Event: 0.201 Loaded shared library C:\Users\24449\.vscode\extensions\redhat.java-1.16.0-win32-x64\jre\17.0.6-win32-x86_64\bin\nio.dll
Event: 0.209 Loaded shared library C:\Users\24449\.vscode\extensions\redhat.java-1.16.0-win32-x64\jre\17.0.6-win32-x86_64\bin\zip.dll
Event: 0.224 Loaded shared library C:\Users\24449\.vscode\extensions\redhat.java-1.16.0-win32-x64\jre\17.0.6-win32-x86_64\bin\jimage.dll
Event: 0.285 Loaded shared library c:\Users\24449\.vscode\extensions\redhat.java-1.16.0-win32-x64\jre\17.0.6-win32-x86_64\bin\verify.dll
Event: 3.826 Loaded shared library C:\Users\24449\AppData\Roaming\Code\User\globalStorage\redhat.java\1.16.0\config_win\org.eclipse.equinox.launcher\org.eclipse.equinox.launcher.win32.win32.x86_64_1.2.700.v20221108-1024\eclipse_11801.dll

Deoptimization events (20 events):
Event: 7.997 Thread 0x00000254745f2150 Uncommon trap: trap_request=0xffffff45 fr.pc=0x00000254667b0ed0 relative=0x00000000000000d0
Event: 7.997 Thread 0x00000254745f2150 Uncommon trap: reason=unstable_if action=reinterpret pc=0x00000254667b0ed0 method=java.lang.String.getBytes([BIB)V @ 5 c2
Event: 7.997 Thread 0x00000254745f2150 DEOPT PACKING pc=0x00000254667b0ed0 sp=0x0000007dc49f94a0
Event: 7.997 Thread 0x00000254745f2150 DEOPT UNPACKING pc=0x0000025465fc66a3 sp=0x0000007dc49f9468 mode 2
Event: 8.037 Thread 0x00000254745f2150 Uncommon trap: trap_request=0xffffffc6 fr.pc=0x0000025466746d1c relative=0x00000000000008dc
Event: 8.037 Thread 0x00000254745f2150 Uncommon trap: reason=bimorphic_or_optimized_type_check action=maybe_recompile pc=0x0000025466746d1c method=java.util.HashMap.putVal(ILjava/lang/Object;Ljava/lang/Object;ZZ)Ljava/lang/Object; @ 56 c2
Event: 8.037 Thread 0x00000254745f2150 DEOPT PACKING pc=0x0000025466746d1c sp=0x0000007dc49fdc50
Event: 8.037 Thread 0x00000254745f2150 DEOPT UNPACKING pc=0x0000025465fc66a3 sp=0x0000007dc49fdba8 mode 2
Event: 8.037 Thread 0x00000254745f2150 Uncommon trap: trap_request=0xffffffc6 fr.pc=0x0000025466746d1c relative=0x00000000000008dc
Event: 8.037 Thread 0x00000254745f2150 Uncommon trap: reason=bimorphic_or_optimized_type_check action=maybe_recompile pc=0x0000025466746d1c method=java.util.HashMap.putVal(ILjava/lang/Object;Ljava/lang/Object;ZZ)Ljava/lang/Object; @ 56 c2
Event: 8.037 Thread 0x00000254745f2150 DEOPT PACKING pc=0x0000025466746d1c sp=0x0000007dc49fdc50
Event: 8.037 Thread 0x00000254745f2150 DEOPT UNPACKING pc=0x0000025465fc66a3 sp=0x0000007dc49fdba8 mode 2
Event: 8.037 Thread 0x00000254745f2150 Uncommon trap: trap_request=0xffffffc6 fr.pc=0x0000025466746d1c relative=0x00000000000008dc
Event: 8.037 Thread 0x00000254745f2150 Uncommon trap: reason=bimorphic_or_optimized_type_check action=maybe_recompile pc=0x0000025466746d1c method=java.util.HashMap.putVal(ILjava/lang/Object;Ljava/lang/Object;ZZ)Ljava/lang/Object; @ 56 c2
Event: 8.037 Thread 0x00000254745f2150 DEOPT PACKING pc=0x0000025466746d1c sp=0x0000007dc49fdc50
Event: 8.037 Thread 0x00000254745f2150 DEOPT UNPACKING pc=0x0000025465fc66a3 sp=0x0000007dc49fdba8 mode 2
Event: 8.037 Thread 0x00000254745f2150 Uncommon trap: trap_request=0xffffffc6 fr.pc=0x0000025466746d1c relative=0x00000000000008dc
Event: 8.037 Thread 0x00000254745f2150 Uncommon trap: reason=bimorphic_or_optimized_type_check action=maybe_recompile pc=0x0000025466746d1c method=java.util.HashMap.putVal(ILjava/lang/Object;Ljava/lang/Object;ZZ)Ljava/lang/Object; @ 56 c2
Event: 8.037 Thread 0x00000254745f2150 DEOPT PACKING pc=0x0000025466746d1c sp=0x0000007dc49fdc50
Event: 8.037 Thread 0x00000254745f2150 DEOPT UNPACKING pc=0x0000025465fc66a3 sp=0x0000007dc49fdba8 mode 2

Classes unloaded (7 events):
Event: 4.646 Thread 0x0000025471fd3d60 Unloading class 0x0000000100216400 'java/lang/invoke/LambdaForm$MH+0x0000000100216400'
Event: 4.646 Thread 0x0000025471fd3d60 Unloading class 0x0000000100216000 'java/lang/invoke/LambdaForm$MH+0x0000000100216000'
Event: 4.646 Thread 0x0000025471fd3d60 Unloading class 0x0000000100215c00 'java/lang/invoke/LambdaForm$MH+0x0000000100215c00'
Event: 4.646 Thread 0x0000025471fd3d60 Unloading class 0x0000000100215800 'java/lang/invoke/LambdaForm$MH+0x0000000100215800'
Event: 4.646 Thread 0x0000025471fd3d60 Unloading class 0x0000000100215000 'java/lang/invoke/LambdaForm$BMH+0x0000000100215000'
Event: 4.646 Thread 0x0000025471fd3d60 Unloading class 0x0000000100214c00 'java/lang/invoke/LambdaForm$DMH+0x0000000100214c00'
Event: 4.646 Thread 0x0000025471fd3d60 Unloading class 0x0000000100212000 'java/lang/invoke/LambdaForm$DMH+0x0000000100212000'

Classes redefined (0 events):
No events

Internal exceptions (20 events):
Event: 7.237 Thread 0x00000254745f2150 Exception <a 'java/lang/NoSuchMethodError'{0x00000000ebfb0650}: 'int java.lang.invoke.Invokers$Holder.linkToTargetMethod(java.lang.Object, java.lang.Object)'> (0x00000000ebfb0650) 
thrown [s\src\hotspot\share\interpreter\linkResolver.cpp, line 759]
Event: 7.258 Thread 0x00000254745f2150 Exception <a 'java/lang/NoSuchMethodError'{0x00000000ec03ee68}: 'java.lang.Object java.lang.invoke.DirectMethodHandle$Holder.invokeSpecial(java.lang.Object, java.lang.Object, java.lang.Object, java.lang.Object, java.lang.Object, java.lang.Object, java.lang.Object, java.lang.Object, java.lang.Object, java.lang.Object, java.lang.Object)'> (0x00000000ec03ee68) 
thrown [s\src\hotspot\share\interpreter\linkResolver.cpp, line 759]
Event: 7.259 Thread 0x00000254745f2150 Exception <a 'java/lang/NoSuchMethodError'{0x00000000ec044380}: 'java.lang.Object java.lang.invoke.Invokers$Holder.invoke_MT(java.lang.Object, java.lang.Object, java.lang.Object, java.lang.Object, java.lang.Object, java.lang.Object, java.lang.Object, java.lang.Object, java.lang.Object, java.lang.Object, java.lang.Object)'> (0x00000000ec044380) 
thrown [s\src\hotspot\share\interpreter\linkResolver.cpp, line 759]
Event: 7.282 Thread 0x00000254745f2150 Exception <a 'java/lang/NoSuchMethodError'{0x00000000ec0d1fb0}: 'java.lang.Object java.lang.invoke.DirectMethodHandle$Holder.invokeSpecial(java.lang.Object, java.lang.Object, java.lang.Object, java.lang.Object, java.lang.Object, java.lang.Object, java.lang.Object, java.lang.Object, java.lang.Object, java.lang.Object)'> (0x00000000ec0d1fb0) 
thrown [s\src\hotspot\share\interpreter\linkResolver.cpp, line 759]
Event: 7.285 Thread 0x00000254745f2150 Exception <a 'java/lang/NoSuchMethodError'{0x00000000ec0d7200}: 'java.lang.Object java.lang.invoke.Invokers$Holder.invoke_MT(java.lang.Object, java.lang.Object, java.lang.Object, java.lang.Object, java.lang.Object, java.lang.Object, java.lang.Object, java.lang.Object, java.lang.Object, java.lang.Object)'> (0x00000000ec0d7200) 
thrown [s\src\hotspot\share\interpreter\linkResolver.cpp, line 759]
Event: 7.305 Thread 0x00000254745f2150 Exception <a 'java/lang/NoSuchMethodError'{0x00000000ec166eb0}: 'java.lang.Object java.lang.invoke.DirectMethodHandle$Holder.newInvokeSpecial(java.lang.Object, java.lang.Object, java.lang.Object, java.lang.Object, java.lang.Object, java.lang.Object, java.lang.Object)'> (0x00000000ec166eb0) 
thrown [s\src\hotspot\share\interpreter\linkResolver.cpp, line 759]
Event: 7.324 Thread 0x00000254745f2150 Exception <a 'java/lang/NoSuchMethodError'{0x00000000ec1d76a0}: 'java.lang.Object java.lang.invoke.DirectMethodHandle$Holder.invokeSpecial(java.lang.Object, java.lang.Object, java.lang.Object, java.lang.Object, java.lang.Object, java.lang.Object, java.lang.Object, java.lang.Object, java.lang.Object, java.lang.Object, java.lang.Object, java.lang.Object, java.lang.Object)'> (0x00000000ec1d76a0) 
thrown [s\src\hotspot\share\interpreter\linkResolver.cpp, line 759]
Event: 7.324 Thread 0x00000254745f2150 Exception <a 'java/lang/NoSuchMethodError'{0x00000000ec1dd1d0}: 'java.lang.Object java.lang.invoke.Invokers$Holder.invoker(java.lang.Object, java.lang.Object, java.lang.Object, java.lang.Object, java.lang.Object, java.lang.Object, java.lang.Object, java.lang.Object, java.lang.Object, java.lang.Object, java.lang.Object, java.lang.Object, java.lang.Object)'> (0x00000000ec1dd1d0) 
thrown [s\src\hotspot\share\interpreter\linkResolver.cpp, line 759]
Event: 7.325 Thread 0x00000254745f2150 Exception <a 'java/lang/NoSuchMethodError'{0x00000000ec1e3ed0}: 'java.lang.Object java.lang.invoke.DirectMethodHandle$Holder.invokeSpecial(java.lang.Object, java.lang.Object, java.lang.Object, java.lang.Object, java.lang.Object, java.lang.Object, java.lang.Object, java.lang.Object, java.lang.Object, java.lang.Object, java.lang.Object, java.lang.Object, java.lang.Object, java.lang.Object)'> (0x00000000ec1e3ed0) 
thrown [s\src\hotspot\share\interpreter\linkResolver.cpp, line 759]
Event: 7.334 Thread 0x00000254745f2150 Exception <a 'java/lang/NoSuchMethodError'{0x00000000ec243b58}: static Lorg/eclipse/m2e/core/internal/lifecyclemapping/model/PluginExecutionMetadata;.<clinit>()V> (0x00000000ec243b58) 
thrown [s\src\hotspot\share\prims\jni.cpp, line 1107]
Event: 7.345 Thread 0x00000254745f2150 Exception <a 'java/lang/NoSuchMethodError'{0x00000000ec29ae48}: static Lorg/eclipse/m2e/core/internal/lifecyclemapping/model/PluginExecutionFilter;.<clinit>()V> (0x00000000ec29ae48) 
thrown [s\src\hotspot\share\prims\jni.cpp, line 1107]
Event: 7.356 Thread 0x00000254745f2150 Exception <a 'java/lang/NoSuchMethodError'{0x00000000ec2cf300}: static Lorg/eclipse/m2e/core/internal/project/registry/MavenProjectFacade$MavenProjectConfiguration;.<clinit>()V> (0x00000000ec2cf300) 
thrown [s\src\hotspot\share\prims\jni.cpp, line 1107]
Event: 7.421 Thread 0x0000025474ac0f70 Exception <a 'java/io/FileNotFoundException'{0x00000000eac463d0}> (0x00000000eac463d0) 
thrown [s\src\hotspot\share\prims\jni.cpp, line 516]
Event: 7.974 Thread 0x00000254745f2150 Exception <a 'java/lang/ClassNotFoundException'{0x00000000ec28f818}: com/sun/org/apache/xerces/internal/impl/msg/spi/DOMMessagesProvider> (0x00000000ec28f818) 
thrown [s\src\hotspot\share\classfile\systemDictionary.cpp, line 256]
Event: 7.979 Thread 0x00000254745f2150 Exception <a 'java/lang/ClassNotFoundException'{0x00000000ec2bc708}: com/sun/org/apache/xerces/internal/impl/msg/spi/XMLSerializerMessagesProvider> (0x00000000ec2bc708) 
thrown [s\src\hotspot\share\classfile\systemDictionary.cpp, line 256]
Event: 7.981 Thread 0x00000254745f2150 Exception <a 'java/lang/ClassNotFoundException'{0x00000000ec2d7c58}: com/sun/org/apache/xerces/internal/impl/msg/spi/XMLMessagesProvider> (0x00000000ec2d7c58) 
thrown [s\src\hotspot\share\classfile\systemDictionary.cpp, line 256]
Event: 8.025 Thread 0x00000254745f2150 Exception <a 'java/lang/NoSuchMethodError'{0x00000000eabfc6e8}: 'void java.lang.invoke.DirectMethodHandle$Holder.invokeVirtual(java.lang.Object, java.lang.Object)'> (0x00000000eabfc6e8) 
thrown [s\src\hotspot\share\interpreter\linkResolver.cpp, line 759]
Event: 8.051 Thread 0x00000254745f2150 Exception <a 'java/lang/NoSuchMethodError'{0x00000000ead66778}: 'java.lang.Object java.lang.invoke.DirectMethodHandle$Holder.invokeStaticInit(java.lang.Object, int, int, int, int)'> (0x00000000ead66778) 
thrown [s\src\hotspot\share\interpreter\linkResolver.cpp, line 759]
Event: 8.101 Thread 0x00000254745f2150 Exception <a 'java/lang/NoSuchMethodError'{0x00000000eae4a640}: 'java.lang.Object java.lang.invoke.DirectMethodHandle$Holder.invokeStaticInit(java.lang.Object, java.lang.Object, int, int, int, int)'> (0x00000000eae4a640) 
thrown [s\src\hotspot\share\interpreter\linkResolver.cpp, line 759]
Event: 8.188 Thread 0x00000254745f2150 Exception <a 'java/lang/ClassNotFoundException'{0x00000000eb174858}: com/sun/org/apache/xml/internal/serializer/spi/XMLEntitiesProvider> (0x00000000eb174858) 
thrown [s\src\hotspot\share\classfile\systemDictionary.cpp, line 256]

VM Operations (20 events):
Event: 4.715 Executing VM operation: HandshakeAllThreads
Event: 4.715 Executing VM operation: HandshakeAllThreads done
Event: 5.718 Executing VM operation: Cleanup
Event: 5.718 Executing VM operation: Cleanup done
Event: 7.181 Executing VM operation: HandshakeAllThreads
Event: 7.181 Executing VM operation: HandshakeAllThreads done
Event: 7.181 Executing VM operation: Cleanup
Event: 7.181 Executing VM operation: Cleanup done
Event: 7.394 Executing VM operation: ParallelGCFailedAllocation
Event: 7.397 Executing VM operation: ParallelGCFailedAllocation done
Event: 7.735 Executing VM operation: ParallelGCFailedAllocation
Event: 7.737 Executing VM operation: ParallelGCFailedAllocation done
Event: 7.981 Executing VM operation: ParallelGCFailedAllocation
Event: 7.984 Executing VM operation: ParallelGCFailedAllocation done
Event: 8.036 Executing VM operation: HandshakeAllThreads
Event: 8.036 Executing VM operation: HandshakeAllThreads done
Event: 8.095 Executing VM operation: HandshakeAllThreads
Event: 8.095 Executing VM operation: HandshakeAllThreads done
Event: 8.201 Executing VM operation: HandshakeAllThreads
Event: 8.201 Executing VM operation: HandshakeAllThreads done

Events (20 events):
Event: 8.235 loading class sun/nio/cs/MS1252 done
Event: 8.236 loading class sun/nio/cs/MS1250
Event: 8.237 loading class sun/nio/cs/MS1250 done
Event: 8.238 loading class sun/nio/cs/ISO_8859_2
Event: 8.238 loading class sun/nio/cs/ISO_8859_2 done
Event: 8.244 loading class sun/nio/cs/ISO_8859_4
Event: 8.244 loading class sun/nio/cs/ISO_8859_4 done
Event: 8.244 loading class sun/nio/cs/ISO_8859_5
Event: 8.244 loading class sun/nio/cs/ISO_8859_5 done
Event: 8.245 loading class sun/nio/cs/ISO_8859_9
Event: 8.245 loading class sun/nio/cs/ISO_8859_9 done
Event: 8.246 loading class sun/nio/cs/ISO_8859_7
Event: 8.246 loading class sun/nio/cs/ISO_8859_7 done
Event: 8.246 loading class sun/nio/cs/IBM850
Event: 8.247 loading class sun/nio/cs/IBM850 done
Event: 8.248 loading class sun/nio/cs/SJIS
Event: 8.249 loading class sun/nio/cs/SJIS done
Event: 8.251 Thread 0x0000025474decb70 Thread added: 0x0000025474decb70
Event: 8.260 loading class sun/nio/cs/KOI8_R
Event: 8.261 loading class sun/nio/cs/KOI8_R done


Dynamic libraries:
0x00007ff690a00000 - 0x00007ff690a0e000 	c:\Users\24449\.vscode\extensions\redhat.java-1.16.0-win32-x64\jre\17.0.6-win32-x86_64\bin\java.exe
0x00007ffd14810000 - 0x00007ffd14a08000 	C:\windows\SYSTEM32\ntdll.dll
0x00007ffd13690000 - 0x00007ffd1374f000 	C:\windows\System32\KERNEL32.DLL
0x00007ffd121b0000 - 0x00007ffd12482000 	C:\windows\System32\KERNELBASE.dll
0x00007ffd125f0000 - 0x00007ffd126f0000 	C:\windows\System32\ucrtbase.dll
0x00007ffce8f60000 - 0x00007ffce8f77000 	c:\Users\24449\.vscode\extensions\redhat.java-1.16.0-win32-x64\jre\17.0.6-win32-x86_64\bin\jli.dll
0x00007ffce9450000 - 0x00007ffce9469000 	c:\Users\24449\.vscode\extensions\redhat.java-1.16.0-win32-x64\jre\17.0.6-win32-x86_64\bin\VCRUNTIME140.dll
0x00007ffd12b60000 - 0x00007ffd12d01000 	C:\windows\System32\USER32.dll
0x00007ffd12050000 - 0x00007ffd12072000 	C:\windows\System32\win32u.dll
0x00007ffcfceb0000 - 0x00007ffcfd14a000 	C:\windows\WinSxS\amd64_microsoft.windows.common-controls_6595b64144ccf1df_6.0.19041.1110_none_60b5254171f9507e\COMCTL32.dll
0x00007ffd12d10000 - 0x00007ffd12d3b000 	C:\windows\System32\GDI32.dll
0x00007ffd133e0000 - 0x00007ffd1347e000 	C:\windows\System32\msvcrt.dll
0x00007ffd11f40000 - 0x00007ffd1204f000 	C:\windows\System32\gdi32full.dll
0x00007ffd12080000 - 0x00007ffd1211d000 	C:\windows\System32\msvcp_win.dll
0x00007ffd12b30000 - 0x00007ffd12b60000 	C:\windows\System32\IMM32.DLL
0x00007ffcf3e20000 - 0x00007ffcf3e2c000 	c:\Users\24449\.vscode\extensions\redhat.java-1.16.0-win32-x64\jre\17.0.6-win32-x86_64\bin\vcruntime140_1.dll
0x00007ffcce1f0000 - 0x00007ffcce281000 	c:\Users\24449\.vscode\extensions\redhat.java-1.16.0-win32-x64\jre\17.0.6-win32-x86_64\bin\msvcp140.dll
0x00007ffc6a2b0000 - 0x00007ffc6aef7000 	c:\Users\24449\.vscode\extensions\redhat.java-1.16.0-win32-x64\jre\17.0.6-win32-x86_64\bin\server\jvm.dll
0x00007ffd13540000 - 0x00007ffd135ee000 	C:\windows\System32\ADVAPI32.dll
0x00007ffd135f0000 - 0x00007ffd1368c000 	C:\windows\System32\sechost.dll
0x00007ffd12860000 - 0x00007ffd12984000 	C:\windows\System32\RPCRT4.dll
0x00007ffccd580000 - 0x00007ffccd589000 	C:\windows\SYSTEM32\WSOCK32.dll
0x00007ffd08310000 - 0x00007ffd08337000 	C:\windows\SYSTEM32\WINMM.dll
0x00007ffd12dc0000 - 0x00007ffd12e2b000 	C:\windows\System32\WS2_32.dll
0x00007ffd10c30000 - 0x00007ffd10c3a000 	C:\windows\SYSTEM32\VERSION.dll
0x00007ffd10610000 - 0x00007ffd10622000 	C:\windows\SYSTEM32\kernel.appcore.dll
0x00007ffcf19b0000 - 0x00007ffcf19ba000 	c:\Users\24449\.vscode\extensions\redhat.java-1.16.0-win32-x64\jre\17.0.6-win32-x86_64\bin\jimage.dll
0x00007ffd10210000 - 0x00007ffd103f4000 	C:\windows\SYSTEM32\DBGHELP.DLL
0x00007ffcf73d0000 - 0x00007ffcf7405000 	C:\windows\SYSTEM32\dbgcore.DLL
0x00007ffd12120000 - 0x00007ffd121a2000 	C:\windows\System32\bcryptPrimitives.dll
0x00007ffcf01f0000 - 0x00007ffcf01fe000 	c:\Users\24449\.vscode\extensions\redhat.java-1.16.0-win32-x64\jre\17.0.6-win32-x86_64\bin\instrument.dll
0x00007ffcdf670000 - 0x00007ffcdf695000 	c:\Users\24449\.vscode\extensions\redhat.java-1.16.0-win32-x64\jre\17.0.6-win32-x86_64\bin\java.dll
0x00007ffce1310000 - 0x00007ffce1328000 	c:\Users\24449\.vscode\extensions\redhat.java-1.16.0-win32-x64\jre\17.0.6-win32-x86_64\bin\zip.dll
0x00007ffd13750000 - 0x00007ffd13e95000 	C:\windows\System32\SHELL32.dll
0x00007ffd0f9a0000 - 0x00007ffd10132000 	C:\windows\SYSTEM32\windows.storage.dll
0x00007ffd12f60000 - 0x00007ffd132b5000 	C:\windows\System32\combase.dll
0x00007ffd11970000 - 0x00007ffd119a0000 	C:\windows\SYSTEM32\Wldp.dll
0x00007ffd13f00000 - 0x00007ffd13fad000 	C:\windows\System32\SHCORE.dll
0x00007ffd12ad0000 - 0x00007ffd12b25000 	C:\windows\System32\shlwapi.dll
0x00007ffd11e50000 - 0x00007ffd11e6f000 	C:\windows\SYSTEM32\profapi.dll
0x00007ffce1210000 - 0x00007ffce1229000 	C:\Users\24449\.vscode\extensions\redhat.java-1.16.0-win32-x64\jre\17.0.6-win32-x86_64\bin\net.dll
0x00007ffd0c540000 - 0x00007ffd0c64a000 	C:\windows\SYSTEM32\WINHTTP.dll
0x00007ffd116d0000 - 0x00007ffd1173a000 	C:\windows\system32\mswsock.dll
0x00007ffce0cb0000 - 0x00007ffce0cc5000 	C:\Users\24449\.vscode\extensions\redhat.java-1.16.0-win32-x64\jre\17.0.6-win32-x86_64\bin\nio.dll
0x00007ffcefea0000 - 0x00007ffcefeb0000 	c:\Users\24449\.vscode\extensions\redhat.java-1.16.0-win32-x64\jre\17.0.6-win32-x86_64\bin\verify.dll
0x00007ffcde5d0000 - 0x00007ffcde60e000 	C:\Users\24449\AppData\Roaming\Code\User\globalStorage\redhat.java\1.16.0\config_win\org.eclipse.equinox.launcher\org.eclipse.equinox.launcher.win32.win32.x86_64_1.2.700.v20221108-1024\eclipse_11801.dll
0x00007ffd12e30000 - 0x00007ffd12f5a000 	C:\windows\System32\ole32.dll
0x00007ffd118c0000 - 0x00007ffd118d8000 	C:\windows\SYSTEM32\CRYPTSP.dll
0x00007ffd10f80000 - 0x00007ffd10fb4000 	C:\windows\system32\rsaenh.dll
0x00007ffd11f10000 - 0x00007ffd11f37000 	C:\windows\System32\bcrypt.dll
0x00007ffd11dd0000 - 0x00007ffd11dfe000 	C:\windows\SYSTEM32\USERENV.dll
0x00007ffd118e0000 - 0x00007ffd118ec000 	C:\windows\SYSTEM32\CRYPTBASE.dll
0x00007ffd11370000 - 0x00007ffd113ab000 	C:\windows\SYSTEM32\IPHLPAPI.DLL
0x00007ffd14160000 - 0x00007ffd14168000 	C:\windows\System32\NSI.dll
0x00007ffd0a3e0000 - 0x00007ffd0a3f7000 	C:\windows\SYSTEM32\dhcpcsvc6.DLL
0x00007ffd0a6d0000 - 0x00007ffd0a6ed000 	C:\windows\SYSTEM32\dhcpcsvc.DLL
0x00007ffd113c0000 - 0x00007ffd1148b000 	C:\windows\SYSTEM32\DNSAPI.dll

dbghelp: loaded successfully - version: 4.0.5 - missing functions: none
symbol engine: initialized successfully - sym options: 0x614 - pdb path: .;c:\Users\24449\.vscode\extensions\redhat.java-1.16.0-win32-x64\jre\17.0.6-win32-x86_64\bin;C:\windows\SYSTEM32;C:\windows\WinSxS\amd64_microsoft.windows.common-controls_6595b64144ccf1df_6.0.19041.1110_none_60b5254171f9507e;c:\Users\24449\.vscode\extensions\redhat.java-1.16.0-win32-x64\jre\17.0.6-win32-x86_64\bin\server;C:\Users\24449\AppData\Roaming\Code\User\globalStorage\redhat.java\1.16.0\config_win\org.eclipse.equinox.launcher\org.eclipse.equinox.launcher.win32.win32.x86_64_1.2.700.v20221108-1024

VM Arguments:
jvm_args: --add-modules=ALL-SYSTEM --add-opens=java.base/java.util=ALL-UNNAMED --add-opens=java.base/java.lang=ALL-UNNAMED --add-opens=java.base/sun.nio.fs=ALL-UNNAMED -Declipse.application=org.eclipse.jdt.ls.core.id1 -Dosgi.bundles.defaultStartLevel=4 -Declipse.product=org.eclipse.jdt.ls.core.product -Djava.import.generatesMetadataFilesAtProjectRoot=false -Dfile.encoding=utf8 -XX:+UseParallelGC -XX:GCTimeRatio=4 -XX:AdaptiveSizePolicyWeight=90 -Dsun.zip.disableMemoryMapping=true -Xmx1G -Xms100m -Xlog:disable -javaagent:c:\Users\24449\.vscode\extensions\redhat.java-1.16.0-win32-x64\lombok\lombok-1.18.24.jar -XX:+HeapDumpOnOutOfMemoryError -XX:HeapDumpPath=c:\Users\24449\AppData\Roaming\Code\User\workspaceStorage\76fc48e359c1731fdab3da0544fc0785\redhat.java 
java_command: c:\Users\24449\.vscode\extensions\redhat.java-1.16.0-win32-x64\server\plugins\org.eclipse.equinox.launcher_1.6.400.v20210924-0641.jar -configuration c:\Users\24449\AppData\Roaming\Code\User\globalStorage\redhat.java\1.16.0\config_win -data c:\Users\24449\AppData\Roaming\Code\User\workspaceStorage\76fc48e359c1731fdab3da0544fc0785\redhat.java\jdt_ws
java_class_path (initial): c:\Users\24449\.vscode\extensions\redhat.java-1.16.0-win32-x64\server\plugins\org.eclipse.equinox.launcher_1.6.400.v20210924-0641.jar
Launcher Type: SUN_STANDARD

[Global flags]
    uintx AdaptiveSizePolicyWeight                 = 90                                        {product} {command line}
     intx CICompilerCount                          = 12                                        {product} {ergonomic}
    uintx GCTimeRatio                              = 4                                         {product} {command line}
     bool HeapDumpOnOutOfMemoryError               = true                                   {manageable} {command line}
    ccstr HeapDumpPath                             = c:\Users\24449\AppData\Roaming\Code\User\workspaceStorage\76fc48e359c1731fdab3da0544fc0785\redhat.java         {manageable} {command line}
   size_t InitialHeapSize                          = 104857600                                 {product} {command line}
   size_t MaxHeapSize                              = 1073741824                                {product} {command line}
   size_t MaxNewSize                               = 357564416                                 {product} {ergonomic}
   size_t MinHeapDeltaBytes                        = 524288                                    {product} {ergonomic}
   size_t MinHeapSize                              = 104857600                                 {product} {command line}
   size_t NewSize                                  = 34603008                                  {product} {ergonomic}
    uintx NonNMethodCodeHeapSize                   = 7602480                                {pd product} {ergonomic}
    uintx NonProfiledCodeHeapSize                  = 122027880                              {pd product} {ergonomic}
   size_t OldSize                                  = 70254592                                  {product} {ergonomic}
    uintx ProfiledCodeHeapSize                     = 122027880                              {pd product} {ergonomic}
    uintx ReservedCodeCacheSize                    = 251658240                              {pd product} {ergonomic}
     bool SegmentedCodeCache                       = true                                      {product} {ergonomic}
   size_t SoftMaxHeapSize                          = 1073741824                             {manageable} {ergonomic}
     bool UseCompressedClassPointers               = true                           {product lp64_product} {ergonomic}
     bool UseCompressedOops                        = true                           {product lp64_product} {ergonomic}
     bool UseLargePagesIndividualAllocation        = false                                  {pd product} {ergonomic}
     bool UseParallelGC                            = true                                      {product} {command line}

Logging:
Log output configuration:
 #0: stdout all=off uptime,level,tags
 #1: stderr all=off uptime,level,tags

Environment Variables:
JAVA_HOME=D:\Java\jdk-17
CLASSPATH=.;D:\Java\jdk-17\lib;D:\Java\jdk-17\lib\dt.jar;D:\Java\jdk-17\lib\tools.jar;E:\JavaProjects\configuration_and_scheduling_of_MRFL;
PATH=D:\gurobi952\win64\bin;C:\Program Files\Common Files\Oracle\Java\javapath;D:\Python39\Scripts\;D:\Python39\;C:\windows\system32;C:\windows;C:\windows\System32\Wbem;C:\windows\System32\WindowsPowerShell\v1.0\;C:\windows\System32\OpenSSH\;D:\MATLAB R2019b\runtime\win64;D:\MATLAB R2019b\bin;D:\MATLAB R2019b\polyspace\bin;D:\IBM\SPSS 25\JRE\bin;D:\Git\cmd;D:\Git\bin;D:\Git\mingw64\libexec\git-core;D:\Prince\engine\bin;C:\Program Files\dotnet\;D:\Java\jdk-17\bin;D:\Java\jdk-17\jre\bin;D:\texlive\2021\bin\win32;D:\CTEX\UserData\miktex\bin;D:\CTEX\MiKTeX\miktex\bin;D:\CTEX\CTeX\ctex\bin;D:\CTEX\CTeX\cct\bin;D:\CTEX\CTeX\ty\bin;D:\CTEX\Ghostscript\gs9.05\bin;D:\CTEX\GSview\gsview;D:\CTEX\WinEdt;D:\apache-maven-3.8.6-bin\apache-maven-3.8.6\bin;C:\Users\24449\AppData\Local\Microsoft\WindowsApps;;D:\JetBrains\PyCharm 2021.1.1\bin;D:\Microsoft VS Code\bin;C:\Users\24449\.dotnet\tools
USERNAME=24449
OS=Windows_NT
PROCESSOR_IDENTIFIER=AMD64 Family 23 Model 96 Stepping 1, AuthenticAMD
TMP=C:\Users\24449\AppData\Local\Temp
TEMP=C:\Users\24449\AppData\Local\Temp



---------------  S Y S T E M  ---------------

OS:
 Windows 10 , 64 bit Build 19041 (10.0.19041.2546)
OS uptime: 11 days 22:48 hours

CPU: total 16 (initial active 16) (16 cores per cpu, 2 threads per core) family 23 model 96 stepping 1 microcode 0x0, cx8, cmov, fxsr, ht, mmx, 3dnowpref, sse, sse2, sse3, ssse3, sse4a, sse4.1, sse4.2, popcnt, lzcnt, tsc, tscinvbit, avx, avx2, aes, clmul, bmi1, bmi2, adx, sha, fma, vzeroupper, clflush, clflushopt

Memory: 4k page, system-wide physical 15697M (6445M free)
TotalPageFile size 17873M (AvailPageFile size 5M)
current process WorkingSet (physical memory assigned to process): 150M, peak: 151M
current process commit charge ("private bytes"): 271M, peak: 273M

vm_info: OpenJDK 64-Bit Server VM (17.0.6+10) for windows-amd64 JRE (17.0.6+10), built on Jan 18 2023 10:08:59 by "temurin" with MS VC++ 16.7 (VS2019)

END.
