#
# There is insufficient memory for the Java Runtime Environment to continue.
# Native memory allocation (malloc) failed to allocate 242176 bytes for Chunk::new
# Possible reasons:
#   The system is out of physical RAM or swap space
#   The process is running with CompressedOops enabled, and the Java Heap may be blocking the growth of the native heap
# Possible solutions:
#   Reduce memory load on the system
#   Increase physical memory or swap space
#   Check if swap backing store is full
#   Decrease Java heap size (-Xmx/-Xms)
#   Decrease number of Java threads
#   Decrease Java thread stack sizes (-Xss)
#   Set larger code cache with -XX:ReservedCodeCacheSize=
#   JVM is running with Unscaled Compressed Oops mode in which the Java heap is
#     placed in the first 4GB address space. The Java Heap base address is the
#     maximum limit for the native heap growth. Please use -XX:HeapBaseMinAddress
#     to set the Java Heap base and to place the Java Heap above 4GB virtual address.
# This output file may be truncated or incomplete.
#
#  Out of Memory Error (arena.cpp:189), pid=8700, tid=22088
#
# JRE version: OpenJDK Runtime Environment Temurin-17.0.6+10 (17.0.6+10) (build 17.0.6+10)
# Java VM: OpenJDK 64-Bit Server VM Temurin-17.0.6+10 (17.0.6+10, mixed mode, tiered, compressed oops, compressed class ptrs, parallel gc, windows-amd64)
# No core dump will be written. Minidumps are not enabled by default on client versions of Windows
#

---------------  S U M M A R Y ------------

Command Line: --add-modules=ALL-SYSTEM --add-opens=java.base/java.util=ALL-UNNAMED --add-opens=java.base/java.lang=ALL-UNNAMED --add-opens=java.base/sun.nio.fs=ALL-UNNAMED -Declipse.application=org.eclipse.jdt.ls.core.id1 -Dosgi.bundles.defaultStartLevel=4 -Declipse.product=org.eclipse.jdt.ls.core.product -Djava.import.generatesMetadataFilesAtProjectRoot=false -Dfile.encoding=utf8 -XX:+UseParallelGC -XX:GCTimeRatio=4 -XX:AdaptiveSizePolicyWeight=90 -Dsun.zip.disableMemoryMapping=true -Xmx1G -Xms100m -Xlog:disable -javaagent:c:\Users\24449\.vscode\extensions\redhat.java-1.16.0-win32-x64\lombok\lombok-1.18.24.jar c:\Users\24449\.vscode\extensions\redhat.java-1.16.0-win32-x64\server\plugins\org.eclipse.equinox.launcher_1.6.400.v20210924-0641.jar -configuration c:\Users\24449\AppData\Roaming\Code\User\globalStorage\redhat.java\1.16.0\config_ss_win -data c:\Users\24449\AppData\Roaming\Code\User\workspaceStorage\76fc48e359c1731fdab3da0544fc0785\redhat.java\ss_ws

Host: AMD Ryzen 7 PRO 4750U with Radeon Graphics, 16 cores, 15G,  Windows 10 , 64 bit Build 19041 (10.0.19041.2546)
Time: Tue Apr  4 15:23:46 2023  Windows 10 , 64 bit Build 19041 (10.0.19041.2546) elapsed time: 0.365870 seconds (0d 0h 0m 0s)

---------------  T H R E A D  ---------------

Current thread (0x0000022861fcd650):  JavaThread "C2 CompilerThread0" daemon [_thread_in_native, id=22088, stack(0x00000069c8000000,0x00000069c8100000)]


Current CompileTask:
C2:    365  565       4       lombok.patcher.PatchScript::classMatches (41 bytes)

Stack: [0x00000069c8000000,0x00000069c8100000]
Native frames: (J=compiled Java code, j=interpreted, Vv=VM code, C=native code)
V  [jvm.dll+0x67741a]
V  [jvm.dll+0x834434]
V  [jvm.dll+0x835bde]
V  [jvm.dll+0x836243]
V  [jvm.dll+0x2457b5]
V  [jvm.dll+0xabafc]
V  [jvm.dll+0xac0cc]
V  [jvm.dll+0x2ac94f]
V  [jvm.dll+0x57de47]
V  [jvm.dll+0x220812]
V  [jvm.dll+0x220bef]
V  [jvm.dll+0x21a445]
V  [jvm.dll+0x21790b]
V  [jvm.dll+0x1a3d0d]
V  [jvm.dll+0x22742a]
V  [jvm.dll+0x225565]
V  [jvm.dll+0x7ea2cb]
V  [jvm.dll+0x7e483a]
V  [jvm.dll+0x6762c5]
C  [ucrtbase.dll+0x21bb2]
C  [KERNEL32.DLL+0x17614]
C  [ntdll.dll+0x526a1]


---------------  P R O C E S S  ---------------

Threads class SMR info:
_java_thread_list=0x000002286415a300, length=19, elements={
0x000002284c5bf760, 0x0000022860446620, 0x0000022860448dd0, 0x0000022861ff4130,
0x0000022861ff4eb0, 0x0000022861fc8820, 0x0000022861fca9f0, 0x0000022861fcd650,
0x0000022861ffe6b0, 0x0000022862007b90, 0x00000228602d1400, 0x0000022862184720,
0x00000228621851c0, 0x00000228621dbcb0, 0x00000228621f49b0, 0x00000228622d71d0,
0x0000022863e3e3f0, 0x0000022864302990, 0x000002286437d280
}

Java Threads: ( => current thread )
  0x000002284c5bf760 JavaThread "main" [_thread_in_vm, id=23260, stack(0x00000069c7700000,0x00000069c7800000)]
  0x0000022860446620 JavaThread "Reference Handler" daemon [_thread_blocked, id=21264, stack(0x00000069c7a00000,0x00000069c7b00000)]
  0x0000022860448dd0 JavaThread "Finalizer" daemon [_thread_blocked, id=13360, stack(0x00000069c7b00000,0x00000069c7c00000)]
  0x0000022861ff4130 JavaThread "Signal Dispatcher" daemon [_thread_blocked, id=16232, stack(0x00000069c7c00000,0x00000069c7d00000)]
  0x0000022861ff4eb0 JavaThread "Attach Listener" daemon [_thread_blocked, id=28512, stack(0x00000069c7d00000,0x00000069c7e00000)]
  0x0000022861fc8820 JavaThread "Service Thread" daemon [_thread_blocked, id=4756, stack(0x00000069c7e00000,0x00000069c7f00000)]
  0x0000022861fca9f0 JavaThread "Monitor Deflation Thread" daemon [_thread_blocked, id=14592, stack(0x00000069c7f00000,0x00000069c8000000)]
=>0x0000022861fcd650 JavaThread "C2 CompilerThread0" daemon [_thread_in_native, id=22088, stack(0x00000069c8000000,0x00000069c8100000)]
  0x0000022861ffe6b0 JavaThread "C1 CompilerThread0" daemon [_thread_in_native, id=14864, stack(0x00000069c8100000,0x00000069c8200000)]
  0x0000022862007b90 JavaThread "Sweeper thread" daemon [_thread_blocked, id=264, stack(0x00000069c8200000,0x00000069c8300000)]
  0x00000228602d1400 JavaThread "Common-Cleaner" daemon [_thread_blocked, id=25156, stack(0x00000069c8300000,0x00000069c8400000)]
  0x0000022862184720 JavaThread "C1 CompilerThread1" daemon [_thread_blocked, id=25664, stack(0x00000069c8400000,0x00000069c8500000)]
  0x00000228621851c0 JavaThread "C1 CompilerThread2" daemon [_thread_blocked, id=20228, stack(0x00000069c8500000,0x00000069c8600000)]
  0x00000228621dbcb0 JavaThread "C2 CompilerThread1" daemon [_thread_in_native, id=11540, stack(0x00000069c8600000,0x00000069c8700000)]
  0x00000228621f49b0 JavaThread "C2 CompilerThread2" daemon [_thread_in_native, id=7284, stack(0x00000069c8700000,0x00000069c8800000)]
  0x00000228622d71d0 JavaThread "C1 CompilerThread3" daemon [_thread_blocked, id=20952, stack(0x00000069c8800000,0x00000069c8900000)]
  0x0000022863e3e3f0 JavaThread "Notification Thread" daemon [_thread_blocked, id=1804, stack(0x00000069c8900000,0x00000069c8a00000)]
  0x0000022864302990 JavaThread "C2 CompilerThread3" daemon [_thread_in_native, id=28276, stack(0x00000069c8b00000,0x00000069c8c00000)]
  0x000002286437d280 JavaThread "C2 CompilerThread4" daemon [_thread_in_native, id=9888, stack(0x00000069c8c00000,0x00000069c8d00000)]

Other Threads:
  0x0000022861fa3d60 VMThread "VM Thread" [stack: 0x00000069c7900000,0x00000069c7a00000] [id=28652]
  0x00000228622ded00 WatcherThread [stack: 0x00000069c8a00000,0x00000069c8b00000] [id=25964]
  0x000002284c5d7a60 GCTaskThread "GC Thread#0" [stack: 0x00000069c7800000,0x00000069c7900000] [id=7984]

Threads with active compile tasks:
C2 CompilerThread0      378  565       4       lombok.patcher.PatchScript::classMatches (41 bytes)
C1 CompilerThread0      378  613 %     3       java.util.Properties$LineReader::readLine @ 224 (584 bytes)
C2 CompilerThread1      378  564       4       lombok.patcher.scripts.MethodLevelPatchScript::patch (21 bytes)
C2 CompilerThread2      378  603       4       java.lang.String::substring (58 bytes)
C2 CompilerThread3      378  587       4       java.util.Collections$UnmodifiableCollection$1::<init> (26 bytes)
C2 CompilerThread4      378  589       4       lombok.patcher.MethodTarget::typeMatches (14 bytes)

VM state: not at safepoint (normal execution)

VM Mutex/Monitor currently owned by a thread: None

Heap address: 0x00000000c0000000, size: 1024 MB, Compressed Oops mode: 32-bit

CDS archive(s) not mapped
Compressed class space mapped at: 0x0000000100000000-0x0000000140000000, reserved size: 1073741824
Narrow klass base: 0x0000000000000000, Narrow klass shift: 3, Narrow klass range: 0x140000000

GC Precious Log:
 CPUs: 16 total, 16 available
 Memory: 15697M
 Large Page Support: Disabled
 NUMA Support: Disabled
 Compressed Oops: Enabled (32-bit)
 Alignments: Space 512K, Generation 512K, Heap 2M
 Heap Min Capacity: 100M
 Heap Initial Capacity: 100M
 Heap Max Capacity: 1G
 Pre-touch: Disabled
 Parallel Workers: 13

Heap:
 PSYoungGen      total 29696K, used 14952K [0x00000000eab00000, 0x00000000ecc00000, 0x0000000100000000)
  eden space 25600K, 58% used [0x00000000eab00000,0x00000000eb99a348,0x00000000ec400000)
  from space 4096K, 0% used [0x00000000ec800000,0x00000000ec800000,0x00000000ecc00000)
  to   space 4096K, 0% used [0x00000000ec400000,0x00000000ec400000,0x00000000ec800000)
 ParOldGen       total 68608K, used 0K [0x00000000c0000000, 0x00000000c4300000, 0x00000000eab00000)
  object space 68608K, 0% used [0x00000000c0000000,0x00000000c0000000,0x00000000c4300000)
 Metaspace       used 9093K, committed 9216K, reserved 1064960K
  class space    used 898K, committed 960K, reserved 1048576K

Card table byte_map: [0x000002284bf70000,0x000002284c180000] _byte_map_base: 0x000002284b970000

Marking Bits: (ParMarkBitMap*) 0x00007ffc7f113e70
 Begin Bits: [0x000002285e250000, 0x000002285f250000)
 End Bits:   [0x000002285f250000, 0x0000022860250000)

Polling page: 0x000002284a540000

Metaspace:

Usage:
  Non-class:      8.00 MB used.
      Class:    898.61 KB used.
       Both:      8.88 MB used.

Virtual space:
  Non-class space:       16.00 MB reserved,       8.06 MB ( 50%) committed,  2 nodes.
      Class space:        1.00 GB reserved,     960.00 KB ( <1%) committed,  1 nodes.
             Both:        1.02 GB reserved,       9.00 MB ( <1%) committed. 

Chunk freelists:
   Non-Class:  3.92 MB
       Class:  3.09 MB
        Both:  7.01 MB

MaxMetaspaceSize: unlimited
CompressedClassSpaceSize: 1.00 GB
Initial GC threshold: 21.00 MB
Current GC threshold: 21.00 MB
CDS: off
MetaspaceReclaimPolicy: balanced
 - commit_granule_bytes: 65536.
 - commit_granule_words: 8192.
 - virtual_space_node_default_size: 1048576.
 - enlarge_chunks_in_place: 1.
 - new_chunks_are_fully_committed: 0.
 - uncommit_free_chunks: 1.
 - use_allocation_guard: 0.
 - handle_deallocations: 1.


Internal statistics:

num_allocs_failed_limit: 0.
num_arena_births: 10.
num_arena_deaths: 0.
num_vsnodes_births: 3.
num_vsnodes_deaths: 0.
num_space_committed: 145.
num_space_uncommitted: 0.
num_chunks_returned_to_freelist: 0.
num_chunks_taken_from_freelist: 44.
num_chunk_merges: 0.
num_chunk_splits: 24.
num_chunks_enlarged: 19.
num_purges: 0.
num_inconsistent_stats: 0.

CodeHeap 'non-profiled nmethods': size=119168Kb used=221Kb max_used=221Kb free=118946Kb
 bounds [0x0000022856df0000, 0x0000022857060000, 0x000002285e250000]
CodeHeap 'profiled nmethods': size=119104Kb used=952Kb max_used=952Kb free=118151Kb
 bounds [0x000002284f250000, 0x000002284f4c0000, 0x00000228566a0000]
CodeHeap 'non-nmethods': size=7488Kb used=2827Kb max_used=2859Kb free=4660Kb
 bounds [0x00000228566a0000, 0x0000022856970000, 0x0000022856df0000]
 total_blobs=1045 nmethods=616 adapters=341
 compilation: enabled
              stopped_count=0, restarted_count=0
 full_count=0

Compilation events (20 events):
Event: 0.355 Thread 0x00000228621851c0  573       1       java.security.Provider$UString::toString (5 bytes)
Event: 0.355 Thread 0x00000228621851c0 nmethod 573 0x0000022856e20610 code [0x0000022856e207a0, 0x0000022856e20878]
Event: 0.355 Thread 0x0000022861ffe6b0  577       1       java.security.Provider$Service::getProvider (5 bytes)
Event: 0.355 Thread 0x0000022861ffe6b0 nmethod 577 0x0000022856e20910 code [0x0000022856e20aa0, 0x0000022856e20b78]
Event: 0.356 Thread 0x0000022862184720  578       3       sun.security.provider.SHA2::implCompress0 (490 bytes)
Event: 0.356 Thread 0x0000022862184720 nmethod 578 0x000002284f31d710 code [0x000002284f31d900, 0x000002284f31e168]
Event: 0.356 Thread 0x00000228621851c0  579       3       sun.security.provider.ByteArrayAccess::b2iBig64 (231 bytes)
Event: 0.357 Thread 0x00000228622d71d0  580       3       sun.security.provider.SHA2::implCompress (13 bytes)
Event: 0.357 Thread 0x0000022861ffe6b0  581       3       sun.security.provider.SHA2::implCompressCheck (27 bytes)
Event: 0.357 Thread 0x0000022861ffe6b0 nmethod 581 0x000002284f31e610 code [0x000002284f31e7e0, 0x000002284f31eb98]
Event: 0.357 Thread 0x00000228622d71d0 nmethod 580 0x000002284f31ed10 code [0x000002284f31ef00, 0x000002284f31f348]
Event: 0.360 Thread 0x0000022862184720  586       3       java.lang.ref.WeakReference::<init> (7 bytes)
Event: 0.360 Thread 0x0000022862184720 nmethod 586 0x000002284f31f510 code [0x000002284f31f6c0, 0x000002284f31f918]
Event: 0.361 Thread 0x0000022864302990  567       4       java.util.Collections$UnmodifiableCollection::iterator (9 bytes)
Event: 0.361 Thread 0x000002286437d280  585 %     4       sun.security.provider.SHA2::implCompress0 @ 220 (490 bytes)
Event: 0.361 Thread 0x00000228621f49b0 nmethod 566 0x0000022856e20c10 code [0x0000022856e20dc0, 0x0000022856e212f8]
Event: 0.362 Thread 0x00000228621f49b0  582       4       jdk.internal.misc.Unsafe::getIntUnaligned (12 bytes)
Event: 0.362 Thread 0x00000228621f49b0 nmethod 582 0x0000022856e21610 code [0x0000022856e21780, 0x0000022856e21838]
Event: 0.362 Thread 0x00000228621f49b0  583       4       java.lang.invoke.VarHandleGuards::guard_LI_I (78 bytes)
Event: 0.363 Thread 0x00000228621851c0 nmethod 579 0x000002284f31fa10 code [0x000002284f3204e0, 0x000002284f3268b8]

GC Heap History (0 events):
No events

Dll operation events (8 events):
Event: 0.008 Loaded shared library c:\Users\24449\.vscode\extensions\redhat.java-1.16.0-win32-x64\jre\17.0.6-win32-x86_64\bin\java.dll
Event: 0.122 Loaded shared library c:\Users\24449\.vscode\extensions\redhat.java-1.16.0-win32-x64\jre\17.0.6-win32-x86_64\bin\zip.dll
Event: 0.127 Loaded shared library C:\Users\24449\.vscode\extensions\redhat.java-1.16.0-win32-x64\jre\17.0.6-win32-x86_64\bin\instrument.dll
Event: 0.134 Loaded shared library C:\Users\24449\.vscode\extensions\redhat.java-1.16.0-win32-x64\jre\17.0.6-win32-x86_64\bin\net.dll
Event: 0.137 Loaded shared library C:\Users\24449\.vscode\extensions\redhat.java-1.16.0-win32-x64\jre\17.0.6-win32-x86_64\bin\nio.dll
Event: 0.141 Loaded shared library C:\Users\24449\.vscode\extensions\redhat.java-1.16.0-win32-x64\jre\17.0.6-win32-x86_64\bin\zip.dll
Event: 0.151 Loaded shared library C:\Users\24449\.vscode\extensions\redhat.java-1.16.0-win32-x64\jre\17.0.6-win32-x86_64\bin\jimage.dll
Event: 0.189 Loaded shared library c:\Users\24449\.vscode\extensions\redhat.java-1.16.0-win32-x64\jre\17.0.6-win32-x86_64\bin\verify.dll

Deoptimization events (20 events):
Event: 0.301 Thread 0x000002284c5bf760 DEOPT PACKING pc=0x0000022856e04540 sp=0x00000069c77fca50
Event: 0.301 Thread 0x000002284c5bf760 DEOPT UNPACKING pc=0x00000228566f66a3 sp=0x00000069c77fc9d8 mode 2
Event: 0.307 Thread 0x000002284c5bf760 Uncommon trap: trap_request=0xffffff45 fr.pc=0x0000022856e133bc relative=0x00000000000005fc
Event: 0.307 Thread 0x000002284c5bf760 Uncommon trap: reason=unstable_if action=reinterpret pc=0x0000022856e133bc method=java.lang.String.replace(Ljava/lang/CharSequence;Ljava/lang/CharSequence;)Ljava/lang/String; @ 48 c2
Event: 0.307 Thread 0x000002284c5bf760 DEOPT PACKING pc=0x0000022856e133bc sp=0x00000069c77fc9d0
Event: 0.307 Thread 0x000002284c5bf760 DEOPT UNPACKING pc=0x00000228566f66a3 sp=0x00000069c77fc950 mode 2
Event: 0.322 Thread 0x000002284c5bf760 DEOPT PACKING pc=0x000002284f29b0d6 sp=0x00000069c77fdf00
Event: 0.322 Thread 0x000002284c5bf760 DEOPT UNPACKING pc=0x00000228566f6e43 sp=0x00000069c77fd3a0 mode 0
Event: 0.348 Thread 0x000002284c5bf760 Uncommon trap: trap_request=0xffffffde fr.pc=0x0000022856dff028 relative=0x00000000000006a8
Event: 0.348 Thread 0x000002284c5bf760 Uncommon trap: reason=class_check action=maybe_recompile pc=0x0000022856dff028 method=java.util.HashMap.putVal(ILjava/lang/Object;Ljava/lang/Object;ZZ)Ljava/lang/Object; @ 91 c2
Event: 0.348 Thread 0x000002284c5bf760 DEOPT PACKING pc=0x0000022856dff028 sp=0x00000069c77fde10
Event: 0.348 Thread 0x000002284c5bf760 DEOPT UNPACKING pc=0x00000228566f66a3 sp=0x00000069c77fddb0 mode 2
Event: 0.348 Thread 0x000002284c5bf760 Uncommon trap: trap_request=0xffffffde fr.pc=0x0000022856dff028 relative=0x00000000000006a8
Event: 0.348 Thread 0x000002284c5bf760 Uncommon trap: reason=class_check action=maybe_recompile pc=0x0000022856dff028 method=java.util.HashMap.putVal(ILjava/lang/Object;Ljava/lang/Object;ZZ)Ljava/lang/Object; @ 91 c2
Event: 0.348 Thread 0x000002284c5bf760 DEOPT PACKING pc=0x0000022856dff028 sp=0x00000069c77fdf30
Event: 0.348 Thread 0x000002284c5bf760 DEOPT UNPACKING pc=0x00000228566f66a3 sp=0x00000069c77fdea0 mode 2
Event: 0.348 Thread 0x000002284c5bf760 Uncommon trap: trap_request=0xffffffde fr.pc=0x0000022856dff028 relative=0x00000000000006a8
Event: 0.348 Thread 0x000002284c5bf760 Uncommon trap: reason=class_check action=maybe_recompile pc=0x0000022856dff028 method=java.util.HashMap.putVal(ILjava/lang/Object;Ljava/lang/Object;ZZ)Ljava/lang/Object; @ 91 c2
Event: 0.348 Thread 0x000002284c5bf760 DEOPT PACKING pc=0x0000022856dff028 sp=0x00000069c77fdf30
Event: 0.348 Thread 0x000002284c5bf760 DEOPT UNPACKING pc=0x00000228566f66a3 sp=0x00000069c77fdea0 mode 2

Classes unloaded (0 events):
No events

Classes redefined (0 events):
No events

Internal exceptions (2 events):
Event: 0.107 Thread 0x000002284c5bf760 Exception <a 'java/lang/NoSuchMethodError'{0x00000000eac51a68}: 'void java.lang.invoke.DirectMethodHandle$Holder.invokeStatic(java.lang.Object, java.lang.Object, java.lang.Object)'> (0x00000000eac51a68) 
thrown [s\src\hotspot\share\interpreter\linkResolver.cpp, line 759]
Event: 0.210 Thread 0x000002284c5bf760 Exception <a 'java/lang/reflect/InvocationTargetException'{0x00000000eb132890}> (0x00000000eb132890) 
thrown [s\src\hotspot\share\runtime\reflection.cpp, line 1121]

VM Operations (8 events):
Event: 0.109 Executing VM operation: HandshakeAllThreads
Event: 0.110 Executing VM operation: HandshakeAllThreads done
Event: 0.162 Executing VM operation: HandshakeAllThreads
Event: 0.162 Executing VM operation: HandshakeAllThreads done
Event: 0.352 Executing VM operation: HandshakeAllThreads
Event: 0.352 Executing VM operation: HandshakeAllThreads done
Event: 0.364 Executing VM operation: HandshakeAllThreads
Event: 0.364 Executing VM operation: HandshakeAllThreads done

Events (20 events):
Event: 0.352 loading class java/util/LinkedHashMap$LinkedEntryIterator
Event: 0.352 loading class java/util/LinkedHashMap$LinkedEntryIterator done
Event: 0.353 loading class java/util/Base64
Event: 0.353 loading class java/util/Base64 done
Event: 0.353 loading class java/util/Base64$Decoder
Event: 0.353 loading class java/util/Base64$Decoder done
Event: 0.353 loading class java/util/Base64$Encoder
Event: 0.353 loading class java/util/Base64$Encoder done
Event: 0.353 loading class java/util/jar/JarVerifier$VerifierStream
Event: 0.354 loading class java/util/jar/JarVerifier$VerifierStream done
Event: 0.354 loading class sun/security/util/ManifestEntryVerifier$SunProviderHolder
Event: 0.354 loading class sun/security/util/ManifestEntryVerifier$SunProviderHolder done
Event: 0.361 Thread 0x0000022864302990 Thread added: 0x0000022864302990
Event: 0.361 Thread 0x000002286437d280 Thread added: 0x000002286437d280
Event: 0.361 loading class java/lang/NumberFormatException
Event: 0.361 loading class java/lang/NumberFormatException done
Event: 0.361 loading class java/security/Policy
Event: 0.362 loading class java/security/Policy done
Event: 0.363 loading class java/lang/SecurityException
Event: 0.363 loading class java/lang/SecurityException done


Dynamic libraries:
0x00007ff690a00000 - 0x00007ff690a0e000 	c:\Users\24449\.vscode\extensions\redhat.java-1.16.0-win32-x64\jre\17.0.6-win32-x86_64\bin\java.exe
0x00007ffd14810000 - 0x00007ffd14a08000 	C:\windows\SYSTEM32\ntdll.dll
0x00007ffd13690000 - 0x00007ffd1374f000 	C:\windows\System32\KERNEL32.DLL
0x00007ffd121b0000 - 0x00007ffd12482000 	C:\windows\System32\KERNELBASE.dll
0x00007ffd125f0000 - 0x00007ffd126f0000 	C:\windows\System32\ucrtbase.dll
0x00007ffd083c0000 - 0x00007ffd083d7000 	c:\Users\24449\.vscode\extensions\redhat.java-1.16.0-win32-x64\jre\17.0.6-win32-x86_64\bin\jli.dll
0x00007ffcf7ce0000 - 0x00007ffcf7cf9000 	c:\Users\24449\.vscode\extensions\redhat.java-1.16.0-win32-x64\jre\17.0.6-win32-x86_64\bin\VCRUNTIME140.dll
0x00007ffd12b60000 - 0x00007ffd12d01000 	C:\windows\System32\USER32.dll
0x00007ffd12050000 - 0x00007ffd12072000 	C:\windows\System32\win32u.dll
0x00007ffcfceb0000 - 0x00007ffcfd14a000 	C:\windows\WinSxS\amd64_microsoft.windows.common-controls_6595b64144ccf1df_6.0.19041.1110_none_60b5254171f9507e\COMCTL32.dll
0x00007ffd12d10000 - 0x00007ffd12d3b000 	C:\windows\System32\GDI32.dll
0x00007ffd133e0000 - 0x00007ffd1347e000 	C:\windows\System32\msvcrt.dll
0x00007ffd11f40000 - 0x00007ffd1204f000 	C:\windows\System32\gdi32full.dll
0x00007ffd12080000 - 0x00007ffd1211d000 	C:\windows\System32\msvcp_win.dll
0x00007ffd12b30000 - 0x00007ffd12b60000 	C:\windows\System32\IMM32.DLL
0x00007ffd10540000 - 0x00007ffd1054c000 	c:\Users\24449\.vscode\extensions\redhat.java-1.16.0-win32-x64\jre\17.0.6-win32-x86_64\bin\vcruntime140_1.dll
0x00007ffcdecf0000 - 0x00007ffcded81000 	c:\Users\24449\.vscode\extensions\redhat.java-1.16.0-win32-x64\jre\17.0.6-win32-x86_64\bin\msvcp140.dll
0x00007ffc7e590000 - 0x00007ffc7f1d7000 	c:\Users\24449\.vscode\extensions\redhat.java-1.16.0-win32-x64\jre\17.0.6-win32-x86_64\bin\server\jvm.dll
0x00007ffd13540000 - 0x00007ffd135ee000 	C:\windows\System32\ADVAPI32.dll
0x00007ffd135f0000 - 0x00007ffd1368c000 	C:\windows\System32\sechost.dll
0x00007ffd12860000 - 0x00007ffd12984000 	C:\windows\System32\RPCRT4.dll
0x00007ffd08310000 - 0x00007ffd08337000 	C:\windows\SYSTEM32\WINMM.dll
0x00007ffccd580000 - 0x00007ffccd589000 	C:\windows\SYSTEM32\WSOCK32.dll
0x00007ffd12dc0000 - 0x00007ffd12e2b000 	C:\windows\System32\WS2_32.dll
0x00007ffd10c30000 - 0x00007ffd10c3a000 	C:\windows\SYSTEM32\VERSION.dll
0x00007ffd10610000 - 0x00007ffd10622000 	C:\windows\SYSTEM32\kernel.appcore.dll
0x00007ffcfbde0000 - 0x00007ffcfbdea000 	c:\Users\24449\.vscode\extensions\redhat.java-1.16.0-win32-x64\jre\17.0.6-win32-x86_64\bin\jimage.dll
0x00007ffd10210000 - 0x00007ffd103f4000 	C:\windows\SYSTEM32\DBGHELP.DLL
0x00007ffcf73d0000 - 0x00007ffcf7405000 	C:\windows\SYSTEM32\dbgcore.DLL
0x00007ffd12120000 - 0x00007ffd121a2000 	C:\windows\System32\bcryptPrimitives.dll
0x00007ffcfb6b0000 - 0x00007ffcfb6be000 	c:\Users\24449\.vscode\extensions\redhat.java-1.16.0-win32-x64\jre\17.0.6-win32-x86_64\bin\instrument.dll
0x00007ffcf3f40000 - 0x00007ffcf3f65000 	c:\Users\24449\.vscode\extensions\redhat.java-1.16.0-win32-x64\jre\17.0.6-win32-x86_64\bin\java.dll
0x00007ffcf1300000 - 0x00007ffcf1318000 	c:\Users\24449\.vscode\extensions\redhat.java-1.16.0-win32-x64\jre\17.0.6-win32-x86_64\bin\zip.dll
0x00007ffd13750000 - 0x00007ffd13e95000 	C:\windows\System32\SHELL32.dll
0x00007ffd0f9a0000 - 0x00007ffd10132000 	C:\windows\SYSTEM32\windows.storage.dll
0x00007ffd12f60000 - 0x00007ffd132b5000 	C:\windows\System32\combase.dll
0x00007ffd11970000 - 0x00007ffd119a0000 	C:\windows\SYSTEM32\Wldp.dll
0x00007ffd13f00000 - 0x00007ffd13fad000 	C:\windows\System32\SHCORE.dll
0x00007ffd12ad0000 - 0x00007ffd12b25000 	C:\windows\System32\shlwapi.dll
0x00007ffd11e50000 - 0x00007ffd11e6f000 	C:\windows\SYSTEM32\profapi.dll
0x00007ffcf12e0000 - 0x00007ffcf12f9000 	C:\Users\24449\.vscode\extensions\redhat.java-1.16.0-win32-x64\jre\17.0.6-win32-x86_64\bin\net.dll
0x00007ffd0c540000 - 0x00007ffd0c64a000 	C:\windows\SYSTEM32\WINHTTP.dll
0x00007ffd116d0000 - 0x00007ffd1173a000 	C:\windows\system32\mswsock.dll
0x00007ffcef8b0000 - 0x00007ffcef8c5000 	C:\Users\24449\.vscode\extensions\redhat.java-1.16.0-win32-x64\jre\17.0.6-win32-x86_64\bin\nio.dll
0x00007ffcfb5e0000 - 0x00007ffcfb5f0000 	c:\Users\24449\.vscode\extensions\redhat.java-1.16.0-win32-x64\jre\17.0.6-win32-x86_64\bin\verify.dll

dbghelp: loaded successfully - version: 4.0.5 - missing functions: none
symbol engine: initialized successfully - sym options: 0x614 - pdb path: .;c:\Users\24449\.vscode\extensions\redhat.java-1.16.0-win32-x64\jre\17.0.6-win32-x86_64\bin;C:\windows\SYSTEM32;C:\windows\WinSxS\amd64_microsoft.windows.common-controls_6595b64144ccf1df_6.0.19041.1110_none_60b5254171f9507e;c:\Users\24449\.vscode\extensions\redhat.java-1.16.0-win32-x64\jre\17.0.6-win32-x86_64\bin\server

VM Arguments:
jvm_args: --add-modules=ALL-SYSTEM --add-opens=java.base/java.util=ALL-UNNAMED --add-opens=java.base/java.lang=ALL-UNNAMED --add-opens=java.base/sun.nio.fs=ALL-UNNAMED -Declipse.application=org.eclipse.jdt.ls.core.id1 -Dosgi.bundles.defaultStartLevel=4 -Declipse.product=org.eclipse.jdt.ls.core.product -Djava.import.generatesMetadataFilesAtProjectRoot=false -Dfile.encoding=utf8 -XX:+UseParallelGC -XX:GCTimeRatio=4 -XX:AdaptiveSizePolicyWeight=90 -Dsun.zip.disableMemoryMapping=true -Xmx1G -Xms100m -Xlog:disable -javaagent:c:\Users\24449\.vscode\extensions\redhat.java-1.16.0-win32-x64\lombok\lombok-1.18.24.jar 
java_command: c:\Users\24449\.vscode\extensions\redhat.java-1.16.0-win32-x64\server\plugins\org.eclipse.equinox.launcher_1.6.400.v20210924-0641.jar -configuration c:\Users\24449\AppData\Roaming\Code\User\globalStorage\redhat.java\1.16.0\config_ss_win -data c:\Users\24449\AppData\Roaming\Code\User\workspaceStorage\76fc48e359c1731fdab3da0544fc0785\redhat.java\ss_ws
java_class_path (initial): c:\Users\24449\.vscode\extensions\redhat.java-1.16.0-win32-x64\server\plugins\org.eclipse.equinox.launcher_1.6.400.v20210924-0641.jar
Launcher Type: SUN_STANDARD

[Global flags]
    uintx AdaptiveSizePolicyWeight                 = 90                                        {product} {command line}
     intx CICompilerCount                          = 12                                        {product} {ergonomic}
    uintx GCTimeRatio                              = 4                                         {product} {command line}
   size_t InitialHeapSize                          = 104857600                                 {product} {command line}
   size_t MaxHeapSize                              = 1073741824                                {product} {command line}
   size_t MaxNewSize                               = 357564416                                 {product} {ergonomic}
   size_t MinHeapDeltaBytes                        = 524288                                    {product} {ergonomic}
   size_t MinHeapSize                              = 104857600                                 {product} {command line}
   size_t NewSize                                  = 34603008                                  {product} {ergonomic}
    uintx NonNMethodCodeHeapSize                   = 7602480                                {pd product} {ergonomic}
    uintx NonProfiledCodeHeapSize                  = 122027880                              {pd product} {ergonomic}
   size_t OldSize                                  = 70254592                                  {product} {ergonomic}
    uintx ProfiledCodeHeapSize                     = 122027880                              {pd product} {ergonomic}
    uintx ReservedCodeCacheSize                    = 251658240                              {pd product} {ergonomic}
     bool SegmentedCodeCache                       = true                                      {product} {ergonomic}
   size_t SoftMaxHeapSize                          = 1073741824                             {manageable} {ergonomic}
     bool UseCompressedClassPointers               = true                           {product lp64_product} {ergonomic}
     bool UseCompressedOops                        = true                           {product lp64_product} {ergonomic}
     bool UseLargePagesIndividualAllocation        = false                                  {pd product} {ergonomic}
     bool UseParallelGC                            = true                                      {product} {command line}

Logging:
Log output configuration:
 #0: stdout all=off uptime,level,tags
 #1: stderr all=off uptime,level,tags

Environment Variables:
JAVA_HOME=D:\Java\jdk-17
CLASSPATH=.;D:\Java\jdk-17\lib;D:\Java\jdk-17\lib\dt.jar;D:\Java\jdk-17\lib\tools.jar;E:\JavaProjects\configuration_and_scheduling_of_MRFL;
PATH=D:\gurobi952\win64\bin;C:\Program Files\Common Files\Oracle\Java\javapath;D:\Python39\Scripts\;D:\Python39\;C:\windows\system32;C:\windows;C:\windows\System32\Wbem;C:\windows\System32\WindowsPowerShell\v1.0\;C:\windows\System32\OpenSSH\;D:\MATLAB R2019b\runtime\win64;D:\MATLAB R2019b\bin;D:\MATLAB R2019b\polyspace\bin;D:\IBM\SPSS 25\JRE\bin;D:\Git\cmd;D:\Git\bin;D:\Git\mingw64\libexec\git-core;D:\Prince\engine\bin;C:\Program Files\dotnet\;D:\Java\jdk-17\bin;D:\Java\jdk-17\jre\bin;D:\texlive\2021\bin\win32;D:\CTEX\UserData\miktex\bin;D:\CTEX\MiKTeX\miktex\bin;D:\CTEX\CTeX\ctex\bin;D:\CTEX\CTeX\cct\bin;D:\CTEX\CTeX\ty\bin;D:\CTEX\Ghostscript\gs9.05\bin;D:\CTEX\GSview\gsview;D:\CTEX\WinEdt;D:\apache-maven-3.8.6-bin\apache-maven-3.8.6\bin;C:\Users\24449\AppData\Local\Microsoft\WindowsApps;;D:\JetBrains\PyCharm 2021.1.1\bin;D:\Microsoft VS Code\bin;C:\Users\24449\.dotnet\tools
USERNAME=24449
OS=Windows_NT
PROCESSOR_IDENTIFIER=AMD64 Family 23 Model 96 Stepping 1, AuthenticAMD
TMP=C:\Users\24449\AppData\Local\Temp
TEMP=C:\Users\24449\AppData\Local\Temp



---------------  S Y S T E M  ---------------

OS:
 Windows 10 , 64 bit Build 19041 (10.0.19041.2546)
OS uptime: 12 days 0:23 hours

CPU: total 16 (initial active 16) (16 cores per cpu, 2 threads per core) family 23 model 96 stepping 1 microcode 0x0, cx8, cmov, fxsr, ht, mmx, 3dnowpref, sse, sse2, sse3, ssse3, sse4a, sse4.1, sse4.2, popcnt, lzcnt, tsc, tscinvbit, avx, avx2, aes, clmul, bmi1, bmi2, adx, sha, fma, vzeroupper, clflush, clflushopt

Memory: 4k page, system-wide physical 15697M (6423M free)
TotalPageFile size 17873M (AvailPageFile size 116M)
current process WorkingSet (physical memory assigned to process): 60M, peak: 60M
current process commit charge ("private bytes"): 216M, peak: 216M

vm_info: OpenJDK 64-Bit Server VM (17.0.6+10) for windows-amd64 JRE (17.0.6+10), built on Jan 18 2023 10:08:59 by "temurin" with MS VC++ 16.7 (VS2019)

END.
