#
# There is insufficient memory for the Java Runtime Environment to continue.
# Native memory allocation (malloc) failed to allocate 734576 bytes for Chunk::new
# Possible reasons:
#   The system is out of physical RAM or swap space
#   The process is running with CompressedOops enabled, and the Java Heap may be blocking the growth of the native heap
# Possible solutions:
#   Reduce memory load on the system
#   Increase physical memory or swap space
#   Check if swap backing store is full
#   Decrease Java heap size (-Xmx/-Xms)
#   Decrease number of Java threads
#   Decrease Java thread stack sizes (-Xss)
#   Set larger code cache with -XX:ReservedCodeCacheSize=
#   JVM is running with Unscaled Compressed Oops mode in which the Java heap is
#     placed in the first 4GB address space. The Java Heap base address is the
#     maximum limit for the native heap growth. Please use -XX:HeapBaseMinAddress
#     to set the Java Heap base and to place the Java Heap above 4GB virtual address.
# This output file may be truncated or incomplete.
#
#  Out of Memory Error (arena.cpp:189), pid=19388, tid=22560
#
# JRE version: OpenJDK Runtime Environment Temurin-17.0.6+10 (17.0.6+10) (build 17.0.6+10)
# Java VM: OpenJDK 64-Bit Server VM Temurin-17.0.6+10 (17.0.6+10, mixed mode, tiered, compressed oops, compressed class ptrs, parallel gc, windows-amd64)
# No core dump will be written. Minidumps are not enabled by default on client versions of Windows
#

---------------  S U M M A R Y ------------

Command Line: --add-modules=ALL-SYSTEM --add-opens=java.base/java.util=ALL-UNNAMED --add-opens=java.base/java.lang=ALL-UNNAMED --add-opens=java.base/sun.nio.fs=ALL-UNNAMED -Declipse.application=org.eclipse.jdt.ls.core.id1 -Dosgi.bundles.defaultStartLevel=4 -Declipse.product=org.eclipse.jdt.ls.core.product -Djava.import.generatesMetadataFilesAtProjectRoot=false -Dfile.encoding=utf8 -XX:+UseParallelGC -XX:GCTimeRatio=4 -XX:AdaptiveSizePolicyWeight=90 -Dsun.zip.disableMemoryMapping=true -Xmx1G -Xms100m -Xlog:disable -javaagent:c:\Users\24449\.vscode\extensions\redhat.java-1.16.0-win32-x64\lombok\lombok-1.18.24.jar c:\Users\24449\.vscode\extensions\redhat.java-1.16.0-win32-x64\server\plugins\org.eclipse.equinox.launcher_1.6.400.v20210924-0641.jar -configuration c:\Users\24449\AppData\Roaming\Code\User\globalStorage\redhat.java\1.16.0\config_ss_win -data c:\Users\24449\AppData\Roaming\Code\User\workspaceStorage\76fc48e359c1731fdab3da0544fc0785\redhat.java\ss_ws

Host: AMD Ryzen 7 PRO 4750U with Radeon Graphics, 16 cores, 15G,  Windows 10 , 64 bit Build 19041 (10.0.19041.2546)
Time: Tue Apr  4 13:47:49 2023  Windows 10 , 64 bit Build 19041 (10.0.19041.2546) elapsed time: 8.555876 seconds (0d 0h 0m 8s)

---------------  T H R E A D  ---------------

Current thread (0x000002cdc2f35160):  JavaThread "C2 CompilerThread0" daemon [_thread_in_native, id=22560, stack(0x000000e82ec00000,0x000000e82ed00000)]


Current CompileTask:
C2:   8555 4179       4       jdk.internal.jimage.BasicImageReader::verifyLocation (39 bytes)

Stack: [0x000000e82ec00000,0x000000e82ed00000]
Native frames: (J=compiled Java code, j=interpreted, Vv=VM code, C=native code)
V  [jvm.dll+0x67741a]
V  [jvm.dll+0x834434]
V  [jvm.dll+0x835bde]
V  [jvm.dll+0x836243]
V  [jvm.dll+0x2457b5]
V  [jvm.dll+0xabafc]
V  [jvm.dll+0xac0cc]
V  [jvm.dll+0x2ac94f]
V  [jvm.dll+0x57de47]
V  [jvm.dll+0x220812]
V  [jvm.dll+0x220bef]
V  [jvm.dll+0x21a445]
V  [jvm.dll+0x21790b]
V  [jvm.dll+0x1a3d0d]
V  [jvm.dll+0x22742a]
V  [jvm.dll+0x225565]
V  [jvm.dll+0x7ea2cb]
V  [jvm.dll+0x7e483a]
V  [jvm.dll+0x6762c5]
C  [ucrtbase.dll+0x21bb2]
C  [KERNEL32.DLL+0x17614]
C  [ntdll.dll+0x526a1]


---------------  P R O C E S S  ---------------

Threads class SMR info:
_java_thread_list=0x000002cdc8505df0, length=30, elements={
0x000002cdab621d30, 0x000002cdc2ee9740, 0x000002cdc2eeae70, 0x000002cdc13d89e0,
0x000002cdc2f2ad10, 0x000002cdc2f2d6e0, 0x000002cdc2f2dfa0, 0x000002cdc2f35160,
0x000002cdc2f35b10, 0x000002cdc2f36410, 0x000002cdc308be00, 0x000002cdc3096470,
0x000002cdc4dac890, 0x000002cdc6040490, 0x000002cdc64e89c0, 0x000002cdc60541e0,
0x000002cdc64e7910, 0x000002cdc637a700, 0x000002cdc66ea310, 0x000002cdc6671140,
0x000002cdc674f390, 0x000002cdc551e210, 0x000002cdc6750200, 0x000002cdc674f860,
0x000002cdc674fd30, 0x000002cdc551cdd0, 0x000002cdc551dd00, 0x000002cdc551bea0,
0x000002cdc6750ba0, 0x000002cdc6751a10
}

Java Threads: ( => current thread )
  0x000002cdab621d30 JavaThread "main" [_thread_blocked, id=26252, stack(0x000000e82e300000,0x000000e82e400000)]
  0x000002cdc2ee9740 JavaThread "Reference Handler" daemon [_thread_blocked, id=11672, stack(0x000000e82e600000,0x000000e82e700000)]
  0x000002cdc2eeae70 JavaThread "Finalizer" daemon [_thread_blocked, id=26204, stack(0x000000e82e700000,0x000000e82e800000)]
  0x000002cdc13d89e0 JavaThread "Signal Dispatcher" daemon [_thread_blocked, id=14020, stack(0x000000e82e800000,0x000000e82e900000)]
  0x000002cdc2f2ad10 JavaThread "Attach Listener" daemon [_thread_blocked, id=22812, stack(0x000000e82e900000,0x000000e82ea00000)]
  0x000002cdc2f2d6e0 JavaThread "Service Thread" daemon [_thread_blocked, id=18128, stack(0x000000e82ea00000,0x000000e82eb00000)]
  0x000002cdc2f2dfa0 JavaThread "Monitor Deflation Thread" daemon [_thread_blocked, id=20700, stack(0x000000e82eb00000,0x000000e82ec00000)]
=>0x000002cdc2f35160 JavaThread "C2 CompilerThread0" daemon [_thread_in_native, id=22560, stack(0x000000e82ec00000,0x000000e82ed00000)]
  0x000002cdc2f35b10 JavaThread "C1 CompilerThread0" daemon [_thread_blocked, id=12360, stack(0x000000e82ed00000,0x000000e82ee00000)]
  0x000002cdc2f36410 JavaThread "Sweeper thread" daemon [_thread_blocked, id=24412, stack(0x000000e82ee00000,0x000000e82ef00000)]
  0x000002cdc308be00 JavaThread "Common-Cleaner" daemon [_thread_blocked, id=18000, stack(0x000000e82ef00000,0x000000e82f000000)]
  0x000002cdc3096470 JavaThread "C1 CompilerThread1" daemon [_thread_blocked, id=21988, stack(0x000000e82f000000,0x000000e82f100000)]
  0x000002cdc4dac890 JavaThread "Notification Thread" daemon [_thread_blocked, id=16160, stack(0x000000e82f300000,0x000000e82f400000)]
  0x000002cdc6040490 JavaThread "Active Thread: Equinox Container: 596b53fb-18cb-487c-b16c-34d8450eba96" [_thread_blocked, id=5508, stack(0x000000e82f600000,0x000000e82f700000)]
  0x000002cdc64e89c0 JavaThread "Framework Event Dispatcher: Equinox Container: 596b53fb-18cb-487c-b16c-34d8450eba96" daemon [_thread_blocked, id=18488, stack(0x000000e82f100000,0x000000e82f200000)]
  0x000002cdc60541e0 JavaThread "Start Level: Equinox Container: 596b53fb-18cb-487c-b16c-34d8450eba96" daemon [_thread_blocked, id=7164, stack(0x000000e82f200000,0x000000e82f300000)]
  0x000002cdc64e7910 JavaThread "SCR Component Actor" daemon [_thread_blocked, id=28240, stack(0x000000e82f500000,0x000000e82f600000)]
  0x000002cdc637a700 JavaThread "SCR Component Registry" daemon [_thread_blocked, id=9724, stack(0x000000e82fe00000,0x000000e82ff00000)]
  0x000002cdc66ea310 JavaThread "Worker-JM" [_thread_blocked, id=24800, stack(0x000000e830100000,0x000000e830200000)]
  0x000002cdc6671140 JavaThread "Worker-0" [_thread_blocked, id=26116, stack(0x000000e830a00000,0x000000e830b00000)]
  0x000002cdc674f390 JavaThread "Worker-1" [_thread_blocked, id=9488, stack(0x000000e830900000,0x000000e830a00000)]
  0x000002cdc551e210 JavaThread "C2 CompilerThread1" daemon [_thread_in_native, id=26044, stack(0x000000e82ff00000,0x000000e830000000)]
  0x000002cdc6750200 JavaThread "JNA Cleaner" daemon [_thread_blocked, id=6536, stack(0x000000e830000000,0x000000e830100000)]
  0x000002cdc674f860 JavaThread "pool-2-thread-1" [_thread_blocked, id=9636, stack(0x000000e830600000,0x000000e830700000)]
  0x000002cdc674fd30 JavaThread "pool-1-thread-1" [_thread_in_native, id=25364, stack(0x000000e830700000,0x000000e830800000)]
  0x000002cdc551cdd0 JavaThread "C1 CompilerThread2" daemon [_thread_blocked, id=21332, stack(0x000000e830800000,0x000000e830900000)]
  0x000002cdc551dd00 JavaThread "C1 CompilerThread3" daemon [_thread_blocked, id=23244, stack(0x000000e830c00000,0x000000e830d00000)]
  0x000002cdc551bea0 JavaThread "C2 CompilerThread2" daemon [_thread_in_native, id=1356, stack(0x000000e830d00000,0x000000e830e00000)]
  0x000002cdc6750ba0 JavaThread "ForkJoinPool.commonPool-worker-1" daemon [_thread_in_native, id=5648, stack(0x000000e831300000,0x000000e831400000)]
  0x000002cdc6751a10 JavaThread "Worker-2" [_thread_blocked, id=17044, stack(0x000000e831000000,0x000000e831100000)]

Other Threads:
  0x000002cdc2ed3d60 VMThread "VM Thread" [stack: 0x000000e82e500000,0x000000e82e600000] [id=15656]
  0x000002cdc4d4f080 WatcherThread [stack: 0x000000e82f400000,0x000000e82f500000] [id=13448]
  0x000002cdab63adb0 GCTaskThread "GC Thread#0" [stack: 0x000000e82e400000,0x000000e82e500000] [id=22424]
  0x000002cdc5396f20 GCTaskThread "GC Thread#1" [stack: 0x000000e82f800000,0x000000e82f900000] [id=15724]
  0x000002cdc4ea2e90 GCTaskThread "GC Thread#2" [stack: 0x000000e82f900000,0x000000e82fa00000] [id=5688]
  0x000002cdc4ea3140 GCTaskThread "GC Thread#3" [stack: 0x000000e82fa00000,0x000000e82fb00000] [id=9120]
  0x000002cdc60a0860 GCTaskThread "GC Thread#4" [stack: 0x000000e82fb00000,0x000000e82fc00000] [id=2892]
  0x000002cdc60a2b20 GCTaskThread "GC Thread#5" [stack: 0x000000e82fc00000,0x000000e82fd00000] [id=14392]
  0x000002cdc60a6de0 GCTaskThread "GC Thread#6" [stack: 0x000000e82fd00000,0x000000e82fe00000] [id=22548]
  0x000002cdc642e4c0 GCTaskThread "GC Thread#7" [stack: 0x000000e82f700000,0x000000e82f800000] [id=11772]
  0x000002cdc673b220 GCTaskThread "GC Thread#8" [stack: 0x000000e830200000,0x000000e830300000] [id=23208]
  0x000002cdc671a430 GCTaskThread "GC Thread#9" [stack: 0x000000e830300000,0x000000e830400000] [id=1788]
  0x000002cdc65b4740 GCTaskThread "GC Thread#10" [stack: 0x000000e830400000,0x000000e830500000] [id=11764]
  0x000002cdc6736730 GCTaskThread "GC Thread#11" [stack: 0x000000e830500000,0x000000e830600000] [id=7928]
  0x000002cdc68f0320 GCTaskThread "GC Thread#12" [stack: 0x000000e830b00000,0x000000e830c00000] [id=18068]

Threads with active compile tasks:
C2 CompilerThread0     8579 4179       4       jdk.internal.jimage.BasicImageReader::verifyLocation (39 bytes)
C2 CompilerThread1     8579 4178       4       jdk.internal.module.SystemModuleFinders$SystemModuleReader::find (59 bytes)
C2 CompilerThread2     8579 4189       4       jdk.internal.module.SystemModuleFinders$SystemModuleReader::containsImageLocation (42 bytes)

VM state: not at safepoint (normal execution)

VM Mutex/Monitor currently owned by a thread: None

Heap address: 0x00000000c0000000, size: 1024 MB, Compressed Oops mode: 32-bit

CDS archive(s) not mapped
Compressed class space mapped at: 0x0000000100000000-0x0000000140000000, reserved size: 1073741824
Narrow klass base: 0x0000000000000000, Narrow klass shift: 3, Narrow klass range: 0x140000000

GC Precious Log:
 CPUs: 16 total, 16 available
 Memory: 15697M
 Large Page Support: Disabled
 NUMA Support: Disabled
 Compressed Oops: Enabled (32-bit)
 Alignments: Space 512K, Generation 512K, Heap 2M
 Heap Min Capacity: 100M
 Heap Initial Capacity: 100M
 Heap Max Capacity: 1G
 Pre-touch: Disabled
 Parallel Workers: 13

Heap:
 PSYoungGen      total 22016K, used 16432K [0x00000000eab00000, 0x00000000ec380000, 0x0000000100000000)
  eden space 20992K, 74% used [0x00000000eab00000,0x00000000eba5e608,0x00000000ebf80000)
  from space 1024K, 67% used [0x00000000ebf80000,0x00000000ec02da20,0x00000000ec080000)
  to   space 2048K, 0% used [0x00000000ec180000,0x00000000ec180000,0x00000000ec380000)
 ParOldGen       total 68608K, used 24270K [0x00000000c0000000, 0x00000000c4300000, 0x00000000eab00000)
  object space 68608K, 35% used [0x00000000c0000000,0x00000000c17b3928,0x00000000c4300000)
 Metaspace       used 39981K, committed 40640K, reserved 1089536K
  class space    used 4054K, committed 4352K, reserved 1048576K

Card table byte_map: [0x000002cdbec70000,0x000002cdbee80000] _byte_map_base: 0x000002cdbe670000

Marking Bits: (ParMarkBitMap*) 0x00007ffc6ae33e70
 Begin Bits: [0x000002cdbefe0000, 0x000002cdbffe0000)
 End Bits:   [0x000002cdbffe0000, 0x000002cdc0fe0000)

Polling page: 0x000002cdab390000

Metaspace:

Usage:
  Non-class:     35.08 MB used.
      Class:      3.96 MB used.
       Both:     39.04 MB used.

Virtual space:
  Non-class space:       40.00 MB reserved,      35.44 MB ( 89%) committed,  5 nodes.
      Class space:        1.00 GB reserved,       4.25 MB ( <1%) committed,  1 nodes.
             Both:        1.04 GB reserved,      39.69 MB (  4%) committed. 

Chunk freelists:
   Non-Class:  544.00 KB
       Class:  3.57 MB
        Both:  4.10 MB

MaxMetaspaceSize: unlimited
CompressedClassSpaceSize: 1.00 GB
Initial GC threshold: 21.00 MB
Current GC threshold: 58.38 MB
CDS: off
MetaspaceReclaimPolicy: balanced
 - commit_granule_bytes: 65536.
 - commit_granule_words: 8192.
 - virtual_space_node_default_size: 1048576.
 - enlarge_chunks_in_place: 1.
 - new_chunks_are_fully_committed: 0.
 - uncommit_free_chunks: 1.
 - use_allocation_guard: 0.
 - handle_deallocations: 1.


Internal statistics:

num_allocs_failed_limit: 6.
num_arena_births: 302.
num_arena_deaths: 14.
num_vsnodes_births: 6.
num_vsnodes_deaths: 0.
num_space_committed: 635.
num_space_uncommitted: 0.
num_chunks_returned_to_freelist: 20.
num_chunks_taken_from_freelist: 1561.
num_chunk_merges: 10.
num_chunk_splits: 1032.
num_chunks_enlarged: 720.
num_purges: 2.
num_inconsistent_stats: 0.

CodeHeap 'non-profiled nmethods': size=119168Kb used=2252Kb max_used=2252Kb free=116915Kb
 bounds [0x000002cdb7630000, 0x000002cdb78a0000, 0x000002cdbea90000]
CodeHeap 'profiled nmethods': size=119104Kb used=9022Kb max_used=9022Kb free=110081Kb
 bounds [0x000002cdafa90000, 0x000002cdb0360000, 0x000002cdb6ee0000]
CodeHeap 'non-nmethods': size=7488Kb used=2972Kb max_used=3035Kb free=4515Kb
 bounds [0x000002cdb6ee0000, 0x000002cdb71e0000, 0x000002cdb7630000]
 total_blobs=4798 nmethods=4187 adapters=522
 compilation: enabled
              stopped_count=0, restarted_count=0
 full_count=0

Compilation events (20 events):
Event: 8.463 Thread 0x000002cdc3096470 4182       3       java.util.TreeMap::put (8 bytes)
Event: 8.463 Thread 0x000002cdc3096470 nmethod 4182 0x000002cdb035b210 code [0x000002cdb035b3a0, 0x000002cdb035b4e8]
Event: 8.482 Thread 0x000002cdc2f35b10 4183   !   3       lombok.launch.ShadowClassLoader::getOrMakeJarListing (193 bytes)
Event: 8.483 Thread 0x000002cdc2f35b10 nmethod 4183 0x000002cdb035b590 code [0x000002cdb035b880, 0x000002cdb035cb88]
Event: 8.485 Thread 0x000002cdc2f35160 nmethod 4177 0x000002cdb785b390 code [0x000002cdb785b540, 0x000002cdb785ca78]
Event: 8.485 Thread 0x000002cdc2f35160 4179       4       jdk.internal.jimage.BasicImageReader::verifyLocation (39 bytes)
Event: 8.493 Thread 0x000002cdc551bea0 nmethod 4141 0x000002cdb785d110 code [0x000002cdb785d320, 0x000002cdb78603b8]
Event: 8.493 Thread 0x000002cdc551cdd0 4185       3       jdk.internal.jimage.ImageLocation::verify (218 bytes)
Event: 8.494 Thread 0x000002cdc551bea0 4184 %     4       java.net.URI::quote @ 24 (214 bytes)
Event: 8.495 Thread 0x000002cdc551cdd0 nmethod 4185 0x000002cdb035d310 code [0x000002cdb035d5c0, 0x000002cdb035e318]
Event: 8.513 Thread 0x000002cdc551bea0 nmethod 4184% 0x000002cdb7861a10 code [0x000002cdb7861c00, 0x000002cdb7862788]
Event: 8.513 Thread 0x000002cdc551bea0 4186       4       java.lang.CharacterDataLatin1::getType (11 bytes)
Event: 8.514 Thread 0x000002cdc551bea0 nmethod 4186 0x000002cdb7863090 code [0x000002cdb7863200, 0x000002cdb78632b8]
Event: 8.527 Thread 0x000002cdc2f35b10 4187       3       java.net.URI::<init> (42 bytes)
Event: 8.528 Thread 0x000002cdc2f35b10 nmethod 4187 0x000002cdb035e890 code [0x000002cdb035ea20, 0x000002cdb035ebd8]
Event: 8.529 Thread 0x000002cdc3096470 4188   !   3       java.security.AccessController::doPrivileged (22 bytes)
Event: 8.530 Thread 0x000002cdc3096470 nmethod 4188 0x000002cdb035ec90 code [0x000002cdb035ee80, 0x000002cdb035f308]
Event: 8.550 Thread 0x000002cdc551bea0 4189       4       jdk.internal.module.SystemModuleFinders$SystemModuleReader::containsImageLocation (42 bytes)
Event: 8.551 Thread 0x000002cdc551dd00 4190       3       jdk.internal.loader.BuiltinClassLoader$2::run (5 bytes)
Event: 8.552 Thread 0x000002cdc551dd00 nmethod 4190 0x000002cdb035f590 code [0x000002cdb035f740, 0x000002cdb035f888]

GC Heap History (20 events):
Event: 6.465 GC heap before
{Heap before GC invocations=8 (full 1):
 PSYoungGen      total 26112K, used 25877K [0x00000000eab00000, 0x00000000ec780000, 0x0000000100000000)
  eden space 24576K, 100% used [0x00000000eab00000,0x00000000ec300000,0x00000000ec300000)
  from space 1536K, 84% used [0x00000000ec600000,0x00000000ec745590,0x00000000ec780000)
  to   space 1536K, 0% used [0x00000000ec480000,0x00000000ec480000,0x00000000ec600000)
 ParOldGen       total 68608K, used 7433K [0x00000000c0000000, 0x00000000c4300000, 0x00000000eab00000)
  object space 68608K, 10% used [0x00000000c0000000,0x00000000c0742780,0x00000000c4300000)
 Metaspace       used 31904K, committed 32512K, reserved 1081344K
  class space    used 3178K, committed 3456K, reserved 1048576K
}
Event: 6.467 GC heap after
{Heap after GC invocations=8 (full 1):
 PSYoungGen      total 25600K, used 1531K [0x00000000eab00000, 0x00000000ec880000, 0x0000000100000000)
  eden space 24064K, 0% used [0x00000000eab00000,0x00000000eab00000,0x00000000ec280000)
  from space 1536K, 99% used [0x00000000ec480000,0x00000000ec5fefc0,0x00000000ec600000)
  to   space 2560K, 0% used [0x00000000ec600000,0x00000000ec600000,0x00000000ec880000)
 ParOldGen       total 68608K, used 8384K [0x00000000c0000000, 0x00000000c4300000, 0x00000000eab00000)
  object space 68608K, 12% used [0x00000000c0000000,0x00000000c0830008,0x00000000c4300000)
 Metaspace       used 31904K, committed 32512K, reserved 1081344K
  class space    used 3178K, committed 3456K, reserved 1048576K
}
Event: 6.963 GC heap before
{Heap before GC invocations=9 (full 1):
 PSYoungGen      total 25600K, used 25593K [0x00000000eab00000, 0x00000000ec880000, 0x0000000100000000)
  eden space 24064K, 99% used [0x00000000eab00000,0x00000000ec27f820,0x00000000ec280000)
  from space 1536K, 99% used [0x00000000ec480000,0x00000000ec5fefc0,0x00000000ec600000)
  to   space 2560K, 0% used [0x00000000ec600000,0x00000000ec600000,0x00000000ec880000)
 ParOldGen       total 68608K, used 8384K [0x00000000c0000000, 0x00000000c4300000, 0x00000000eab00000)
  object space 68608K, 12% used [0x00000000c0000000,0x00000000c0830008,0x00000000c4300000)
 Metaspace       used 34973K, committed 35648K, reserved 1081344K
  class space    used 3512K, committed 3840K, reserved 1048576K
}
Event: 6.965 GC heap after
{Heap after GC invocations=9 (full 1):
 PSYoungGen      total 26112K, used 2534K [0x00000000eab00000, 0x00000000ec900000, 0x0000000100000000)
  eden space 23552K, 0% used [0x00000000eab00000,0x00000000eab00000,0x00000000ec200000)
  from space 2560K, 99% used [0x00000000ec600000,0x00000000ec879b68,0x00000000ec880000)
  to   space 3584K, 0% used [0x00000000ec200000,0x00000000ec200000,0x00000000ec580000)
 ParOldGen       total 68608K, used 9080K [0x00000000c0000000, 0x00000000c4300000, 0x00000000eab00000)
  object space 68608K, 13% used [0x00000000c0000000,0x00000000c08de028,0x00000000c4300000)
 Metaspace       used 34973K, committed 35648K, reserved 1081344K
  class space    used 3512K, committed 3840K, reserved 1048576K
}
Event: 7.002 GC heap before
{Heap before GC invocations=10 (full 1):
 PSYoungGen      total 26112K, used 3884K [0x00000000eab00000, 0x00000000ec900000, 0x0000000100000000)
  eden space 23552K, 5% used [0x00000000eab00000,0x00000000eac51868,0x00000000ec200000)
  from space 2560K, 99% used [0x00000000ec600000,0x00000000ec879b68,0x00000000ec880000)
  to   space 3584K, 0% used [0x00000000ec200000,0x00000000ec200000,0x00000000ec580000)
 ParOldGen       total 68608K, used 9080K [0x00000000c0000000, 0x00000000c4300000, 0x00000000eab00000)
  object space 68608K, 13% used [0x00000000c0000000,0x00000000c08de028,0x00000000c4300000)
 Metaspace       used 35211K, committed 35840K, reserved 1081344K
  class space    used 3544K, committed 3840K, reserved 1048576K
}
Event: 7.003 GC heap after
{Heap after GC invocations=10 (full 1):
 PSYoungGen      total 26112K, used 2048K [0x00000000eab00000, 0x00000000ec700000, 0x0000000100000000)
  eden space 23552K, 0% used [0x00000000eab00000,0x00000000eab00000,0x00000000ec200000)
  from space 2560K, 80% used [0x00000000ec200000,0x00000000ec4000b8,0x00000000ec480000)
  to   space 2560K, 0% used [0x00000000ec480000,0x00000000ec480000,0x00000000ec700000)
 ParOldGen       total 68608K, used 9873K [0x00000000c0000000, 0x00000000c4300000, 0x00000000eab00000)
  object space 68608K, 14% used [0x00000000c0000000,0x00000000c09a47e8,0x00000000c4300000)
 Metaspace       used 35211K, committed 35840K, reserved 1081344K
  class space    used 3544K, committed 3840K, reserved 1048576K
}
Event: 7.003 GC heap before
{Heap before GC invocations=11 (full 2):
 PSYoungGen      total 26112K, used 2048K [0x00000000eab00000, 0x00000000ec700000, 0x0000000100000000)
  eden space 23552K, 0% used [0x00000000eab00000,0x00000000eab00000,0x00000000ec200000)
  from space 2560K, 80% used [0x00000000ec200000,0x00000000ec4000b8,0x00000000ec480000)
  to   space 2560K, 0% used [0x00000000ec480000,0x00000000ec480000,0x00000000ec700000)
 ParOldGen       total 68608K, used 9873K [0x00000000c0000000, 0x00000000c4300000, 0x00000000eab00000)
  object space 68608K, 14% used [0x00000000c0000000,0x00000000c09a47e8,0x00000000c4300000)
 Metaspace       used 35211K, committed 35840K, reserved 1081344K
  class space    used 3544K, committed 3840K, reserved 1048576K
}
Event: 7.022 GC heap after
{Heap after GC invocations=11 (full 2):
 PSYoungGen      total 26112K, used 0K [0x00000000eab00000, 0x00000000ec700000, 0x0000000100000000)
  eden space 23552K, 0% used [0x00000000eab00000,0x00000000eab00000,0x00000000ec200000)
  from space 2560K, 0% used [0x00000000ec200000,0x00000000ec200000,0x00000000ec480000)
  to   space 2560K, 0% used [0x00000000ec480000,0x00000000ec480000,0x00000000ec700000)
 ParOldGen       total 68608K, used 11490K [0x00000000c0000000, 0x00000000c4300000, 0x00000000eab00000)
  object space 68608K, 16% used [0x00000000c0000000,0x00000000c0b389b8,0x00000000c4300000)
 Metaspace       used 35211K, committed 35840K, reserved 1081344K
  class space    used 3544K, committed 3840K, reserved 1048576K
}
Event: 7.158 GC heap before
{Heap before GC invocations=12 (full 2):
 PSYoungGen      total 26112K, used 23552K [0x00000000eab00000, 0x00000000ec700000, 0x0000000100000000)
  eden space 23552K, 100% used [0x00000000eab00000,0x00000000ec200000,0x00000000ec200000)
  from space 2560K, 0% used [0x00000000ec200000,0x00000000ec200000,0x00000000ec480000)
  to   space 2560K, 0% used [0x00000000ec480000,0x00000000ec480000,0x00000000ec700000)
 ParOldGen       total 68608K, used 11490K [0x00000000c0000000, 0x00000000c4300000, 0x00000000eab00000)
  object space 68608K, 16% used [0x00000000c0000000,0x00000000c0b389b8,0x00000000c4300000)
 Metaspace       used 35407K, committed 36096K, reserved 1081344K
  class space    used 3570K, committed 3904K, reserved 1048576K
}
Event: 7.160 GC heap after
{Heap after GC invocations=12 (full 2):
 PSYoungGen      total 25600K, used 2464K [0x00000000eab00000, 0x00000000ec700000, 0x0000000100000000)
  eden space 23040K, 0% used [0x00000000eab00000,0x00000000eab00000,0x00000000ec180000)
  from space 2560K, 96% used [0x00000000ec480000,0x00000000ec6e8010,0x00000000ec700000)
  to   space 2560K, 0% used [0x00000000ec200000,0x00000000ec200000,0x00000000ec480000)
 ParOldGen       total 68608K, used 11498K [0x00000000c0000000, 0x00000000c4300000, 0x00000000eab00000)
  object space 68608K, 16% used [0x00000000c0000000,0x00000000c0b3a9b8,0x00000000c4300000)
 Metaspace       used 35407K, committed 36096K, reserved 1081344K
  class space    used 3570K, committed 3904K, reserved 1048576K
}
Event: 7.375 GC heap before
{Heap before GC invocations=13 (full 2):
 PSYoungGen      total 25600K, used 25504K [0x00000000eab00000, 0x00000000ec700000, 0x0000000100000000)
  eden space 23040K, 100% used [0x00000000eab00000,0x00000000ec180000,0x00000000ec180000)
  from space 2560K, 96% used [0x00000000ec480000,0x00000000ec6e8010,0x00000000ec700000)
  to   space 2560K, 0% used [0x00000000ec200000,0x00000000ec200000,0x00000000ec480000)
 ParOldGen       total 68608K, used 11498K [0x00000000c0000000, 0x00000000c4300000, 0x00000000eab00000)
  object space 68608K, 16% used [0x00000000c0000000,0x00000000c0b3a9b8,0x00000000c4300000)
 Metaspace       used 35488K, committed 36160K, reserved 1081344K
  class space    used 3583K, committed 3904K, reserved 1048576K
}
Event: 7.379 GC heap after
{Heap after GC invocations=13 (full 2):
 PSYoungGen      total 25088K, used 2496K [0x00000000eab00000, 0x00000000ec600000, 0x0000000100000000)
  eden space 22528K, 0% used [0x00000000eab00000,0x00000000eab00000,0x00000000ec100000)
  from space 2560K, 97% used [0x00000000ec200000,0x00000000ec470010,0x00000000ec480000)
  to   space 1536K, 0% used [0x00000000ec480000,0x00000000ec480000,0x00000000ec600000)
 ParOldGen       total 68608K, used 14242K [0x00000000c0000000, 0x00000000c4300000, 0x00000000eab00000)
  object space 68608K, 20% used [0x00000000c0000000,0x00000000c0de89c8,0x00000000c4300000)
 Metaspace       used 35488K, committed 36160K, reserved 1081344K
  class space    used 3583K, committed 3904K, reserved 1048576K
}
Event: 7.444 GC heap before
{Heap before GC invocations=14 (full 2):
 PSYoungGen      total 25088K, used 25024K [0x00000000eab00000, 0x00000000ec600000, 0x0000000100000000)
  eden space 22528K, 100% used [0x00000000eab00000,0x00000000ec100000,0x00000000ec100000)
  from space 2560K, 97% used [0x00000000ec200000,0x00000000ec470010,0x00000000ec480000)
  to   space 1536K, 0% used [0x00000000ec480000,0x00000000ec480000,0x00000000ec600000)
 ParOldGen       total 68608K, used 14242K [0x00000000c0000000, 0x00000000c4300000, 0x00000000eab00000)
  object space 68608K, 20% used [0x00000000c0000000,0x00000000c0de89c8,0x00000000c4300000)
 Metaspace       used 35488K, committed 36160K, reserved 1081344K
  class space    used 3583K, committed 3904K, reserved 1048576K
}
Event: 7.450 GC heap after
{Heap after GC invocations=14 (full 2):
 PSYoungGen      total 22528K, used 1536K [0x00000000eab00000, 0x00000000eca80000, 0x0000000100000000)
  eden space 20992K, 0% used [0x00000000eab00000,0x00000000eab00000,0x00000000ebf80000)
  from space 1536K, 100% used [0x00000000ec480000,0x00000000ec600000,0x00000000ec600000)
  to   space 5120K, 0% used [0x00000000ebf80000,0x00000000ebf80000,0x00000000ec480000)
 ParOldGen       total 68608K, used 17291K [0x00000000c0000000, 0x00000000c4300000, 0x00000000eab00000)
  object space 68608K, 25% used [0x00000000c0000000,0x00000000c10e2c38,0x00000000c4300000)
 Metaspace       used 35488K, committed 36160K, reserved 1081344K
  class space    used 3583K, committed 3904K, reserved 1048576K
}
Event: 7.493 GC heap before
{Heap before GC invocations=15 (full 2):
 PSYoungGen      total 22528K, used 22528K [0x00000000eab00000, 0x00000000eca80000, 0x0000000100000000)
  eden space 20992K, 100% used [0x00000000eab00000,0x00000000ebf80000,0x00000000ebf80000)
  from space 1536K, 100% used [0x00000000ec480000,0x00000000ec600000,0x00000000ec600000)
  to   space 5120K, 0% used [0x00000000ebf80000,0x00000000ebf80000,0x00000000ec480000)
 ParOldGen       total 68608K, used 17291K [0x00000000c0000000, 0x00000000c4300000, 0x00000000eab00000)
  object space 68608K, 25% used [0x00000000c0000000,0x00000000c10e2c38,0x00000000c4300000)
 Metaspace       used 35488K, committed 36160K, reserved 1081344K
  class space    used 3583K, committed 3904K, reserved 1048576K
}
Event: 7.497 GC heap after
{Heap after GC invocations=15 (full 2):
 PSYoungGen      total 24064K, used 2784K [0x00000000eab00000, 0x00000000ec680000, 0x0000000100000000)
  eden space 20992K, 0% used [0x00000000eab00000,0x00000000eab00000,0x00000000ebf80000)
  from space 3072K, 90% used [0x00000000ebf80000,0x00000000ec238010,0x00000000ec280000)
  to   space 3584K, 0% used [0x00000000ec300000,0x00000000ec300000,0x00000000ec680000)
 ParOldGen       total 68608K, used 18883K [0x00000000c0000000, 0x00000000c4300000, 0x00000000eab00000)
  object space 68608K, 27% used [0x00000000c0000000,0x00000000c1270c38,0x00000000c4300000)
 Metaspace       used 35488K, committed 36160K, reserved 1081344K
  class space    used 3583K, committed 3904K, reserved 1048576K
}
Event: 7.757 GC heap before
{Heap before GC invocations=16 (full 2):
 PSYoungGen      total 24064K, used 23776K [0x00000000eab00000, 0x00000000ec680000, 0x0000000100000000)
  eden space 20992K, 100% used [0x00000000eab00000,0x00000000ebf80000,0x00000000ebf80000)
  from space 3072K, 90% used [0x00000000ebf80000,0x00000000ec238010,0x00000000ec280000)
  to   space 3584K, 0% used [0x00000000ec300000,0x00000000ec300000,0x00000000ec680000)
 ParOldGen       total 68608K, used 18883K [0x00000000c0000000, 0x00000000c4300000, 0x00000000eab00000)
  object space 68608K, 27% used [0x00000000c0000000,0x00000000c1270c38,0x00000000c4300000)
 Metaspace       used 36404K, committed 37056K, reserved 1089536K
  class space    used 3686K, committed 3968K, reserved 1048576K
}
Event: 7.761 GC heap after
{Heap after GC invocations=16 (full 2):
 PSYoungGen      total 24064K, used 2980K [0x00000000eab00000, 0x00000000ec600000, 0x0000000100000000)
  eden space 20992K, 0% used [0x00000000eab00000,0x00000000eab00000,0x00000000ebf80000)
  from space 3072K, 97% used [0x00000000ec300000,0x00000000ec5e92f0,0x00000000ec600000)
  to   space 3072K, 0% used [0x00000000ebf80000,0x00000000ebf80000,0x00000000ec280000)
 ParOldGen       total 68608K, used 21427K [0x00000000c0000000, 0x00000000c4300000, 0x00000000eab00000)
  object space 68608K, 31% used [0x00000000c0000000,0x00000000c14ecc48,0x00000000c4300000)
 Metaspace       used 36404K, committed 37056K, reserved 1089536K
  class space    used 3686K, committed 3968K, reserved 1048576K
}
Event: 8.145 GC heap before
{Heap before GC invocations=17 (full 2):
 PSYoungGen      total 24064K, used 23941K [0x00000000eab00000, 0x00000000ec600000, 0x0000000100000000)
  eden space 20992K, 99% used [0x00000000eab00000,0x00000000ebf78260,0x00000000ebf80000)
  from space 3072K, 97% used [0x00000000ec300000,0x00000000ec5e92f0,0x00000000ec600000)
  to   space 3072K, 0% used [0x00000000ebf80000,0x00000000ebf80000,0x00000000ec280000)
 ParOldGen       total 68608K, used 21427K [0x00000000c0000000, 0x00000000c4300000, 0x00000000eab00000)
  object space 68608K, 31% used [0x00000000c0000000,0x00000000c14ecc48,0x00000000c4300000)
 Metaspace       used 38736K, committed 39488K, reserved 1089536K
  class space    used 3947K, committed 4288K, reserved 1048576K
}
Event: 8.147 GC heap after
{Heap after GC invocations=17 (full 2):
 PSYoungGen      total 22016K, used 694K [0x00000000eab00000, 0x00000000ec380000, 0x0000000100000000)
  eden space 20992K, 0% used [0x00000000eab00000,0x00000000eab00000,0x00000000ebf80000)
  from space 1024K, 67% used [0x00000000ebf80000,0x00000000ec02da20,0x00000000ec080000)
  to   space 2048K, 0% used [0x00000000ec180000,0x00000000ec180000,0x00000000ec380000)
 ParOldGen       total 68608K, used 24270K [0x00000000c0000000, 0x00000000c4300000, 0x00000000eab00000)
  object space 68608K, 35% used [0x00000000c0000000,0x00000000c17b3928,0x00000000c4300000)
 Metaspace       used 38736K, committed 39488K, reserved 1089536K
  class space    used 3947K, committed 4288K, reserved 1048576K
}

Dll operation events (10 events):
Event: 0.028 Loaded shared library c:\Users\24449\.vscode\extensions\redhat.java-1.16.0-win32-x64\jre\17.0.6-win32-x86_64\bin\java.dll
Event: 0.222 Loaded shared library c:\Users\24449\.vscode\extensions\redhat.java-1.16.0-win32-x64\jre\17.0.6-win32-x86_64\bin\zip.dll
Event: 0.229 Loaded shared library C:\Users\24449\.vscode\extensions\redhat.java-1.16.0-win32-x64\jre\17.0.6-win32-x86_64\bin\instrument.dll
Event: 0.246 Loaded shared library C:\Users\24449\.vscode\extensions\redhat.java-1.16.0-win32-x64\jre\17.0.6-win32-x86_64\bin\net.dll
Event: 0.249 Loaded shared library C:\Users\24449\.vscode\extensions\redhat.java-1.16.0-win32-x64\jre\17.0.6-win32-x86_64\bin\nio.dll
Event: 0.259 Loaded shared library C:\Users\24449\.vscode\extensions\redhat.java-1.16.0-win32-x64\jre\17.0.6-win32-x86_64\bin\zip.dll
Event: 0.277 Loaded shared library C:\Users\24449\.vscode\extensions\redhat.java-1.16.0-win32-x64\jre\17.0.6-win32-x86_64\bin\jimage.dll
Event: 0.349 Loaded shared library c:\Users\24449\.vscode\extensions\redhat.java-1.16.0-win32-x64\jre\17.0.6-win32-x86_64\bin\verify.dll
Event: 3.944 Loaded shared library C:\Users\24449\AppData\Roaming\Code\User\globalStorage\redhat.java\1.16.0\config_ss_win\org.eclipse.equinox.launcher\org.eclipse.equinox.launcher.win32.win32.x86_64_1.2.700.v20221108-1024\eclipse_11801.dll
Event: 6.160 Loaded shared library C:\Users\24449\AppData\Local\Temp\jna-47776823\jna9701036488017585146.dll

Deoptimization events (20 events):
Event: 8.293 Thread 0x000002cdc6750ba0 Uncommon trap: trap_request=0xffffffbe fr.pc=0x000002cdb78582c8 relative=0x00000000000005a8
Event: 8.293 Thread 0x000002cdc6750ba0 Uncommon trap: reason=profile_predicate action=maybe_recompile pc=0x000002cdb78582c8 method=jdk.internal.jimage.ImageStringsReader.stringFromByteBufferMatches(Ljava/nio/ByteBuffer;ILjava/lang/String;I)I @ 19 c2
Event: 8.293 Thread 0x000002cdc6750ba0 DEOPT PACKING pc=0x000002cdb78582c8 sp=0x000000e8313f8e10
Event: 8.293 Thread 0x000002cdc6750ba0 DEOPT UNPACKING pc=0x000002cdb6f366a3 sp=0x000000e8313f8d88 mode 2
Event: 8.293 Thread 0x000002cdc6750ba0 Uncommon trap: trap_request=0xffffffbe fr.pc=0x000002cdb78582c8 relative=0x00000000000005a8
Event: 8.293 Thread 0x000002cdc6750ba0 Uncommon trap: reason=profile_predicate action=maybe_recompile pc=0x000002cdb78582c8 method=jdk.internal.jimage.ImageStringsReader.stringFromByteBufferMatches(Ljava/nio/ByteBuffer;ILjava/lang/String;I)I @ 19 c2
Event: 8.293 Thread 0x000002cdc6750ba0 DEOPT PACKING pc=0x000002cdb78582c8 sp=0x000000e8313f8e10
Event: 8.293 Thread 0x000002cdc6750ba0 DEOPT UNPACKING pc=0x000002cdb6f366a3 sp=0x000000e8313f8d88 mode 2
Event: 8.463 Thread 0x000002cdc6750ba0 Uncommon trap: trap_request=0xffffff45 fr.pc=0x000002cdb775db20 relative=0x0000000000000ca0
Event: 8.463 Thread 0x000002cdc6750ba0 Uncommon trap: reason=unstable_if action=reinterpret pc=0x000002cdb775db20 method=java.util.TreeMap.put(Ljava/lang/Object;Ljava/lang/Object;Z)Ljava/lang/Object; @ 27 c2
Event: 8.463 Thread 0x000002cdc6750ba0 DEOPT PACKING pc=0x000002cdb775db20 sp=0x000000e8313fdb30
Event: 8.463 Thread 0x000002cdc6750ba0 DEOPT UNPACKING pc=0x000002cdb6f366a3 sp=0x000000e8313fda78 mode 2
Event: 8.463 Thread 0x000002cdc6750ba0 Uncommon trap: trap_request=0xffffff45 fr.pc=0x000002cdb77572e4 relative=0x0000000000000ce4
Event: 8.463 Thread 0x000002cdc6750ba0 Uncommon trap: reason=unstable_if action=reinterpret pc=0x000002cdb77572e4 method=java.util.TreeMap.put(Ljava/lang/Object;Ljava/lang/Object;Z)Ljava/lang/Object; @ 27 c2
Event: 8.463 Thread 0x000002cdc6750ba0 DEOPT PACKING pc=0x000002cdb77572e4 sp=0x000000e8313fdac0
Event: 8.463 Thread 0x000002cdc6750ba0 DEOPT UNPACKING pc=0x000002cdb6f366a3 sp=0x000000e8313fda80 mode 2
Event: 8.492 Thread 0x000002cdc6750ba0 Uncommon trap: trap_request=0xffffffbe fr.pc=0x000002cdb785fa18 relative=0x00000000000026f8
Event: 8.492 Thread 0x000002cdc6750ba0 Uncommon trap: reason=profile_predicate action=maybe_recompile pc=0x000002cdb785fa18 method=jdk.internal.jimage.ImageStringsReader.stringFromByteBufferMatches(Ljava/nio/ByteBuffer;ILjava/lang/String;I)I @ 19 c2
Event: 8.492 Thread 0x000002cdc6750ba0 DEOPT PACKING pc=0x000002cdb785fa18 sp=0x000000e8313f8f10
Event: 8.493 Thread 0x000002cdc6750ba0 DEOPT UNPACKING pc=0x000002cdb6f366a3 sp=0x000000e8313f8c68 mode 2

Classes unloaded (7 events):
Event: 4.788 Thread 0x000002cdc2ed3d60 Unloading class 0x0000000100212400 'java/lang/invoke/LambdaForm$MH+0x0000000100212400'
Event: 4.788 Thread 0x000002cdc2ed3d60 Unloading class 0x0000000100212000 'java/lang/invoke/LambdaForm$MH+0x0000000100212000'
Event: 4.788 Thread 0x000002cdc2ed3d60 Unloading class 0x0000000100211c00 'java/lang/invoke/LambdaForm$MH+0x0000000100211c00'
Event: 4.788 Thread 0x000002cdc2ed3d60 Unloading class 0x0000000100211800 'java/lang/invoke/LambdaForm$MH+0x0000000100211800'
Event: 4.788 Thread 0x000002cdc2ed3d60 Unloading class 0x0000000100211000 'java/lang/invoke/LambdaForm$BMH+0x0000000100211000'
Event: 4.788 Thread 0x000002cdc2ed3d60 Unloading class 0x0000000100210c00 'java/lang/invoke/LambdaForm$DMH+0x0000000100210c00'
Event: 4.788 Thread 0x000002cdc2ed3d60 Unloading class 0x000000010020e000 'java/lang/invoke/LambdaForm$DMH+0x000000010020e000'

Classes redefined (0 events):
No events

Internal exceptions (20 events):
Event: 6.210 Thread 0x000002cdc60541e0 Exception <a 'java/lang/UnsatisfiedLinkError'{0x00000000eb8b7098}: 找不到指定的程序。
> (0x00000000eb8b7098) 
thrown [s\src\hotspot\share\prims\jni.cpp, line 535]
Event: 6.243 Thread 0x000002cdab621d30 Exception <a 'java/lang/NoSuchMethodError'{0x00000000eb9ef088}: 'java.lang.Object java.lang.invoke.DirectMethodHandle$Holder.invokeStatic(java.lang.Object, java.lang.Object, long, java.lang.Object)'> (0x00000000eb9ef088) 
thrown [s\src\hotspot\share\interpreter\linkResolver.cpp, line 759]
Event: 6.244 Thread 0x000002cdab621d30 Exception <a 'java/lang/NoSuchMethodError'{0x00000000eb9f2b20}: 'java.lang.Object java.lang.invoke.DirectMethodHandle$Holder.invokeStaticInit(java.lang.Object, java.lang.Object, long, java.lang.Object)'> (0x00000000eb9f2b20) 
thrown [s\src\hotspot\share\interpreter\linkResolver.cpp, line 759]
Event: 6.245 Thread 0x000002cdab621d30 Exception <a 'java/lang/NoSuchMethodError'{0x00000000eb9f9130}: 'java.lang.Object java.lang.invoke.DirectMethodHandle$Holder.newInvokeSpecial(java.lang.Object, java.lang.Object, long)'> (0x00000000eb9f9130) 
thrown [s\src\hotspot\share\interpreter\linkResolver.cpp, line 759]
Event: 6.245 Thread 0x000002cdab621d30 Exception <a 'java/lang/NoSuchMethodError'{0x00000000eb9fcb70}: 'java.lang.Object java.lang.invoke.Invokers$Holder.linkToTargetMethod(java.lang.Object, long, java.lang.Object)'> (0x00000000eb9fcb70) 
thrown [s\src\hotspot\share\interpreter\linkResolver.cpp, line 759]
Event: 6.305 Thread 0x000002cdab621d30 Exception <a 'java/lang/NoSuchMethodError'{0x00000000ebb92600}: 'void java.lang.invoke.DirectMethodHandle$Holder.invokeStatic(java.lang.Object, java.lang.Object, java.lang.Object, java.lang.Object)'> (0x00000000ebb92600) 
thrown [s\src\hotspot\share\interpreter\linkResolver.cpp, line 759]
Event: 6.486 Thread 0x000002cdab621d30 Exception <a 'java/lang/NoSuchMethodError'{0x00000000eac0e2c8}: 'void java.lang.invoke.DirectMethodHandle$Holder.invokeSpecial(java.lang.Object, java.lang.Object, java.lang.Object, java.lang.Object, java.lang.Object, java.lang.Object)'> (0x00000000eac0e2c8) 
thrown [s\src\hotspot\share\interpreter\linkResolver.cpp, line 759]
Event: 6.487 Thread 0x000002cdab621d30 Exception <a 'java/lang/IncompatibleClassChangeError'{0x00000000eac16ef0}: Found class java.lang.Object, but interface was expected> (0x00000000eac16ef0) 
thrown [s\src\hotspot\share\interpreter\linkResolver.cpp, line 826]
Event: 6.615 Thread 0x000002cdc674fd30 Exception <a 'java/io/FileNotFoundException'{0x00000000eb0fc348}> (0x00000000eb0fc348) 
thrown [s\src\hotspot\share\prims\jni.cpp, line 516]
Event: 6.841 Thread 0x000002cdc674f390 Exception <a 'java/lang/NoSuchMethodError'{0x00000000ebb0d8d0}: 'java.lang.Object java.lang.invoke.Invokers$Holder.invoke_MT(java.lang.Object, java.lang.Object, java.lang.Object)'> (0x00000000ebb0d8d0) 
thrown [s\src\hotspot\share\interpreter\linkResolver.cpp, line 759]
Event: 7.097 Thread 0x000002cdc674f390 Exception <a 'java/io/FileNotFoundException'{0x00000000eb8866d8}> (0x00000000eb8866d8) 
thrown [s\src\hotspot\share\prims\jni.cpp, line 516]
Event: 7.097 Thread 0x000002cdc674f390 Exception <a 'java/io/FileNotFoundException'{0x00000000eb888460}> (0x00000000eb888460) 
thrown [s\src\hotspot\share\prims\jni.cpp, line 516]
Event: 7.099 Thread 0x000002cdc674f390 Exception <a 'java/lang/NoSuchMethodError'{0x00000000eb894ed0}: 'void java.lang.invoke.DirectMethodHandle$Holder.invokeStaticInit(java.lang.Object, java.lang.Object, java.lang.Object)'> (0x00000000eb894ed0) 
thrown [s\src\hotspot\share\interpreter\linkResolver.cpp, line 759]
Event: 7.667 Thread 0x000002cdc6750ba0 Exception <a 'java/lang/NoSuchMethodError'{0x00000000ebc0b128}: 'java.lang.Object java.lang.invoke.DirectMethodHandle$Holder.invokeInterface(java.lang.Object, java.lang.Object, java.lang.Object)'> (0x00000000ebc0b128) 
thrown [s\src\hotspot\share\interpreter\linkResolver.cpp, line 759]
Event: 7.777 Thread 0x000002cdc6750ba0 Implicit null exception at 0x000002cdb771bfc8 to 0x000002cdb771c088
Event: 7.973 Thread 0x000002cdc674f390 Exception <a 'java/io/FileNotFoundException'{0x00000000eb62f9a0}> (0x00000000eb62f9a0) 
thrown [s\src\hotspot\share\prims\jni.cpp, line 516]
Event: 7.973 Thread 0x000002cdc674f390 Exception <a 'java/io/FileNotFoundException'{0x00000000eb631168}> (0x00000000eb631168) 
thrown [s\src\hotspot\share\prims\jni.cpp, line 516]
Event: 8.463 Thread 0x000002cdc6750ba0 Implicit null exception at 0x000002cdb775cec3 to 0x000002cdb775db04
Event: 8.463 Thread 0x000002cdc6750ba0 Implicit null exception at 0x000002cdb7756647 to 0x000002cdb77572c4
Event: 8.503 Thread 0x000002cdc6750ba0 Exception <a 'java/lang/NoClassDefFoundError'{0x00000000eb7be388}: org/eclipse/core/runtime/IPath> (0x00000000eb7be388) 
thrown [s\src\hotspot\share\classfile\systemDictionary.cpp, line 245]

VM Operations (20 events):
Event: 7.056 Executing VM operation: HandshakeAllThreads
Event: 7.057 Executing VM operation: HandshakeAllThreads done
Event: 7.158 Executing VM operation: ParallelGCFailedAllocation
Event: 7.160 Executing VM operation: ParallelGCFailedAllocation done
Event: 7.374 Executing VM operation: ParallelGCFailedAllocation
Event: 7.379 Executing VM operation: ParallelGCFailedAllocation done
Event: 7.444 Executing VM operation: ParallelGCFailedAllocation
Event: 7.450 Executing VM operation: ParallelGCFailedAllocation done
Event: 7.493 Executing VM operation: ParallelGCFailedAllocation
Event: 7.497 Executing VM operation: ParallelGCFailedAllocation done
Event: 7.560 Executing VM operation: HandshakeAllThreads
Event: 7.560 Executing VM operation: HandshakeAllThreads done
Event: 7.731 Executing VM operation: HandshakeAllThreads
Event: 7.731 Executing VM operation: HandshakeAllThreads done
Event: 7.757 Executing VM operation: ParallelGCFailedAllocation
Event: 7.761 Executing VM operation: ParallelGCFailedAllocation done
Event: 7.922 Executing VM operation: HandshakeAllThreads
Event: 7.922 Executing VM operation: HandshakeAllThreads done
Event: 8.145 Executing VM operation: ParallelGCFailedAllocation
Event: 8.147 Executing VM operation: ParallelGCFailedAllocation done

Events (20 events):
Event: 7.712 loading class sun/nio/cs/ThreadLocalCoders$Cache
Event: 7.713 loading class sun/nio/cs/ThreadLocalCoders$Cache done
Event: 7.713 loading class sun/nio/cs/ThreadLocalCoders$1 done
Event: 7.713 loading class sun/nio/cs/ThreadLocalCoders$2
Event: 7.713 loading class sun/nio/cs/ThreadLocalCoders$2 done
Event: 7.746 loading class java/lang/ExceptionInInitializerError
Event: 7.746 loading class java/lang/ExceptionInInitializerError done
Event: 7.932 Thread 0x000002cdc551aa60 Thread exited: 0x000002cdc551aa60
Event: 7.932 Thread 0x000002cdc551b990 Thread exited: 0x000002cdc551b990
Event: 7.969 Thread 0x000002cdc6751a10 Thread added: 0x000002cdc6751a10
Event: 7.970 loading class java/util/WeakHashMap$KeyIterator
Event: 7.970 loading class java/util/WeakHashMap$KeyIterator done
Event: 8.194 loading class java/util/Vector$1
Event: 8.195 loading class java/util/Vector$1 done
Event: 8.242 Thread 0x000002cdc551b480 Thread exited: 0x000002cdc551b480
Event: 8.389 Thread 0x000002cdc551d2e0 Thread exited: 0x000002cdc551d2e0
Event: 8.463 loading class java/util/Collections$UnmodifiableSortedSet
Event: 8.463 loading class java/util/Collections$UnmodifiableSortedSet done
Event: 8.516 loading class java/util/regex/Pattern$Caret
Event: 8.516 loading class java/util/regex/Pattern$Caret done


Dynamic libraries:
0x00007ff690a00000 - 0x00007ff690a0e000 	c:\Users\24449\.vscode\extensions\redhat.java-1.16.0-win32-x64\jre\17.0.6-win32-x86_64\bin\java.exe
0x00007ffd14810000 - 0x00007ffd14a08000 	C:\windows\SYSTEM32\ntdll.dll
0x00007ffd13690000 - 0x00007ffd1374f000 	C:\windows\System32\KERNEL32.DLL
0x00007ffd121b0000 - 0x00007ffd12482000 	C:\windows\System32\KERNELBASE.dll
0x00007ffd125f0000 - 0x00007ffd126f0000 	C:\windows\System32\ucrtbase.dll
0x00007ffce9450000 - 0x00007ffce9469000 	c:\Users\24449\.vscode\extensions\redhat.java-1.16.0-win32-x64\jre\17.0.6-win32-x86_64\bin\VCRUNTIME140.dll
0x00007ffce8f60000 - 0x00007ffce8f77000 	c:\Users\24449\.vscode\extensions\redhat.java-1.16.0-win32-x64\jre\17.0.6-win32-x86_64\bin\jli.dll
0x00007ffd12b60000 - 0x00007ffd12d01000 	C:\windows\System32\USER32.dll
0x00007ffcfceb0000 - 0x00007ffcfd14a000 	C:\windows\WinSxS\amd64_microsoft.windows.common-controls_6595b64144ccf1df_6.0.19041.1110_none_60b5254171f9507e\COMCTL32.dll
0x00007ffd12050000 - 0x00007ffd12072000 	C:\windows\System32\win32u.dll
0x00007ffd12d10000 - 0x00007ffd12d3b000 	C:\windows\System32\GDI32.dll
0x00007ffd133e0000 - 0x00007ffd1347e000 	C:\windows\System32\msvcrt.dll
0x00007ffd11f40000 - 0x00007ffd1204f000 	C:\windows\System32\gdi32full.dll
0x00007ffd12080000 - 0x00007ffd1211d000 	C:\windows\System32\msvcp_win.dll
0x00007ffd12b30000 - 0x00007ffd12b60000 	C:\windows\System32\IMM32.DLL
0x00007ffcf3e20000 - 0x00007ffcf3e2c000 	c:\Users\24449\.vscode\extensions\redhat.java-1.16.0-win32-x64\jre\17.0.6-win32-x86_64\bin\vcruntime140_1.dll
0x00007ffcce1f0000 - 0x00007ffcce281000 	c:\Users\24449\.vscode\extensions\redhat.java-1.16.0-win32-x64\jre\17.0.6-win32-x86_64\bin\msvcp140.dll
0x00007ffc6a2b0000 - 0x00007ffc6aef7000 	c:\Users\24449\.vscode\extensions\redhat.java-1.16.0-win32-x64\jre\17.0.6-win32-x86_64\bin\server\jvm.dll
0x00007ffd13540000 - 0x00007ffd135ee000 	C:\windows\System32\ADVAPI32.dll
0x00007ffd135f0000 - 0x00007ffd1368c000 	C:\windows\System32\sechost.dll
0x00007ffd12860000 - 0x00007ffd12984000 	C:\windows\System32\RPCRT4.dll
0x00007ffd08310000 - 0x00007ffd08337000 	C:\windows\SYSTEM32\WINMM.dll
0x00007ffd10c30000 - 0x00007ffd10c3a000 	C:\windows\SYSTEM32\VERSION.dll
0x00007ffccd580000 - 0x00007ffccd589000 	C:\windows\SYSTEM32\WSOCK32.dll
0x00007ffd12dc0000 - 0x00007ffd12e2b000 	C:\windows\System32\ws2_32.DLL
0x00007ffd10610000 - 0x00007ffd10622000 	C:\windows\SYSTEM32\kernel.appcore.dll
0x00007ffcf19b0000 - 0x00007ffcf19ba000 	c:\Users\24449\.vscode\extensions\redhat.java-1.16.0-win32-x64\jre\17.0.6-win32-x86_64\bin\jimage.dll
0x00007ffd10210000 - 0x00007ffd103f4000 	C:\windows\SYSTEM32\DBGHELP.DLL
0x00007ffcf73d0000 - 0x00007ffcf7405000 	C:\windows\SYSTEM32\dbgcore.DLL
0x00007ffd12120000 - 0x00007ffd121a2000 	C:\windows\System32\bcryptPrimitives.dll
0x00007ffcf01f0000 - 0x00007ffcf01fe000 	c:\Users\24449\.vscode\extensions\redhat.java-1.16.0-win32-x64\jre\17.0.6-win32-x86_64\bin\instrument.dll
0x00007ffcdf670000 - 0x00007ffcdf695000 	c:\Users\24449\.vscode\extensions\redhat.java-1.16.0-win32-x64\jre\17.0.6-win32-x86_64\bin\java.dll
0x00007ffce1310000 - 0x00007ffce1328000 	c:\Users\24449\.vscode\extensions\redhat.java-1.16.0-win32-x64\jre\17.0.6-win32-x86_64\bin\zip.dll
0x00007ffd13750000 - 0x00007ffd13e95000 	C:\windows\System32\SHELL32.dll
0x00007ffd0f9a0000 - 0x00007ffd10132000 	C:\windows\SYSTEM32\windows.storage.dll
0x00007ffd12f60000 - 0x00007ffd132b5000 	C:\windows\System32\combase.dll
0x00007ffd11970000 - 0x00007ffd119a0000 	C:\windows\SYSTEM32\Wldp.dll
0x00007ffd13f00000 - 0x00007ffd13fad000 	C:\windows\System32\SHCORE.dll
0x00007ffd12ad0000 - 0x00007ffd12b25000 	C:\windows\System32\shlwapi.dll
0x00007ffd11e50000 - 0x00007ffd11e6f000 	C:\windows\SYSTEM32\profapi.dll
0x00007ffce1210000 - 0x00007ffce1229000 	C:\Users\24449\.vscode\extensions\redhat.java-1.16.0-win32-x64\jre\17.0.6-win32-x86_64\bin\net.dll
0x00007ffd0c540000 - 0x00007ffd0c64a000 	C:\windows\SYSTEM32\WINHTTP.dll
0x00007ffd116d0000 - 0x00007ffd1173a000 	C:\windows\system32\mswsock.dll
0x00007ffce0cb0000 - 0x00007ffce0cc5000 	C:\Users\24449\.vscode\extensions\redhat.java-1.16.0-win32-x64\jre\17.0.6-win32-x86_64\bin\nio.dll
0x00007ffcefea0000 - 0x00007ffcefeb0000 	c:\Users\24449\.vscode\extensions\redhat.java-1.16.0-win32-x64\jre\17.0.6-win32-x86_64\bin\verify.dll
0x00007ffcde7b0000 - 0x00007ffcde7ee000 	C:\Users\24449\AppData\Roaming\Code\User\globalStorage\redhat.java\1.16.0\config_ss_win\org.eclipse.equinox.launcher\org.eclipse.equinox.launcher.win32.win32.x86_64_1.2.700.v20221108-1024\eclipse_11801.dll
0x00007ffd12e30000 - 0x00007ffd12f5a000 	C:\windows\System32\ole32.dll
0x00007ffd118c0000 - 0x00007ffd118d8000 	C:\windows\SYSTEM32\CRYPTSP.dll
0x00007ffd10f80000 - 0x00007ffd10fb4000 	C:\windows\system32\rsaenh.dll
0x00007ffd11f10000 - 0x00007ffd11f37000 	C:\windows\System32\bcrypt.dll
0x00007ffd11dd0000 - 0x00007ffd11dfe000 	C:\windows\SYSTEM32\USERENV.dll
0x00007ffd118e0000 - 0x00007ffd118ec000 	C:\windows\SYSTEM32\CRYPTBASE.dll
0x00007ffd11370000 - 0x00007ffd113ab000 	C:\windows\SYSTEM32\IPHLPAPI.DLL
0x00007ffd14160000 - 0x00007ffd14168000 	C:\windows\System32\NSI.dll
0x00007ffd0a3e0000 - 0x00007ffd0a3f7000 	C:\windows\SYSTEM32\dhcpcsvc6.DLL
0x00007ffd0a6d0000 - 0x00007ffd0a6ed000 	C:\windows\SYSTEM32\dhcpcsvc.DLL
0x00007ffd113c0000 - 0x00007ffd1148b000 	C:\windows\SYSTEM32\DNSAPI.dll
0x00007ffcdd5c0000 - 0x00007ffcdd605000 	C:\Users\24449\AppData\Local\Temp\jna-47776823\jna9701036488017585146.dll
0x00007ffd145e0000 - 0x00007ffd145e8000 	C:\windows\System32\PSAPI.DLL

dbghelp: loaded successfully - version: 4.0.5 - missing functions: none
symbol engine: initialized successfully - sym options: 0x614 - pdb path: .;c:\Users\24449\.vscode\extensions\redhat.java-1.16.0-win32-x64\jre\17.0.6-win32-x86_64\bin;C:\windows\SYSTEM32;C:\windows\WinSxS\amd64_microsoft.windows.common-controls_6595b64144ccf1df_6.0.19041.1110_none_60b5254171f9507e;c:\Users\24449\.vscode\extensions\redhat.java-1.16.0-win32-x64\jre\17.0.6-win32-x86_64\bin\server;C:\Users\24449\AppData\Roaming\Code\User\globalStorage\redhat.java\1.16.0\config_ss_win\org.eclipse.equinox.launcher\org.eclipse.equinox.launcher.win32.win32.x86_64_1.2.700.v20221108-1024;C:\Users\24449\AppData\Local\Temp\jna-47776823

VM Arguments:
jvm_args: --add-modules=ALL-SYSTEM --add-opens=java.base/java.util=ALL-UNNAMED --add-opens=java.base/java.lang=ALL-UNNAMED --add-opens=java.base/sun.nio.fs=ALL-UNNAMED -Declipse.application=org.eclipse.jdt.ls.core.id1 -Dosgi.bundles.defaultStartLevel=4 -Declipse.product=org.eclipse.jdt.ls.core.product -Djava.import.generatesMetadataFilesAtProjectRoot=false -Dfile.encoding=utf8 -XX:+UseParallelGC -XX:GCTimeRatio=4 -XX:AdaptiveSizePolicyWeight=90 -Dsun.zip.disableMemoryMapping=true -Xmx1G -Xms100m -Xlog:disable -javaagent:c:\Users\24449\.vscode\extensions\redhat.java-1.16.0-win32-x64\lombok\lombok-1.18.24.jar 
java_command: c:\Users\24449\.vscode\extensions\redhat.java-1.16.0-win32-x64\server\plugins\org.eclipse.equinox.launcher_1.6.400.v20210924-0641.jar -configuration c:\Users\24449\AppData\Roaming\Code\User\globalStorage\redhat.java\1.16.0\config_ss_win -data c:\Users\24449\AppData\Roaming\Code\User\workspaceStorage\76fc48e359c1731fdab3da0544fc0785\redhat.java\ss_ws
java_class_path (initial): c:\Users\24449\.vscode\extensions\redhat.java-1.16.0-win32-x64\server\plugins\org.eclipse.equinox.launcher_1.6.400.v20210924-0641.jar
Launcher Type: SUN_STANDARD

[Global flags]
    uintx AdaptiveSizePolicyWeight                 = 90                                        {product} {command line}
     intx CICompilerCount                          = 12                                        {product} {ergonomic}
    uintx GCTimeRatio                              = 4                                         {product} {command line}
   size_t InitialHeapSize                          = 104857600                                 {product} {command line}
   size_t MaxHeapSize                              = 1073741824                                {product} {command line}
   size_t MaxNewSize                               = 357564416                                 {product} {ergonomic}
   size_t MinHeapDeltaBytes                        = 524288                                    {product} {ergonomic}
   size_t MinHeapSize                              = 104857600                                 {product} {command line}
   size_t NewSize                                  = 34603008                                  {product} {ergonomic}
    uintx NonNMethodCodeHeapSize                   = 7602480                                {pd product} {ergonomic}
    uintx NonProfiledCodeHeapSize                  = 122027880                              {pd product} {ergonomic}
   size_t OldSize                                  = 70254592                                  {product} {ergonomic}
    uintx ProfiledCodeHeapSize                     = 122027880                              {pd product} {ergonomic}
    uintx ReservedCodeCacheSize                    = 251658240                              {pd product} {ergonomic}
     bool SegmentedCodeCache                       = true                                      {product} {ergonomic}
   size_t SoftMaxHeapSize                          = 1073741824                             {manageable} {ergonomic}
     bool UseCompressedClassPointers               = true                           {product lp64_product} {ergonomic}
     bool UseCompressedOops                        = true                           {product lp64_product} {ergonomic}
     bool UseLargePagesIndividualAllocation        = false                                  {pd product} {ergonomic}
     bool UseParallelGC                            = true                                      {product} {command line}

Logging:
Log output configuration:
 #0: stdout all=off uptime,level,tags
 #1: stderr all=off uptime,level,tags

Environment Variables:
JAVA_HOME=D:\Java\jdk-17
CLASSPATH=.;D:\Java\jdk-17\lib;D:\Java\jdk-17\lib\dt.jar;D:\Java\jdk-17\lib\tools.jar;E:\JavaProjects\configuration_and_scheduling_of_MRFL;
PATH=D:\gurobi952\win64\bin;C:\Program Files\Common Files\Oracle\Java\javapath;D:\Python39\Scripts\;D:\Python39\;C:\windows\system32;C:\windows;C:\windows\System32\Wbem;C:\windows\System32\WindowsPowerShell\v1.0\;C:\windows\System32\OpenSSH\;D:\MATLAB R2019b\runtime\win64;D:\MATLAB R2019b\bin;D:\MATLAB R2019b\polyspace\bin;D:\IBM\SPSS 25\JRE\bin;D:\Git\cmd;D:\Git\bin;D:\Git\mingw64\libexec\git-core;D:\Prince\engine\bin;C:\Program Files\dotnet\;D:\Java\jdk-17\bin;D:\Java\jdk-17\jre\bin;D:\texlive\2021\bin\win32;D:\CTEX\UserData\miktex\bin;D:\CTEX\MiKTeX\miktex\bin;D:\CTEX\CTeX\ctex\bin;D:\CTEX\CTeX\cct\bin;D:\CTEX\CTeX\ty\bin;D:\CTEX\Ghostscript\gs9.05\bin;D:\CTEX\GSview\gsview;D:\CTEX\WinEdt;D:\apache-maven-3.8.6-bin\apache-maven-3.8.6\bin;C:\Users\24449\AppData\Local\Microsoft\WindowsApps;;D:\JetBrains\PyCharm 2021.1.1\bin;D:\Microsoft VS Code\bin;C:\Users\24449\.dotnet\tools
USERNAME=24449
OS=Windows_NT
PROCESSOR_IDENTIFIER=AMD64 Family 23 Model 96 Stepping 1, AuthenticAMD
TMP=C:\Users\24449\AppData\Local\Temp
TEMP=C:\Users\24449\AppData\Local\Temp



---------------  S Y S T E M  ---------------

OS:
 Windows 10 , 64 bit Build 19041 (10.0.19041.2546)
OS uptime: 11 days 22:48 hours

CPU: total 16 (initial active 16) (16 cores per cpu, 2 threads per core) family 23 model 96 stepping 1 microcode 0x0, cx8, cmov, fxsr, ht, mmx, 3dnowpref, sse, sse2, sse3, ssse3, sse4a, sse4.1, sse4.2, popcnt, lzcnt, tsc, tscinvbit, avx, avx2, aes, clmul, bmi1, bmi2, adx, sha, fma, vzeroupper, clflush, clflushopt

Memory: 4k page, system-wide physical 15697M (6445M free)
TotalPageFile size 17873M (AvailPageFile size 5M)
current process WorkingSet (physical memory assigned to process): 191M, peak: 193M
current process commit charge ("private bytes"): 293M, peak: 300M

vm_info: OpenJDK 64-Bit Server VM (17.0.6+10) for windows-amd64 JRE (17.0.6+10), built on Jan 18 2023 10:08:59 by "temurin" with MS VC++ 16.7 (VS2019)

END.
