#
# There is insufficient memory for the Java Runtime Environment to continue.
# Native memory allocation (malloc) failed to allocate 279936 bytes for Chunk::new
# Possible reasons:
#   The system is out of physical RAM or swap space
#   The process is running with CompressedOops enabled, and the Java Heap may be blocking the growth of the native heap
# Possible solutions:
#   Reduce memory load on the system
#   Increase physical memory or swap space
#   Check if swap backing store is full
#   Decrease Java heap size (-Xmx/-Xms)
#   Decrease number of Java threads
#   Decrease Java thread stack sizes (-Xss)
#   Set larger code cache with -XX:ReservedCodeCacheSize=
#   JVM is running with Unscaled Compressed Oops mode in which the Java heap is
#     placed in the first 4GB address space. The Java Heap base address is the
#     maximum limit for the native heap growth. Please use -XX:HeapBaseMinAddress
#     to set the Java Heap base and to place the Java Heap above 4GB virtual address.
# This output file may be truncated or incomplete.
#
#  Out of Memory Error (arena.cpp:189), pid=22636, tid=15704
#
# JRE version: OpenJDK Runtime Environment Temurin-17.0.6+10 (17.0.6+10) (build 17.0.6+10)
# Java VM: OpenJDK 64-Bit Server VM Temurin-17.0.6+10 (17.0.6+10, mixed mode, tiered, compressed oops, compressed class ptrs, parallel gc, windows-amd64)
# No core dump will be written. Minidumps are not enabled by default on client versions of Windows
#

---------------  S U M M A R Y ------------

Command Line: --add-modules=ALL-SYSTEM --add-opens=java.base/java.util=ALL-UNNAMED --add-opens=java.base/java.lang=ALL-UNNAMED --add-opens=java.base/sun.nio.fs=ALL-UNNAMED -Declipse.application=org.eclipse.jdt.ls.core.id1 -Dosgi.bundles.defaultStartLevel=4 -Declipse.product=org.eclipse.jdt.ls.core.product -Djava.import.generatesMetadataFilesAtProjectRoot=false -Dfile.encoding=utf8 -XX:+UseParallelGC -XX:GCTimeRatio=4 -XX:AdaptiveSizePolicyWeight=90 -Dsun.zip.disableMemoryMapping=true -Xmx1G -Xms100m -Xlog:disable -javaagent:c:\Users\24449\.vscode\extensions\redhat.java-1.16.0-win32-x64\lombok\lombok-1.18.24.jar c:\Users\24449\.vscode\extensions\redhat.java-1.16.0-win32-x64\server\plugins\org.eclipse.equinox.launcher_1.6.400.v20210924-0641.jar -configuration c:\Users\24449\AppData\Roaming\Code\User\globalStorage\redhat.java\1.16.0\config_ss_win -data c:\Users\24449\AppData\Roaming\Code\User\workspaceStorage\76fc48e359c1731fdab3da0544fc0785\redhat.java\ss_ws

Host: AMD Ryzen 7 PRO 4750U with Radeon Graphics, 16 cores, 15G,  Windows 10 , 64 bit Build 19041 (10.0.19041.2546)
Time: Tue Apr  4 15:30:03 2023  Windows 10 , 64 bit Build 19041 (10.0.19041.2546) elapsed time: 0.314783 seconds (0d 0h 0m 0s)

---------------  T H R E A D  ---------------

Current thread (0x0000013c4e455fc0):  JavaThread "C2 CompilerThread2" daemon [_thread_in_native, id=15704, stack(0x000000019dc00000,0x000000019dd00000)]


Current CompileTask:
C2:    314  511       4       lombok.patcher.PatchScript::classMatches (41 bytes)

Stack: [0x000000019dc00000,0x000000019dd00000]
Native frames: (J=compiled Java code, j=interpreted, Vv=VM code, C=native code)
V  [jvm.dll+0x67741a]
V  [jvm.dll+0x834434]
V  [jvm.dll+0x835bde]
V  [jvm.dll+0x836243]
V  [jvm.dll+0x2457b5]
V  [jvm.dll+0xabafc]
V  [jvm.dll+0xac0cc]
V  [jvm.dll+0x2ac94f]
V  [jvm.dll+0x57de47]
V  [jvm.dll+0x220812]
V  [jvm.dll+0x220bef]
V  [jvm.dll+0x21a445]
V  [jvm.dll+0x21790b]
V  [jvm.dll+0x1a3d0d]
V  [jvm.dll+0x22742a]
V  [jvm.dll+0x225565]
V  [jvm.dll+0x7ea2cb]
V  [jvm.dll+0x7e483a]
V  [jvm.dll+0x6762c5]
C  [ucrtbase.dll+0x21bb2]
C  [KERNEL32.DLL+0x17614]
C  [ntdll.dll+0x526a1]


---------------  P R O C E S S  ---------------

Threads class SMR info:
_java_thread_list=0x0000013c4c7ee6a0, length=17, elements={
0x0000013c36b30fc0, 0x0000013c4c4b9520, 0x0000013c4c4bb8d0, 0x0000013c4c4d5140,
0x0000013c4c4d6010, 0x0000013c4c4ef220, 0x0000013c4c4efae0, 0x0000013c4c4f2620,
0x0000013c4c4f5f20, 0x0000013c4c5024f0, 0x0000013c4c630040, 0x0000013c4c6927b0,
0x0000013c4c693180, 0x0000013c4c6a8a90, 0x0000013c4c6db7a0, 0x0000013c4e2e4c20,
0x0000013c4e455fc0
}

Java Threads: ( => current thread )
  0x0000013c36b30fc0 JavaThread "main" [_thread_in_vm, id=10028, stack(0x000000019c900000,0x000000019ca00000)]
  0x0000013c4c4b9520 JavaThread "Reference Handler" daemon [_thread_blocked, id=28480, stack(0x000000019cc00000,0x000000019cd00000)]
  0x0000013c4c4bb8d0 JavaThread "Finalizer" daemon [_thread_blocked, id=17984, stack(0x000000019cd00000,0x000000019ce00000)]
  0x0000013c4c4d5140 JavaThread "Signal Dispatcher" daemon [_thread_blocked, id=5692, stack(0x000000019ce00000,0x000000019cf00000)]
  0x0000013c4c4d6010 JavaThread "Attach Listener" daemon [_thread_blocked, id=11100, stack(0x000000019cf00000,0x000000019d000000)]
  0x0000013c4c4ef220 JavaThread "Service Thread" daemon [_thread_blocked, id=18212, stack(0x000000019d000000,0x000000019d100000)]
  0x0000013c4c4efae0 JavaThread "Monitor Deflation Thread" daemon [_thread_blocked, id=11804, stack(0x000000019d100000,0x000000019d200000)]
  0x0000013c4c4f2620 JavaThread "C2 CompilerThread0" daemon [_thread_in_native, id=10292, stack(0x000000019d200000,0x000000019d300000)]
  0x0000013c4c4f5f20 JavaThread "C1 CompilerThread0" daemon [_thread_blocked, id=5756, stack(0x000000019d300000,0x000000019d400000)]
  0x0000013c4c5024f0 JavaThread "Sweeper thread" daemon [_thread_blocked, id=4884, stack(0x000000019d400000,0x000000019d500000)]
  0x0000013c4c630040 JavaThread "Common-Cleaner" daemon [_thread_blocked, id=22532, stack(0x000000019d500000,0x000000019d600000)]
  0x0000013c4c6927b0 JavaThread "C1 CompilerThread1" daemon [_thread_blocked, id=27516, stack(0x000000019d600000,0x000000019d700000)]
  0x0000013c4c693180 JavaThread "C1 CompilerThread2" daemon [_thread_blocked, id=6592, stack(0x000000019d700000,0x000000019d800000)]
  0x0000013c4c6a8a90 JavaThread "C1 CompilerThread3" daemon [_thread_blocked, id=24112, stack(0x000000019d800000,0x000000019d900000)]
  0x0000013c4c6db7a0 JavaThread "C2 CompilerThread1" daemon [_thread_in_native, id=11040, stack(0x000000019d900000,0x000000019da00000)]
  0x0000013c4e2e4c20 JavaThread "Notification Thread" daemon [_thread_blocked, id=10856, stack(0x000000019da00000,0x000000019db00000)]
=>0x0000013c4e455fc0 JavaThread "C2 CompilerThread2" daemon [_thread_in_native, id=15704, stack(0x000000019dc00000,0x000000019dd00000)]

Other Threads:
  0x0000013c4c4b5d70 VMThread "VM Thread" [stack: 0x000000019cb00000,0x000000019cc00000] [id=3760]
  0x0000013c4e2e5910 WatcherThread [stack: 0x000000019db00000,0x000000019dc00000] [id=4536]
  0x0000013c36b44f40 GCTaskThread "GC Thread#0" [stack: 0x000000019ca00000,0x000000019cb00000] [id=18904]

Threads with active compile tasks:
C2 CompilerThread0      324  510       4       lombok.patcher.scripts.MethodLevelPatchScript::patch (21 bytes)
C2 CompilerThread1      324  528   !   4       java.lang.String::replace (258 bytes)
C2 CompilerThread2      324  511       4       lombok.patcher.PatchScript::classMatches (41 bytes)

VM state: not at safepoint (normal execution)

VM Mutex/Monitor currently owned by a thread:  ([mutex/lock_event])
[0x0000013c36b2bce0] Metaspace_lock - owner thread: 0x0000013c36b30fc0

Heap address: 0x00000000c0000000, size: 1024 MB, Compressed Oops mode: 32-bit

CDS archive(s) not mapped
Compressed class space mapped at: 0x0000000100000000-0x0000000140000000, reserved size: 1073741824
Narrow klass base: 0x0000000000000000, Narrow klass shift: 3, Narrow klass range: 0x140000000

GC Precious Log:
 CPUs: 16 total, 16 available
 Memory: 15697M
 Large Page Support: Disabled
 NUMA Support: Disabled
 Compressed Oops: Enabled (32-bit)
 Alignments: Space 512K, Generation 512K, Heap 2M
 Heap Min Capacity: 100M
 Heap Initial Capacity: 100M
 Heap Max Capacity: 1G
 Pre-touch: Disabled
 Parallel Workers: 13

Heap:
 PSYoungGen      total 29696K, used 13928K [0x00000000eab00000, 0x00000000ecc00000, 0x0000000100000000)
  eden space 25600K, 54% used [0x00000000eab00000,0x00000000eb89a2d8,0x00000000ec400000)
  from space 4096K, 0% used [0x00000000ec800000,0x00000000ec800000,0x00000000ecc00000)
  to   space 4096K, 0% used [0x00000000ec400000,0x00000000ec400000,0x00000000ec800000)
 ParOldGen       total 68608K, used 0K [0x00000000c0000000, 0x00000000c4300000, 0x00000000eab00000)
  object space 68608K, 0% used [0x00000000c0000000,0x00000000c0000000,0x00000000c4300000)
 Metaspace       used 8687K, committed 8768K, reserved 1056768K
  class space    used 859K, committed 896K, reserved 1048576K

Card table byte_map: [0x0000013c364e0000,0x0000013c366f0000] _byte_map_base: 0x0000013c35ee0000

Marking Bits: (ParMarkBitMap*) 0x00007ffc87d43e70
 Begin Bits: [0x0000013c487c0000, 0x0000013c497c0000)
 End Bits:   [0x0000013c497c0000, 0x0000013c4a7c0000)

Polling page: 0x0000013c34850000

Metaspace:

Usage:
  Non-class:      7.64 MB used.
      Class:    859.49 KB used.
       Both:      8.48 MB used.

Virtual space:
  Non-class space:        8.00 MB reserved,       7.69 MB ( 96%) committed,  1 nodes.
      Class space:        1.00 GB reserved,     896.00 KB ( <1%) committed,  1 nodes.
             Both:        1.01 GB reserved,       8.56 MB ( <1%) committed. 

Chunk freelists:
   Non-Class:  0 bytes
       Class:  3.09 MB
        Both:  3.09 MB

MaxMetaspaceSize: unlimited
CompressedClassSpaceSize: 1.00 GB
Initial GC threshold: 21.00 MB
Current GC threshold: 21.00 MB
CDS: off
MetaspaceReclaimPolicy: balanced
 - commit_granule_bytes: 65536.
 - commit_granule_words: 8192.
 - virtual_space_node_default_size: 1048576.
 - enlarge_chunks_in_place: 1.
 - new_chunks_are_fully_committed: 0.
 - uncommit_free_chunks: 1.
 - use_allocation_guard: 0.
 - handle_deallocations: 1.


Internal statistics:

num_allocs_failed_limit: 0.
num_arena_births: 10.
num_arena_deaths: 0.
num_vsnodes_births: 2.
num_vsnodes_deaths: 0.
num_space_committed: 137.
num_space_uncommitted: 0.
num_chunks_returned_to_freelist: 0.
num_chunks_taken_from_freelist: 38.
num_chunk_merges: 0.
num_chunk_splits: 20.
num_chunks_enlarged: 17.
num_purges: 0.
num_inconsistent_stats: 0.

CodeHeap 'non-profiled nmethods': size=119168Kb used=166Kb max_used=166Kb free=119001Kb
 bounds [0x0000013c41360000, 0x0000013c415d0000, 0x0000013c487c0000]
CodeHeap 'profiled nmethods': size=119104Kb used=746Kb max_used=746Kb free=118357Kb
 bounds [0x0000013c397c0000, 0x0000013c39a30000, 0x0000013c40c10000]
CodeHeap 'non-nmethods': size=7488Kb used=2825Kb max_used=2839Kb free=4662Kb
 bounds [0x0000013c40c10000, 0x0000013c40ee0000, 0x0000013c41360000]
 total_blobs=951 nmethods=525 adapters=338
 compilation: enabled
              stopped_count=0, restarted_count=0
 full_count=0

Compilation events (20 events):
Event: 0.303 Thread 0x0000013c4e455fc0  511       4       lombok.patcher.PatchScript::classMatches (41 bytes)
Event: 0.303 Thread 0x0000013c4c6db7a0 nmethod 484 0x0000013c41387f10 code [0x0000013c413880a0, 0x0000013c41388478]
Event: 0.305 Thread 0x0000013c4c4f5f20  512       3       java.lang.Byte::<init> (10 bytes)
Event: 0.305 Thread 0x0000013c4c4f5f20 nmethod 512 0x0000013c39874e10 code [0x0000013c39874fc0, 0x0000013c39875198]
Event: 0.305 Thread 0x0000013c4c4f5f20  513       3       java.lang.String::<init> (828 bytes)
Event: 0.305 Thread 0x0000013c4c6db7a0  514       4       java.lang.StringCoding::hasNegatives (25 bytes)
Event: 0.306 Thread 0x0000013c4c6927b0  515       3       java.lang.reflect.Modifier::isPublic (12 bytes)
Event: 0.306 Thread 0x0000013c4c6927b0 nmethod 515 0x0000013c39875290 code [0x0000013c39875420, 0x0000013c39875578]
Event: 0.307 Thread 0x0000013c4c4f5f20 nmethod 513 0x0000013c39875610 code [0x0000013c39875a80, 0x0000013c398780e8]
Event: 0.308 Thread 0x0000013c4c6db7a0 nmethod 514 0x0000013c41388690 code [0x0000013c41388800, 0x0000013c41388958]
Event: 0.308 Thread 0x0000013c4c6db7a0  516       4       java.lang.Math::min (11 bytes)
Event: 0.308 Thread 0x0000013c4c6db7a0 nmethod 516 0x0000013c41388a10 code [0x0000013c41388b80, 0x0000013c41388bd8]
Event: 0.309 Thread 0x0000013c4c6a8a90  517       3       java.lang.reflect.Modifier::isProtected (12 bytes)
Event: 0.309 Thread 0x0000013c4c6a8a90 nmethod 517 0x0000013c39878c90 code [0x0000013c39878e20, 0x0000013c39878f78]
Event: 0.309 Thread 0x0000013c4c6a8a90  518       3       java.lang.Enum::equals (11 bytes)
Event: 0.309 Thread 0x0000013c4c6a8a90 nmethod 518 0x0000013c39879010 code [0x0000013c398791a0, 0x0000013c39879318]
Event: 0.310 Thread 0x0000013c4c6a8a90  519       3       java.lang.invoke.MemberName::initResolved (53 bytes)
Event: 0.310 Thread 0x0000013c4c6a8a90 nmethod 519 0x0000013c39879390 code [0x0000013c39879520, 0x0000013c39879698]
Event: 0.313 Thread 0x0000013c4c4f5f20  522       3       java.util.Arrays::hashCode (44 bytes)
Event: 0.313 Thread 0x0000013c4c4f5f20 nmethod 522 0x0000013c39879710 code [0x0000013c398798c0, 0x0000013c39879ad8]

GC Heap History (0 events):
No events

Dll operation events (8 events):
Event: 0.007 Loaded shared library c:\Users\24449\.vscode\extensions\redhat.java-1.16.0-win32-x64\jre\17.0.6-win32-x86_64\bin\java.dll
Event: 0.116 Loaded shared library c:\Users\24449\.vscode\extensions\redhat.java-1.16.0-win32-x64\jre\17.0.6-win32-x86_64\bin\zip.dll
Event: 0.121 Loaded shared library C:\Users\24449\.vscode\extensions\redhat.java-1.16.0-win32-x64\jre\17.0.6-win32-x86_64\bin\instrument.dll
Event: 0.129 Loaded shared library C:\Users\24449\.vscode\extensions\redhat.java-1.16.0-win32-x64\jre\17.0.6-win32-x86_64\bin\net.dll
Event: 0.131 Loaded shared library C:\Users\24449\.vscode\extensions\redhat.java-1.16.0-win32-x64\jre\17.0.6-win32-x86_64\bin\nio.dll
Event: 0.135 Loaded shared library C:\Users\24449\.vscode\extensions\redhat.java-1.16.0-win32-x64\jre\17.0.6-win32-x86_64\bin\zip.dll
Event: 0.148 Loaded shared library C:\Users\24449\.vscode\extensions\redhat.java-1.16.0-win32-x64\jre\17.0.6-win32-x86_64\bin\jimage.dll
Event: 0.190 Loaded shared library c:\Users\24449\.vscode\extensions\redhat.java-1.16.0-win32-x64\jre\17.0.6-win32-x86_64\bin\verify.dll

Deoptimization events (20 events):
Event: 0.280 Thread 0x0000013c36b30fc0 DEOPT PACKING pc=0x0000013c413814a4 sp=0x000000019c9fa1a0
Event: 0.280 Thread 0x0000013c36b30fc0 DEOPT UNPACKING pc=0x0000013c40c666a3 sp=0x000000019c9fa128 mode 2
Event: 0.280 Thread 0x0000013c36b30fc0 Uncommon trap: trap_request=0xffffffde fr.pc=0x0000013c413814a4 relative=0x0000000000000104
Event: 0.280 Thread 0x0000013c36b30fc0 Uncommon trap: reason=class_check action=maybe_recompile pc=0x0000013c413814a4 method=jdk.internal.misc.Unsafe.allocateUninitializedArray(Ljava/lang/Class;I)Ljava/lang/Object; @ 51 c2
Event: 0.280 Thread 0x0000013c36b30fc0 DEOPT PACKING pc=0x0000013c413814a4 sp=0x000000019c9fa1a0
Event: 0.280 Thread 0x0000013c36b30fc0 DEOPT UNPACKING pc=0x0000013c40c666a3 sp=0x000000019c9fa128 mode 2
Event: 0.280 Thread 0x0000013c36b30fc0 Uncommon trap: trap_request=0xffffffde fr.pc=0x0000013c413814a4 relative=0x0000000000000104
Event: 0.280 Thread 0x0000013c36b30fc0 Uncommon trap: reason=class_check action=maybe_recompile pc=0x0000013c413814a4 method=jdk.internal.misc.Unsafe.allocateUninitializedArray(Ljava/lang/Class;I)Ljava/lang/Object; @ 51 c2
Event: 0.280 Thread 0x0000013c36b30fc0 DEOPT PACKING pc=0x0000013c413814a4 sp=0x000000019c9fa1e0
Event: 0.280 Thread 0x0000013c36b30fc0 DEOPT UNPACKING pc=0x0000013c40c666a3 sp=0x000000019c9fa168 mode 2
Event: 0.287 Thread 0x0000013c36b30fc0 Uncommon trap: trap_request=0xffffff45 fr.pc=0x0000013c41374840 relative=0x00000000000000c0
Event: 0.287 Thread 0x0000013c36b30fc0 Uncommon trap: reason=unstable_if action=reinterpret pc=0x0000013c41374840 method=java.net.URI.match(CJJ)Z @ 45 c2
Event: 0.287 Thread 0x0000013c36b30fc0 DEOPT PACKING pc=0x0000013c41374840 sp=0x000000019c9fc6f0
Event: 0.287 Thread 0x0000013c36b30fc0 DEOPT UNPACKING pc=0x0000013c40c666a3 sp=0x000000019c9fc678 mode 2
Event: 0.292 Thread 0x0000013c36b30fc0 Uncommon trap: trap_request=0xffffff45 fr.pc=0x0000013c4138303c relative=0x00000000000005fc
Event: 0.292 Thread 0x0000013c36b30fc0 Uncommon trap: reason=unstable_if action=reinterpret pc=0x0000013c4138303c method=java.lang.String.replace(Ljava/lang/CharSequence;Ljava/lang/CharSequence;)Ljava/lang/String; @ 48 c2
Event: 0.292 Thread 0x0000013c36b30fc0 DEOPT PACKING pc=0x0000013c4138303c sp=0x000000019c9fc670
Event: 0.292 Thread 0x0000013c36b30fc0 DEOPT UNPACKING pc=0x0000013c40c666a3 sp=0x000000019c9fc5f0 mode 2
Event: 0.305 Thread 0x0000013c36b30fc0 DEOPT PACKING pc=0x0000013c3980a8d6 sp=0x000000019c9fdba0
Event: 0.305 Thread 0x0000013c36b30fc0 DEOPT UNPACKING pc=0x0000013c40c66e43 sp=0x000000019c9fd040 mode 0

Classes unloaded (0 events):
No events

Classes redefined (0 events):
No events

Internal exceptions (2 events):
Event: 0.095 Thread 0x0000013c36b30fc0 Exception <a 'java/lang/NoSuchMethodError'{0x00000000eac51a68}: 'void java.lang.invoke.DirectMethodHandle$Holder.invokeStatic(java.lang.Object, java.lang.Object, java.lang.Object)'> (0x00000000eac51a68) 
thrown [s\src\hotspot\share\interpreter\linkResolver.cpp, line 759]
Event: 0.206 Thread 0x0000013c36b30fc0 Exception <a 'java/lang/reflect/InvocationTargetException'{0x00000000eb132900}> (0x00000000eb132900) 
thrown [s\src\hotspot\share\runtime\reflection.cpp, line 1121]

VM Operations (4 events):
Event: 0.100 Executing VM operation: HandshakeAllThreads
Event: 0.100 Executing VM operation: HandshakeAllThreads done
Event: 0.161 Executing VM operation: HandshakeAllThreads
Event: 0.161 Executing VM operation: HandshakeAllThreads done

Events (20 events):
Event: 0.313 loading class jdk/internal/icu/text/NormalizerBase$NFDMode done
Event: 0.313 loading class jdk/internal/icu/text/NormalizerBase$NFKDMode
Event: 0.313 loading class jdk/internal/icu/text/NormalizerBase$NFKDMode done
Event: 0.313 loading class jdk/internal/icu/text/NormalizerBase$NFCMode
Event: 0.313 loading class jdk/internal/icu/text/NormalizerBase$NFCMode done
Event: 0.313 loading class jdk/internal/icu/text/NormalizerBase$NFKCMode
Event: 0.313 loading class jdk/internal/icu/text/NormalizerBase$NFKCMode done
Event: 0.313 loading class jdk/internal/icu/text/NormalizerBase$1
Event: 0.313 loading class jdk/internal/icu/text/NormalizerBase$1 done
Event: 0.313 loading class jdk/internal/icu/text/NormalizerBase$NFKDModeImpl
Event: 0.313 loading class jdk/internal/icu/text/NormalizerBase$NFKDModeImpl done
Event: 0.313 loading class jdk/internal/icu/text/NormalizerBase$ModeImpl
Event: 0.313 loading class jdk/internal/icu/text/NormalizerBase$ModeImpl done
Event: 0.313 loading class jdk/internal/icu/text/Normalizer2
Event: 0.314 loading class jdk/internal/icu/text/Normalizer2 done
Event: 0.314 loading class jdk/internal/icu/impl/Norm2AllModes
Event: 0.314 loading class jdk/internal/icu/impl/Norm2AllModes done
Event: 0.314 loading class jdk/internal/icu/impl/Norm2AllModes$NoopNormalizer2
Event: 0.314 loading class jdk/internal/icu/impl/Norm2AllModes$NoopNormalizer2 done
Event: 0.314 loading class jdk/internal/icu/impl/Norm2AllModes$NFKCSingleton


Dynamic libraries:
0x00007ff690a00000 - 0x00007ff690a0e000 	c:\Users\24449\.vscode\extensions\redhat.java-1.16.0-win32-x64\jre\17.0.6-win32-x86_64\bin\java.exe
0x00007ffd14810000 - 0x00007ffd14a08000 	C:\windows\SYSTEM32\ntdll.dll
0x00007ffd13690000 - 0x00007ffd1374f000 	C:\windows\System32\KERNEL32.DLL
0x00007ffd121b0000 - 0x00007ffd12482000 	C:\windows\System32\KERNELBASE.dll
0x00007ffd125f0000 - 0x00007ffd126f0000 	C:\windows\System32\ucrtbase.dll
0x00007ffcf7ce0000 - 0x00007ffcf7cf9000 	c:\Users\24449\.vscode\extensions\redhat.java-1.16.0-win32-x64\jre\17.0.6-win32-x86_64\bin\VCRUNTIME140.dll
0x00007ffcf5550000 - 0x00007ffcf5567000 	c:\Users\24449\.vscode\extensions\redhat.java-1.16.0-win32-x64\jre\17.0.6-win32-x86_64\bin\jli.dll
0x00007ffd12b60000 - 0x00007ffd12d01000 	C:\windows\System32\USER32.dll
0x00007ffd12050000 - 0x00007ffd12072000 	C:\windows\System32\win32u.dll
0x00007ffcfceb0000 - 0x00007ffcfd14a000 	C:\windows\WinSxS\amd64_microsoft.windows.common-controls_6595b64144ccf1df_6.0.19041.1110_none_60b5254171f9507e\COMCTL32.dll
0x00007ffd12d10000 - 0x00007ffd12d3b000 	C:\windows\System32\GDI32.dll
0x00007ffd133e0000 - 0x00007ffd1347e000 	C:\windows\System32\msvcrt.dll
0x00007ffd11f40000 - 0x00007ffd1204f000 	C:\windows\System32\gdi32full.dll
0x00007ffd12080000 - 0x00007ffd1211d000 	C:\windows\System32\msvcp_win.dll
0x00007ffd12b30000 - 0x00007ffd12b60000 	C:\windows\System32\IMM32.DLL
0x00007ffd105b0000 - 0x00007ffd105bc000 	c:\Users\24449\.vscode\extensions\redhat.java-1.16.0-win32-x64\jre\17.0.6-win32-x86_64\bin\vcruntime140_1.dll
0x00007ffcdecf0000 - 0x00007ffcded81000 	c:\Users\24449\.vscode\extensions\redhat.java-1.16.0-win32-x64\jre\17.0.6-win32-x86_64\bin\msvcp140.dll
0x00007ffc871c0000 - 0x00007ffc87e07000 	c:\Users\24449\.vscode\extensions\redhat.java-1.16.0-win32-x64\jre\17.0.6-win32-x86_64\bin\server\jvm.dll
0x00007ffd13540000 - 0x00007ffd135ee000 	C:\windows\System32\ADVAPI32.dll
0x00007ffd135f0000 - 0x00007ffd1368c000 	C:\windows\System32\sechost.dll
0x00007ffd12860000 - 0x00007ffd12984000 	C:\windows\System32\RPCRT4.dll
0x00007ffccd580000 - 0x00007ffccd589000 	C:\windows\SYSTEM32\WSOCK32.dll
0x00007ffd12dc0000 - 0x00007ffd12e2b000 	C:\windows\System32\WS2_32.dll
0x00007ffd08310000 - 0x00007ffd08337000 	C:\windows\SYSTEM32\WINMM.dll
0x00007ffd10c30000 - 0x00007ffd10c3a000 	C:\windows\SYSTEM32\VERSION.dll
0x00007ffd10610000 - 0x00007ffd10622000 	C:\windows\SYSTEM32\kernel.appcore.dll
0x00007ffd10540000 - 0x00007ffd1054a000 	c:\Users\24449\.vscode\extensions\redhat.java-1.16.0-win32-x64\jre\17.0.6-win32-x86_64\bin\jimage.dll
0x00007ffd10210000 - 0x00007ffd103f4000 	C:\windows\SYSTEM32\DBGHELP.DLL
0x00007ffcf73d0000 - 0x00007ffcf7405000 	C:\windows\SYSTEM32\dbgcore.DLL
0x00007ffd12120000 - 0x00007ffd121a2000 	C:\windows\System32\bcryptPrimitives.dll
0x00007ffcfbde0000 - 0x00007ffcfbdee000 	c:\Users\24449\.vscode\extensions\redhat.java-1.16.0-win32-x64\jre\17.0.6-win32-x86_64\bin\instrument.dll
0x00007ffcf5000000 - 0x00007ffcf5025000 	c:\Users\24449\.vscode\extensions\redhat.java-1.16.0-win32-x64\jre\17.0.6-win32-x86_64\bin\java.dll
0x00007ffcf3f50000 - 0x00007ffcf3f68000 	c:\Users\24449\.vscode\extensions\redhat.java-1.16.0-win32-x64\jre\17.0.6-win32-x86_64\bin\zip.dll
0x00007ffd13750000 - 0x00007ffd13e95000 	C:\windows\System32\SHELL32.dll
0x00007ffd0f9a0000 - 0x00007ffd10132000 	C:\windows\SYSTEM32\windows.storage.dll
0x00007ffd12f60000 - 0x00007ffd132b5000 	C:\windows\System32\combase.dll
0x00007ffd11970000 - 0x00007ffd119a0000 	C:\windows\SYSTEM32\Wldp.dll
0x00007ffd13f00000 - 0x00007ffd13fad000 	C:\windows\System32\SHCORE.dll
0x00007ffd12ad0000 - 0x00007ffd12b25000 	C:\windows\System32\shlwapi.dll
0x00007ffd11e50000 - 0x00007ffd11e6f000 	C:\windows\SYSTEM32\profapi.dll
0x00007ffcf1a00000 - 0x00007ffcf1a19000 	C:\Users\24449\.vscode\extensions\redhat.java-1.16.0-win32-x64\jre\17.0.6-win32-x86_64\bin\net.dll
0x00007ffd0c540000 - 0x00007ffd0c64a000 	C:\windows\SYSTEM32\WINHTTP.dll
0x00007ffd116d0000 - 0x00007ffd1173a000 	C:\windows\system32\mswsock.dll
0x00007ffcf1300000 - 0x00007ffcf1315000 	C:\Users\24449\.vscode\extensions\redhat.java-1.16.0-win32-x64\jre\17.0.6-win32-x86_64\bin\nio.dll
0x00007ffcfb6b0000 - 0x00007ffcfb6c0000 	c:\Users\24449\.vscode\extensions\redhat.java-1.16.0-win32-x64\jre\17.0.6-win32-x86_64\bin\verify.dll

dbghelp: loaded successfully - version: 4.0.5 - missing functions: none
symbol engine: initialized successfully - sym options: 0x614 - pdb path: .;c:\Users\24449\.vscode\extensions\redhat.java-1.16.0-win32-x64\jre\17.0.6-win32-x86_64\bin;C:\windows\SYSTEM32;C:\windows\WinSxS\amd64_microsoft.windows.common-controls_6595b64144ccf1df_6.0.19041.1110_none_60b5254171f9507e;c:\Users\24449\.vscode\extensions\redhat.java-1.16.0-win32-x64\jre\17.0.6-win32-x86_64\bin\server

VM Arguments:
jvm_args: --add-modules=ALL-SYSTEM --add-opens=java.base/java.util=ALL-UNNAMED --add-opens=java.base/java.lang=ALL-UNNAMED --add-opens=java.base/sun.nio.fs=ALL-UNNAMED -Declipse.application=org.eclipse.jdt.ls.core.id1 -Dosgi.bundles.defaultStartLevel=4 -Declipse.product=org.eclipse.jdt.ls.core.product -Djava.import.generatesMetadataFilesAtProjectRoot=false -Dfile.encoding=utf8 -XX:+UseParallelGC -XX:GCTimeRatio=4 -XX:AdaptiveSizePolicyWeight=90 -Dsun.zip.disableMemoryMapping=true -Xmx1G -Xms100m -Xlog:disable -javaagent:c:\Users\24449\.vscode\extensions\redhat.java-1.16.0-win32-x64\lombok\lombok-1.18.24.jar 
java_command: c:\Users\24449\.vscode\extensions\redhat.java-1.16.0-win32-x64\server\plugins\org.eclipse.equinox.launcher_1.6.400.v20210924-0641.jar -configuration c:\Users\24449\AppData\Roaming\Code\User\globalStorage\redhat.java\1.16.0\config_ss_win -data c:\Users\24449\AppData\Roaming\Code\User\workspaceStorage\76fc48e359c1731fdab3da0544fc0785\redhat.java\ss_ws
java_class_path (initial): c:\Users\24449\.vscode\extensions\redhat.java-1.16.0-win32-x64\server\plugins\org.eclipse.equinox.launcher_1.6.400.v20210924-0641.jar
Launcher Type: SUN_STANDARD

[Global flags]
    uintx AdaptiveSizePolicyWeight                 = 90                                        {product} {command line}
     intx CICompilerCount                          = 12                                        {product} {ergonomic}
    uintx GCTimeRatio                              = 4                                         {product} {command line}
   size_t InitialHeapSize                          = 104857600                                 {product} {command line}
   size_t MaxHeapSize                              = 1073741824                                {product} {command line}
   size_t MaxNewSize                               = 357564416                                 {product} {ergonomic}
   size_t MinHeapDeltaBytes                        = 524288                                    {product} {ergonomic}
   size_t MinHeapSize                              = 104857600                                 {product} {command line}
   size_t NewSize                                  = 34603008                                  {product} {ergonomic}
    uintx NonNMethodCodeHeapSize                   = 7602480                                {pd product} {ergonomic}
    uintx NonProfiledCodeHeapSize                  = 122027880                              {pd product} {ergonomic}
   size_t OldSize                                  = 70254592                                  {product} {ergonomic}
    uintx ProfiledCodeHeapSize                     = 122027880                              {pd product} {ergonomic}
    uintx ReservedCodeCacheSize                    = 251658240                              {pd product} {ergonomic}
     bool SegmentedCodeCache                       = true                                      {product} {ergonomic}
   size_t SoftMaxHeapSize                          = 1073741824                             {manageable} {ergonomic}
     bool UseCompressedClassPointers               = true                           {product lp64_product} {ergonomic}
     bool UseCompressedOops                        = true                           {product lp64_product} {ergonomic}
     bool UseLargePagesIndividualAllocation        = false                                  {pd product} {ergonomic}
     bool UseParallelGC                            = true                                      {product} {command line}

Logging:
Log output configuration:
 #0: stdout all=off uptime,level,tags
 #1: stderr all=off uptime,level,tags

Environment Variables:
JAVA_HOME=D:\Java\jdk-17
CLASSPATH=.;D:\Java\jdk-17\lib;D:\Java\jdk-17\lib\dt.jar;D:\Java\jdk-17\lib\tools.jar;E:\JavaProjects\configuration_and_scheduling_of_MRFL;
PATH=D:\gurobi952\win64\bin;C:\Program Files\Common Files\Oracle\Java\javapath;D:\Python39\Scripts\;D:\Python39\;C:\windows\system32;C:\windows;C:\windows\System32\Wbem;C:\windows\System32\WindowsPowerShell\v1.0\;C:\windows\System32\OpenSSH\;D:\MATLAB R2019b\runtime\win64;D:\MATLAB R2019b\bin;D:\MATLAB R2019b\polyspace\bin;D:\IBM\SPSS 25\JRE\bin;D:\Git\cmd;D:\Git\bin;D:\Git\mingw64\libexec\git-core;D:\Prince\engine\bin;C:\Program Files\dotnet\;D:\Java\jdk-17\bin;D:\Java\jdk-17\jre\bin;D:\texlive\2021\bin\win32;D:\CTEX\UserData\miktex\bin;D:\CTEX\MiKTeX\miktex\bin;D:\CTEX\CTeX\ctex\bin;D:\CTEX\CTeX\cct\bin;D:\CTEX\CTeX\ty\bin;D:\CTEX\Ghostscript\gs9.05\bin;D:\CTEX\GSview\gsview;D:\CTEX\WinEdt;D:\apache-maven-3.8.6-bin\apache-maven-3.8.6\bin;C:\Users\24449\AppData\Local\Microsoft\WindowsApps;;D:\JetBrains\PyCharm 2021.1.1\bin;D:\Microsoft VS Code\bin;C:\Users\24449\.dotnet\tools
USERNAME=24449
OS=Windows_NT
PROCESSOR_IDENTIFIER=AMD64 Family 23 Model 96 Stepping 1, AuthenticAMD
TMP=C:\Users\24449\AppData\Local\Temp
TEMP=C:\Users\24449\AppData\Local\Temp



---------------  S Y S T E M  ---------------

OS:
 Windows 10 , 64 bit Build 19041 (10.0.19041.2546)
OS uptime: 12 days 0:30 hours

CPU: total 16 (initial active 16) (16 cores per cpu, 2 threads per core) family 23 model 96 stepping 1 microcode 0x0, cx8, cmov, fxsr, ht, mmx, 3dnowpref, sse, sse2, sse3, ssse3, sse4a, sse4.1, sse4.2, popcnt, lzcnt, tsc, tscinvbit, avx, avx2, aes, clmul, bmi1, bmi2, adx, sha, fma, vzeroupper, clflush, clflushopt

Memory: 4k page, system-wide physical 15697M (6336M free)
TotalPageFile size 17873M (AvailPageFile size 5M)
current process WorkingSet (physical memory assigned to process): 54M, peak: 54M
current process commit charge ("private bytes"): 211M, peak: 211M

vm_info: OpenJDK 64-Bit Server VM (17.0.6+10) for windows-amd64 JRE (17.0.6+10), built on Jan 18 2023 10:08:59 by "temurin" with MS VC++ 16.7 (VS2019)

END.
