#
# There is insufficient memory for the Java Runtime Environment to continue.
# Native memory allocation (mmap) failed to map 65536 bytes for Failed to commit metaspace.
# Possible reasons:
#   The system is out of physical RAM or swap space
#   The process is running with CompressedOops enabled, and the Java Heap may be blocking the growth of the native heap
# Possible solutions:
#   Reduce memory load on the system
#   Increase physical memory or swap space
#   Check if swap backing store is full
#   Decrease Java heap size (-Xmx/-Xms)
#   Decrease number of Java threads
#   Decrease Java thread stack sizes (-Xss)
#   Set larger code cache with -XX:ReservedCodeCacheSize=
#   JVM is running with Unscaled Compressed Oops mode in which the Java heap is
#     placed in the first 4GB address space. The Java Heap base address is the
#     maximum limit for the native heap growth. Please use -XX:HeapBaseMinAddress
#     to set the Java Heap base and to place the Java Heap above 4GB virtual address.
# This output file may be truncated or incomplete.
#
#  Out of Memory Error (virtualSpaceNode.cpp:110), pid=5144, tid=13628
#
# JRE version: OpenJDK Runtime Environment Temurin-17.0.5+8 (17.0.5+8) (build 17.0.5+8)
# Java VM: OpenJDK 64-Bit Server VM Temurin-17.0.5+8 (17.0.5+8, mixed mode, tiered, compressed oops, compressed class ptrs, parallel gc, windows-amd64)
# No core dump will be written. Minidumps are not enabled by default on client versions of Windows
#

---------------  S U M M A R Y ------------

Command Line: --add-modules=ALL-SYSTEM --add-opens=java.base/java.util=ALL-UNNAMED --add-opens=java.base/java.lang=ALL-UNNAMED --add-opens=java.base/sun.nio.fs=ALL-UNNAMED -Declipse.application=org.eclipse.jdt.ls.core.id1 -Dosgi.bundles.defaultStartLevel=4 -Declipse.product=org.eclipse.jdt.ls.core.product -Djava.import.generatesMetadataFilesAtProjectRoot=false -Dfile.encoding=utf8 -XX:+UseParallelGC -XX:GCTimeRatio=4 -XX:AdaptiveSizePolicyWeight=90 -Dsun.zip.disableMemoryMapping=true -Xmx1G -Xms100m -Xlog:disable -javaagent:c:\Users\24449\.vscode\extensions\redhat.java-1.13.0-win32-x64\lombok\lombok-1.18.24.jar c:\Users\24449\.vscode\extensions\redhat.java-1.13.0-win32-x64\server\plugins\org.eclipse.equinox.launcher_1.6.400.v20210924-0641.jar -configuration c:\Users\24449\AppData\Roaming\Code\User\globalStorage\redhat.java\1.13.0\config_ss_win -data c:\Users\24449\AppData\Roaming\Code\User\workspaceStorage\297d7ea9753ec4a74499f585512f30c3\redhat.java\ss_ws

Host: AMD Ryzen 7 PRO 4750U with Radeon Graphics, 16 cores, 15G,  Windows 10 , 64 bit Build 19041 (10.0.19041.2364)
Time: Fri Jan 13 19:59:46 2023  Windows 10 , 64 bit Build 19041 (10.0.19041.2364) elapsed time: 0.870791 seconds (0d 0h 0m 0s)

---------------  T H R E A D  ---------------

Current thread (0x000001b736ccf370):  JavaThread "main" [_thread_in_vm, id=13628, stack(0x000000523ec00000,0x000000523ed00000)]

Stack: [0x000000523ec00000,0x000000523ed00000]
Native frames: (J=compiled Java code, j=interpreted, Vv=VM code, C=native code)
V  [jvm.dll+0x676b3a]
V  [jvm.dll+0x831444]
V  [jvm.dll+0x832bee]
V  [jvm.dll+0x833253]
V  [jvm.dll+0x244ce5]
V  [jvm.dll+0x82d4db]
V  [jvm.dll+0x61b2f6]
V  [jvm.dll+0x61b35a]
V  [jvm.dll+0x61db7a]
V  [jvm.dll+0x61bc96]
V  [jvm.dll+0x23937f]
V  [jvm.dll+0x625af5]
V  [jvm.dll+0x1e99bb]
V  [jvm.dll+0x1e9ef5]
V  [jvm.dll+0x1ea92f]
V  [jvm.dll+0x1dfdd1]
V  [jvm.dll+0x53be30]
V  [jvm.dll+0x1f05a7]
V  [jvm.dll+0x7ab9db]
V  [jvm.dll+0x7acd82]
V  [jvm.dll+0x7ad0b8]
V  [jvm.dll+0x23d0ee]
V  [jvm.dll+0x37e55e]
C  0x000001b73b19af2e

Java frames: (J=compiled Java code, j=interpreted, Vv=VM code)
j  sun.reflect.annotation.AnnotationParser$1.run()Ljava/lang/annotation/Annotation;+18 java.base@17.0.5
j  sun.reflect.annotation.AnnotationParser$1.run()Ljava/lang/Object;+1 java.base@17.0.5
j  java.security.AccessController.executePrivileged(Ljava/security/PrivilegedAction;Ljava/security/AccessControlContext;Ljava/lang/Class;)Ljava/lang/Object;+29 java.base@17.0.5
j  java.security.AccessController.doPrivileged(Ljava/security/PrivilegedAction;)Ljava/lang/Object;+5 java.base@17.0.5
j  sun.reflect.annotation.AnnotationParser.annotationForMap(Ljava/lang/Class;Ljava/util/Map;)Ljava/lang/annotation/Annotation;+9 java.base@17.0.5
j  sun.reflect.annotation.AnnotationParser.parseAnnotation2(Ljava/nio/ByteBuffer;Ljdk/internal/reflect/ConstantPool;Ljava/lang/Class;Z[Ljava/lang/Class;)Ljava/lang/annotation/Annotation;+267 java.base@17.0.5
j  sun.reflect.annotation.AnnotationParser.parseAnnotations2([BLjdk/internal/reflect/ConstantPool;Ljava/lang/Class;[Ljava/lang/Class;)Ljava/util/Map;+41 java.base@17.0.5
j  sun.reflect.annotation.AnnotationParser.parseSelectAnnotations([BLjdk/internal/reflect/ConstantPool;Ljava/lang/Class;[Ljava/lang/Class;)Ljava/util/Map;+12 java.base@17.0.5
j  sun.reflect.annotation.AnnotationType.<init>(Ljava/lang/Class;)V+291 java.base@17.0.5
j  sun.reflect.annotation.AnnotationType.getInstance(Ljava/lang/Class;)Lsun/reflect/annotation/AnnotationType;+21 java.base@17.0.5
j  sun.reflect.annotation.AnnotationParser.parseAnnotation2(Ljava/nio/ByteBuffer;Ljdk/internal/reflect/ConstantPool;Ljava/lang/Class;Z[Ljava/lang/Class;)Ljava/lang/annotation/Annotation;+103 java.base@17.0.5
j  sun.reflect.annotation.AnnotationParser.parseAnnotations2([BLjdk/internal/reflect/ConstantPool;Ljava/lang/Class;[Ljava/lang/Class;)Ljava/util/Map;+41 java.base@17.0.5
j  sun.reflect.annotation.AnnotationParser.parseAnnotations([BLjdk/internal/reflect/ConstantPool;Ljava/lang/Class;)Ljava/util/Map;+12 java.base@17.0.5
j  java.lang.reflect.Executable.declaredAnnotations()Ljava/util/Map;+62 java.base@17.0.5
j  java.lang.reflect.Executable.declaredAnnotations()Ljava/util/Map;+35 java.base@17.0.5
j  java.lang.reflect.Executable.getAnnotation(Ljava/lang/Class;)Ljava/lang/annotation/Annotation;+7 java.base@17.0.5
j  java.lang.reflect.Method.getAnnotation(Ljava/lang/Class;)Ljava/lang/annotation/Annotation;+2 java.base@17.0.5
j  java.lang.reflect.AnnotatedElement.isAnnotationPresent(Ljava/lang/Class;)Z+2 java.base@17.0.5
j  java.lang.reflect.AccessibleObject.isAnnotationPresent(Ljava/lang/Class;)Z+2 java.base@17.0.5
j  jdk.internal.reflect.Reflection.isCallerSensitive(Ljava/lang/reflect/Method;)Z+18 java.base@17.0.5
j  jdk.internal.reflect.ReflectionFactory.newMethodAccessor(Ljava/lang/reflect/Method;)Ljdk/internal/reflect/MethodAccessor;+4 java.base@17.0.5
j  java.lang.reflect.Method.acquireMethodAccessor()Ljdk/internal/reflect/MethodAccessor;+33 java.base@17.0.5
j  java.lang.reflect.Method.invoke(Ljava/lang/Object;[Ljava/lang/Object;)Ljava/lang/Object;+52 java.base@17.0.5
j  org.eclipse.osgi.internal.framework.EquinoxContainer.<init>(Ljava/util/Map;Lorg/osgi/framework/connect/ModuleConnector;)V+37
j  org.eclipse.osgi.launch.Equinox.<init>(Ljava/util/Map;Lorg/osgi/framework/connect/ModuleConnector;)V+10
j  org.eclipse.osgi.launch.Equinox.<init>(Ljava/util/Map;)V+3
j  org.eclipse.core.runtime.adaptor.EclipseStarter.startup([Ljava/lang/String;Ljava/lang/Runnable;)Lorg/osgi/framework/BundleContext;+28
j  org.eclipse.core.runtime.adaptor.EclipseStarter.run([Ljava/lang/String;Ljava/lang/Runnable;)Ljava/lang/Object;+21
v  ~StubRoutines::call_stub
j  jdk.internal.reflect.NativeMethodAccessorImpl.invoke0(Ljava/lang/reflect/Method;Ljava/lang/Object;[Ljava/lang/Object;)Ljava/lang/Object;+0 java.base@17.0.5
j  jdk.internal.reflect.NativeMethodAccessorImpl.invoke(Ljava/lang/Object;[Ljava/lang/Object;)Ljava/lang/Object;+133 java.base@17.0.5
j  jdk.internal.reflect.DelegatingMethodAccessorImpl.invoke(Ljava/lang/Object;[Ljava/lang/Object;)Ljava/lang/Object;+6 java.base@17.0.5
j  java.lang.reflect.Method.invoke(Ljava/lang/Object;[Ljava/lang/Object;)Ljava/lang/Object;+59 java.base@17.0.5
j  org.eclipse.equinox.launcher.Main.invokeFramework([Ljava/lang/String;[Ljava/net/URL;)V+201
j  org.eclipse.equinox.launcher.Main.basicRun([Ljava/lang/String;)V+159
j  org.eclipse.equinox.launcher.Main.run([Ljava/lang/String;)I+4
j  org.eclipse.equinox.launcher.Main.main([Ljava/lang/String;)V+10
v  ~StubRoutines::call_stub

---------------  P R O C E S S  ---------------

Threads class SMR info:
_java_thread_list=0x000001b750a6fd00, length=19, elements={
0x000001b736ccf370, 0x000001b74cac8620, 0x000001b74cacab10, 0x000001b74e627130,
0x000001b74e627bf0, 0x000001b74e5f7720, 0x000001b74e5f9790, 0x000001b74e6007d0,
0x000001b74e62b5b0, 0x000001b74e63ce10, 0x000001b74c9514b0, 0x000001b74e7a70e0,
0x000001b74e7d0100, 0x000001b74e84dbf0, 0x000001b75045af80, 0x000001b75048a730,
0x000001b7506ebd00, 0x000001b750601640, 0x000001b750a6f440
}

Java Threads: ( => current thread )
=>0x000001b736ccf370 JavaThread "main" [_thread_in_vm, id=13628, stack(0x000000523ec00000,0x000000523ed00000)]
  0x000001b74cac8620 JavaThread "Reference Handler" daemon [_thread_blocked, id=17540, stack(0x000000523ef00000,0x000000523f000000)]
  0x000001b74cacab10 JavaThread "Finalizer" daemon [_thread_blocked, id=17736, stack(0x000000523f000000,0x000000523f100000)]
  0x000001b74e627130 JavaThread "Signal Dispatcher" daemon [_thread_blocked, id=23880, stack(0x000000523f100000,0x000000523f200000)]
  0x000001b74e627bf0 JavaThread "Attach Listener" daemon [_thread_blocked, id=11580, stack(0x000000523f200000,0x000000523f300000)]
  0x000001b74e5f7720 JavaThread "Service Thread" daemon [_thread_blocked, id=9296, stack(0x000000523f300000,0x000000523f400000)]
  0x000001b74e5f9790 JavaThread "Monitor Deflation Thread" daemon [_thread_blocked, id=3280, stack(0x000000523f400000,0x000000523f500000)]
  0x000001b74e6007d0 JavaThread "C2 CompilerThread0" daemon [_thread_blocked, id=2896, stack(0x000000523f500000,0x000000523f600000)]
  0x000001b74e62b5b0 JavaThread "C1 CompilerThread0" daemon [_thread_blocked, id=18576, stack(0x000000523f600000,0x000000523f700000)]
  0x000001b74e63ce10 JavaThread "Sweeper thread" daemon [_thread_blocked, id=18720, stack(0x000000523f700000,0x000000523f800000)]
  0x000001b74c9514b0 JavaThread "Common-Cleaner" daemon [_thread_blocked, id=6940, stack(0x000000523f800000,0x000000523f900000)]
  0x000001b74e7a70e0 JavaThread "C1 CompilerThread1" daemon [_thread_blocked, id=21496, stack(0x000000523f900000,0x000000523fa00000)]
  0x000001b74e7d0100 JavaThread "C1 CompilerThread2" daemon [_thread_blocked, id=18368, stack(0x000000523fa00000,0x000000523fb00000)]
  0x000001b74e84dbf0 JavaThread "C2 CompilerThread1" daemon [_thread_in_native, id=21968, stack(0x000000523fb00000,0x000000523fc00000)]
  0x000001b75045af80 JavaThread "C1 CompilerThread3" daemon [_thread_blocked, id=7000, stack(0x000000523fc00000,0x000000523fd00000)]
  0x000001b75048a730 JavaThread "Notification Thread" daemon [_thread_blocked, id=12004, stack(0x000000523fd00000,0x000000523fe00000)]
  0x000001b7506ebd00 JavaThread "C2 CompilerThread2" daemon [_thread_blocked, id=17444, stack(0x000000523ff00000,0x0000005240000000)]
  0x000001b750601640 JavaThread "C2 CompilerThread3" daemon [_thread_blocked, id=16816, stack(0x0000005240000000,0x0000005240100000)]
  0x000001b750a6f440 JavaThread "C2 CompilerThread4" daemon [_thread_blocked, id=10164, stack(0x0000005240100000,0x0000005240200000)]

Other Threads:
  0x000001b74cab26d0 VMThread "VM Thread" [stack: 0x000000523ee00000,0x000000523ef00000] [id=7176]
  0x000001b7504a11e0 WatcherThread [stack: 0x000000523fe00000,0x000000523ff00000] [id=19808]
  0x000001b736ce6fa0 GCTaskThread "GC Thread#0" [stack: 0x000000523ed00000,0x000000523ee00000] [id=18844]

Threads with active compile tasks:
C2 CompilerThread1      886  793   !   4       java.util.jar.Attributes::read (498 bytes)

VM state: not at safepoint (normal execution)

VM Mutex/Monitor currently owned by a thread:  ([mutex/lock_event])
[0x000001b736ccad30] Metaspace_lock - owner thread: 0x000001b736ccf370

Heap address: 0x00000000c0000000, size: 1024 MB, Compressed Oops mode: 32-bit

CDS archive(s) not mapped
Compressed class space mapped at: 0x0000000100000000-0x0000000140000000, reserved size: 1073741824
Narrow klass base: 0x0000000000000000, Narrow klass shift: 3, Narrow klass range: 0x140000000

GC Precious Log:
 CPUs: 16 total, 16 available
 Memory: 15697M
 Large Page Support: Disabled
 NUMA Support: Disabled
 Compressed Oops: Enabled (32-bit)
 Alignments: Space 512K, Generation 512K, Heap 2M
 Heap Min Capacity: 100M
 Heap Initial Capacity: 100M
 Heap Max Capacity: 1G
 Pre-touch: Disabled
 Parallel Workers: 13

Heap:
 PSYoungGen      total 29696K, used 20729K [0x00000000eab00000, 0x00000000ecc00000, 0x0000000100000000)
  eden space 25600K, 80% used [0x00000000eab00000,0x00000000ebf3e698,0x00000000ec400000)
  from space 4096K, 0% used [0x00000000ec800000,0x00000000ec800000,0x00000000ecc00000)
  to   space 4096K, 0% used [0x00000000ec400000,0x00000000ec400000,0x00000000ec800000)
 ParOldGen       total 68608K, used 0K [0x00000000c0000000, 0x00000000c4300000, 0x00000000eab00000)
  object space 68608K, 0% used [0x00000000c0000000,0x00000000c0000000,0x00000000c4300000)
 Metaspace       used 9838K, committed 9920K, reserved 1064960K
  class space    used 987K, committed 1024K, reserved 1048576K

Card table byte_map: [0x000001b74a360000,0x000001b74a570000] _byte_map_base: 0x000001b749d60000

Marking Bits: (ParMarkBitMap*) 0x00007ff905600dd0
 Begin Bits: [0x000001b74a6d0000, 0x000001b74b6d0000)
 End Bits:   [0x000001b74b6d0000, 0x000001b74c6d0000)

Polling page: 0x000001b7369c0000

Metaspace:

Usage:
  Non-class:      8.64 MB used.
      Class:    987.48 KB used.
       Both:      9.61 MB used.

Virtual space:
  Non-class space:       16.00 MB reserved,       8.69 MB ( 54%) committed,  2 nodes.
      Class space:        1.00 GB reserved,       1.00 MB ( <1%) committed,  1 nodes.
             Both:        1.02 GB reserved,       9.69 MB ( <1%) committed. 

Chunk freelists:
   Non-Class:  2.77 MB
       Class:  3.00 MB
        Both:  5.77 MB

MaxMetaspaceSize: unlimited
CompressedClassSpaceSize: 1.00 GB
Initial GC threshold: 21.00 MB
Current GC threshold: 21.00 MB
CDS: off
MetaspaceReclaimPolicy: balanced
 - commit_granule_bytes: 65536.
 - commit_granule_words: 8192.
 - virtual_space_node_default_size: 1048576.
 - enlarge_chunks_in_place: 1.
 - new_chunks_are_fully_committed: 0.
 - uncommit_free_chunks: 1.
 - use_allocation_guard: 0.
 - handle_deallocations: 1.


Internal statistics:

num_allocs_failed_limit: 0.
num_arena_births: 18.
num_arena_deaths: 0.
num_vsnodes_births: 3.
num_vsnodes_deaths: 0.
num_space_committed: 155.
num_space_uncommitted: 0.
num_chunks_returned_to_freelist: 0.
num_chunks_taken_from_freelist: 65.
num_chunk_merges: 0.
num_chunk_splits: 35.
num_chunks_enlarged: 28.
num_purges: 0.
num_inconsistent_stats: 0.

CodeHeap 'non-profiled nmethods': size=119168Kb used=328Kb max_used=328Kb free=118839Kb
 bounds [0x000001b742d20000, 0x000001b742f90000, 0x000001b74a180000]
CodeHeap 'profiled nmethods': size=119104Kb used=1497Kb max_used=1497Kb free=117606Kb
 bounds [0x000001b73b8d0000, 0x000001b73bb40000, 0x000001b742d20000]
CodeHeap 'non-nmethods': size=7488Kb used=2829Kb max_used=2855Kb free=4659Kb
 bounds [0x000001b73b180000, 0x000001b73b450000, 0x000001b73b8d0000]
 total_blobs=1300 nmethods=871 adapters=341
 compilation: enabled
              stopped_count=0, restarted_count=0
 full_count=0

Compilation events (20 events):
Event: 0.836 Thread 0x000001b74e7a70e0 nmethod 859 0x000001b73ba3ef10 code [0x000001b73ba3f100, 0x000001b73ba3f618]
Event: 0.837 Thread 0x000001b74e62b5b0  864       3       java.lang.ClassLoader::getClassLoadingLock (35 bytes)
Event: 0.838 Thread 0x000001b74e62b5b0 nmethod 864 0x000001b73ba3f810 code [0x000001b73ba3f9c0, 0x000001b73ba3fcc8]
Event: 0.839 Thread 0x000001b74e7d0100 nmethod 858 0x000001b73ba3fe10 code [0x000001b73ba40220, 0x000001b73ba429b8]
Event: 0.841 Thread 0x000001b75045af80  866       3       java.util.zip.InflaterInputStream::ensureOpen (18 bytes)
Event: 0.841 Thread 0x000001b74e7d0100  865   !   3       java.util.zip.InflaterInputStream::read (138 bytes)
Event: 0.841 Thread 0x000001b74e7a70e0  867       1       java.net.URLStreamHandler::getDefaultPort (2 bytes)
Event: 0.841 Thread 0x000001b74e7a70e0 nmethod 867 0x000001b742d71890 code [0x000001b742d71a20, 0x000001b742d71af8]
Event: 0.841 Thread 0x000001b75045af80 nmethod 866 0x000001b73ba43590 code [0x000001b73ba43740, 0x000001b73ba43948]
Event: 0.842 Thread 0x000001b74e7d0100 nmethod 865 0x000001b73ba43a10 code [0x000001b73ba43cc0, 0x000001b73ba449b8]
Event: 0.844 Thread 0x000001b74e62b5b0  868       3       java.lang.StringConcatHelper::stringOf (20 bytes)
Event: 0.844 Thread 0x000001b75045af80  869       3       java.lang.StringConcatHelper::mix (27 bytes)
Event: 0.844 Thread 0x000001b74e62b5b0 nmethod 868 0x000001b73ba44f90 code [0x000001b73ba45140, 0x000001b73ba45368]
Event: 0.844 Thread 0x000001b75045af80 nmethod 869 0x000001b73ba45410 code [0x000001b73ba455e0, 0x000001b73ba459e8]
Event: 0.845 Thread 0x000001b74e7d0100  870       3       java.lang.StringConcatHelper::prepend (37 bytes)
Event: 0.845 Thread 0x000001b74e7d0100 nmethod 870 0x000001b73ba45b90 code [0x000001b73ba45d60, 0x000001b73ba46038]
Event: 0.849 Thread 0x000001b74e7a70e0  871       3       java.util.ArrayDeque::inc (12 bytes)
Event: 0.849 Thread 0x000001b74e7a70e0 nmethod 871 0x000001b73ba46190 code [0x000001b73ba46320, 0x000001b73ba46458]
Event: 0.850 Thread 0x000001b750a6f440  872       4       java.lang.String::getBytes (46 bytes)
Event: 0.853 Thread 0x000001b750a6f440 nmethod 872 0x000001b742d71b90 code [0x000001b742d71d20, 0x000001b742d71fb8]

GC Heap History (0 events):
No events

Dll operation events (8 events):
Event: 0.008 Loaded shared library c:\Users\24449\.vscode\extensions\redhat.java-1.13.0-win32-x64\jre\17.0.5-win32-x86_64\bin\java.dll
Event: 0.172 Loaded shared library c:\Users\24449\.vscode\extensions\redhat.java-1.13.0-win32-x64\jre\17.0.5-win32-x86_64\bin\zip.dll
Event: 0.180 Loaded shared library C:\Users\24449\.vscode\extensions\redhat.java-1.13.0-win32-x64\jre\17.0.5-win32-x86_64\bin\instrument.dll
Event: 0.197 Loaded shared library C:\Users\24449\.vscode\extensions\redhat.java-1.13.0-win32-x64\jre\17.0.5-win32-x86_64\bin\net.dll
Event: 0.200 Loaded shared library C:\Users\24449\.vscode\extensions\redhat.java-1.13.0-win32-x64\jre\17.0.5-win32-x86_64\bin\nio.dll
Event: 0.210 Loaded shared library C:\Users\24449\.vscode\extensions\redhat.java-1.13.0-win32-x64\jre\17.0.5-win32-x86_64\bin\zip.dll
Event: 0.229 Loaded shared library C:\Users\24449\.vscode\extensions\redhat.java-1.13.0-win32-x64\jre\17.0.5-win32-x86_64\bin\jimage.dll
Event: 0.296 Loaded shared library c:\Users\24449\.vscode\extensions\redhat.java-1.13.0-win32-x64\jre\17.0.5-win32-x86_64\bin\verify.dll

Deoptimization events (20 events):
Event: 0.758 Thread 0x000001b736ccf370 DEOPT PACKING pc=0x000001b73ba0a2d6 sp=0x000000523ecfeaa0
Event: 0.758 Thread 0x000001b736ccf370 DEOPT UNPACKING pc=0x000001b73b1d2843 sp=0x000000523ecfdf28 mode 0
Event: 0.758 Thread 0x000001b736ccf370 DEOPT PACKING pc=0x000001b73ba0a2d6 sp=0x000000523ecfeaa0
Event: 0.758 Thread 0x000001b736ccf370 DEOPT UNPACKING pc=0x000001b73b1d2843 sp=0x000000523ecfdf28 mode 0
Event: 0.759 Thread 0x000001b736ccf370 DEOPT PACKING pc=0x000001b73ba0a2d6 sp=0x000000523ecfeaf0
Event: 0.759 Thread 0x000001b736ccf370 DEOPT UNPACKING pc=0x000001b73b1d2843 sp=0x000000523ecfdf78 mode 0
Event: 0.759 Thread 0x000001b736ccf370 DEOPT PACKING pc=0x000001b73ba0a2d6 sp=0x000000523ecfeaf0
Event: 0.759 Thread 0x000001b736ccf370 DEOPT UNPACKING pc=0x000001b73b1d2843 sp=0x000000523ecfdf78 mode 0
Event: 0.772 Thread 0x000001b736ccf370 Uncommon trap: trap_request=0xffffff45 fr.pc=0x000001b742d64930 relative=0x0000000000000570
Event: 0.772 Thread 0x000001b736ccf370 Uncommon trap: reason=unstable_if action=reinterpret pc=0x000001b742d64930 method=java.util.jar.Manifest$FastInputStream.readLine([BII)I @ 130 c2
Event: 0.772 Thread 0x000001b736ccf370 DEOPT PACKING pc=0x000001b742d64930 sp=0x000000523ecfe8d0
Event: 0.772 Thread 0x000001b736ccf370 DEOPT UNPACKING pc=0x000001b73b1d20a3 sp=0x000000523ecfe860 mode 2
Event: 0.775 Thread 0x000001b736ccf370 Uncommon trap: trap_request=0xffffffc6 fr.pc=0x000001b742d568bc relative=0x000000000000027c
Event: 0.775 Thread 0x000001b736ccf370 Uncommon trap: reason=bimorphic_or_optimized_type_check action=maybe_recompile pc=0x000001b742d568bc method=java.util.HashMap.getNode(Ljava/lang/Object;)Ljava/util/HashMap$Node; @ 128 c2
Event: 0.775 Thread 0x000001b736ccf370 DEOPT PACKING pc=0x000001b742d568bc sp=0x000000523ecfe480
Event: 0.775 Thread 0x000001b736ccf370 DEOPT UNPACKING pc=0x000001b73b1d20a3 sp=0x000000523ecfe408 mode 2
Event: 0.795 Thread 0x000001b736ccf370 Uncommon trap: trap_request=0xffffff45 fr.pc=0x000001b742d6d0a0 relative=0x0000000000000100
Event: 0.795 Thread 0x000001b736ccf370 Uncommon trap: reason=unstable_if action=reinterpret pc=0x000001b742d6d0a0 method=java.math.BigInteger.addOne([IIII)I @ 55 c2
Event: 0.795 Thread 0x000001b736ccf370 DEOPT PACKING pc=0x000001b742d6d0a0 sp=0x000000523ecfe400
Event: 0.795 Thread 0x000001b736ccf370 DEOPT UNPACKING pc=0x000001b73b1d20a3 sp=0x000000523ecfe3a0 mode 2

Classes unloaded (0 events):
No events

Classes redefined (0 events):
No events

Internal exceptions (8 events):
Event: 0.151 Thread 0x000001b736ccf370 Exception <a 'java/lang/NoSuchMethodError'{0x00000000eac519a0}: 'void java.lang.invoke.DirectMethodHandle$Holder.invokeStatic(java.lang.Object, java.lang.Object, java.lang.Object)'> (0x00000000eac519a0) 
thrown [s\src\hotspot\share\interpreter\linkResolver.cpp, line 759]
Event: 0.323 Thread 0x000001b736ccf370 Exception <a 'java/lang/reflect/InvocationTargetException'{0x00000000eb132840}> (0x00000000eb132840) 
thrown [s\src\hotspot\share\runtime\reflection.cpp, line 1121]
Event: 0.696 Thread 0x000001b736ccf370 Exception <a 'java/lang/ClassNotFoundException'{0x00000000eba91748}: sun/net/www/protocol/c/Handler> (0x00000000eba91748) 
thrown [s\src\hotspot\share\classfile\systemDictionary.cpp, line 256]
Event: 0.702 Thread 0x000001b736ccf370 Exception <a 'java/io/FileNotFoundException'{0x00000000ebaa52c0}> (0x00000000ebaa52c0) 
thrown [s\src\hotspot\share\prims\jni.cpp, line 516]
Event: 0.703 Thread 0x000001b736ccf370 Exception <a 'java/io/FileNotFoundException'{0x00000000ebaa6270}> (0x00000000ebaa6270) 
thrown [s\src\hotspot\share\prims\jni.cpp, line 516]
Event: 0.703 Thread 0x000001b736ccf370 Exception <a 'java/io/FileNotFoundException'{0x00000000ebaa7218}> (0x00000000ebaa7218) 
thrown [s\src\hotspot\share\prims\jni.cpp, line 516]
Event: 0.704 Thread 0x000001b736ccf370 Exception <a 'java/io/FileNotFoundException'{0x00000000ebaa8190}> (0x00000000ebaa8190) 
thrown [s\src\hotspot\share\prims\jni.cpp, line 516]
Event: 0.712 Thread 0x000001b736ccf370 Exception <a 'java/io/FileNotFoundException'{0x00000000ebae8f50}> (0x00000000ebae8f50) 
thrown [s\src\hotspot\share\prims\jni.cpp, line 516]

VM Operations (8 events):
Event: 0.155 Executing VM operation: HandshakeAllThreads
Event: 0.155 Executing VM operation: HandshakeAllThreads done
Event: 0.248 Executing VM operation: HandshakeAllThreads
Event: 0.248 Executing VM operation: HandshakeAllThreads done
Event: 0.664 Executing VM operation: HandshakeAllThreads
Event: 0.664 Executing VM operation: HandshakeAllThreads done
Event: 0.686 Executing VM operation: HandshakeAllThreads
Event: 0.686 Executing VM operation: HandshakeAllThreads done

Events (20 events):
Event: 0.866 loading class java/lang/reflect/GenericArrayType done
Event: 0.866 loading class sun/reflect/annotation/AnnotationType
Event: 0.867 loading class sun/reflect/annotation/AnnotationType done
Event: 0.867 loading class sun/reflect/annotation/AnnotationType$1
Event: 0.867 loading class sun/reflect/annotation/AnnotationType$1 done
Event: 0.867 loading class java/lang/annotation/Retention
Event: 0.867 loading class java/lang/annotation/Retention done
Event: 0.867 loading class java/lang/annotation/Inherited
Event: 0.867 loading class java/lang/annotation/Inherited done
Event: 0.867 loading class java/lang/annotation/RetentionPolicy
Event: 0.867 loading class java/lang/annotation/RetentionPolicy done
Event: 0.868 loading class sun/reflect/annotation/AnnotationTypeMismatchExceptionProxy
Event: 0.868 loading class sun/reflect/annotation/ExceptionProxy
Event: 0.868 loading class sun/reflect/annotation/ExceptionProxy done
Event: 0.868 loading class sun/reflect/annotation/AnnotationTypeMismatchExceptionProxy done
Event: 0.868 loading class sun/reflect/annotation/AnnotationParser$1
Event: 0.868 loading class sun/reflect/annotation/AnnotationParser$1 done
Event: 0.868 loading class sun/reflect/annotation/AnnotationInvocationHandler
Event: 0.868 loading class java/lang/reflect/InvocationHandler
Event: 0.869 loading class java/lang/reflect/InvocationHandler done


Dynamic libraries:
0x00007ff694000000 - 0x00007ff69400e000 	c:\Users\24449\.vscode\extensions\redhat.java-1.13.0-win32-x64\jre\17.0.5-win32-x86_64\bin\java.exe
0x00007ff95a810000 - 0x00007ff95aa08000 	C:\windows\SYSTEM32\ntdll.dll
0x00007ff959540000 - 0x00007ff9595ff000 	C:\windows\System32\KERNEL32.DLL
0x00007ff958570000 - 0x00007ff958842000 	C:\windows\System32\KERNELBASE.dll
0x00007ff957f70000 - 0x00007ff958070000 	C:\windows\System32\ucrtbase.dll
0x00007ff93dc60000 - 0x00007ff93dc79000 	c:\Users\24449\.vscode\extensions\redhat.java-1.13.0-win32-x64\jre\17.0.5-win32-x86_64\bin\VCRUNTIME140.dll
0x00007ff93dc80000 - 0x00007ff93dc97000 	c:\Users\24449\.vscode\extensions\redhat.java-1.13.0-win32-x64\jre\17.0.5-win32-x86_64\bin\jli.dll
0x00007ff959390000 - 0x00007ff959531000 	C:\windows\System32\USER32.dll
0x00007ff943770000 - 0x00007ff943a0a000 	C:\windows\WinSxS\amd64_microsoft.windows.common-controls_6595b64144ccf1df_6.0.19041.1110_none_60b5254171f9507e\COMCTL32.dll
0x00007ff9582d0000 - 0x00007ff9582f2000 	C:\windows\System32\win32u.dll
0x00007ff959220000 - 0x00007ff9592be000 	C:\windows\System32\msvcrt.dll
0x00007ff9596e0000 - 0x00007ff95970b000 	C:\windows\System32\GDI32.dll
0x00007ff958460000 - 0x00007ff95856f000 	C:\windows\System32\gdi32full.dll
0x00007ff9583c0000 - 0x00007ff95845d000 	C:\windows\System32\msvcp_win.dll
0x00007ff958c60000 - 0x00007ff958c92000 	C:\windows\System32\IMM32.DLL
0x00007ff93d870000 - 0x00007ff93d87c000 	c:\Users\24449\.vscode\extensions\redhat.java-1.13.0-win32-x64\jre\17.0.5-win32-x86_64\bin\vcruntime140_1.dll
0x00007ff92c590000 - 0x00007ff92c621000 	c:\Users\24449\.vscode\extensions\redhat.java-1.13.0-win32-x64\jre\17.0.5-win32-x86_64\bin\msvcp140.dll
0x00007ff904a80000 - 0x00007ff9056c4000 	c:\Users\24449\.vscode\extensions\redhat.java-1.13.0-win32-x64\jre\17.0.5-win32-x86_64\bin\server\jvm.dll
0x00007ff958bb0000 - 0x00007ff958c5e000 	C:\windows\System32\ADVAPI32.dll
0x00007ff95a4e0000 - 0x00007ff95a57c000 	C:\windows\System32\sechost.dll
0x00007ff958a80000 - 0x00007ff958ba5000 	C:\windows\System32\RPCRT4.dll
0x00007ff956c20000 - 0x00007ff956c2a000 	C:\windows\SYSTEM32\VERSION.dll
0x00007ff94bfd0000 - 0x00007ff94bff7000 	C:\windows\SYSTEM32\WINMM.dll
0x00007ff92ef90000 - 0x00007ff92ef99000 	C:\windows\SYSTEM32\WSOCK32.dll
0x00007ff959660000 - 0x00007ff9596cb000 	C:\windows\System32\WS2_32.dll
0x00007ff956660000 - 0x00007ff956672000 	C:\windows\SYSTEM32\kernel.appcore.dll
0x00007ff93d800000 - 0x00007ff93d80a000 	c:\Users\24449\.vscode\extensions\redhat.java-1.13.0-win32-x64\jre\17.0.5-win32-x86_64\bin\jimage.dll
0x00007ff956200000 - 0x00007ff9563e4000 	C:\windows\SYSTEM32\DBGHELP.DLL
0x00007ff936370000 - 0x00007ff9363a5000 	C:\windows\SYSTEM32\dbgcore.DLL
0x00007ff958330000 - 0x00007ff9583b2000 	C:\windows\System32\bcryptPrimitives.dll
0x00007ff93b610000 - 0x00007ff93b61e000 	c:\Users\24449\.vscode\extensions\redhat.java-1.13.0-win32-x64\jre\17.0.5-win32-x86_64\bin\instrument.dll
0x00007ff931b40000 - 0x00007ff931b65000 	c:\Users\24449\.vscode\extensions\redhat.java-1.13.0-win32-x64\jre\17.0.5-win32-x86_64\bin\java.dll
0x00007ff9318d0000 - 0x00007ff9318e8000 	c:\Users\24449\.vscode\extensions\redhat.java-1.13.0-win32-x64\jre\17.0.5-win32-x86_64\bin\zip.dll
0x00007ff959d90000 - 0x00007ff95a4d4000 	C:\windows\System32\SHELL32.dll
0x00007ff955990000 - 0x00007ff956122000 	C:\windows\SYSTEM32\windows.storage.dll
0x00007ff958dd0000 - 0x00007ff959125000 	C:\windows\System32\combase.dll
0x00007ff957960000 - 0x00007ff957990000 	C:\windows\SYSTEM32\Wldp.dll
0x00007ff959c80000 - 0x00007ff959d2d000 	C:\windows\System32\SHCORE.dll
0x00007ff959d30000 - 0x00007ff959d85000 	C:\windows\System32\shlwapi.dll
0x00007ff957e40000 - 0x00007ff957e5f000 	C:\windows\SYSTEM32\profapi.dll
0x00007ff9318b0000 - 0x00007ff9318c9000 	C:\Users\24449\.vscode\extensions\redhat.java-1.13.0-win32-x64\jre\17.0.5-win32-x86_64\bin\net.dll
0x00007ff952540000 - 0x00007ff95264c000 	C:\windows\SYSTEM32\WINHTTP.dll
0x00007ff9576c0000 - 0x00007ff95772a000 	C:\windows\system32\mswsock.dll
0x00007ff931890000 - 0x00007ff9318a5000 	C:\Users\24449\.vscode\extensions\redhat.java-1.13.0-win32-x64\jre\17.0.5-win32-x86_64\bin\nio.dll
0x00007ff939d50000 - 0x00007ff939d60000 	c:\Users\24449\.vscode\extensions\redhat.java-1.13.0-win32-x64\jre\17.0.5-win32-x86_64\bin\verify.dll

dbghelp: loaded successfully - version: 4.0.5 - missing functions: none
symbol engine: initialized successfully - sym options: 0x614 - pdb path: .;c:\Users\24449\.vscode\extensions\redhat.java-1.13.0-win32-x64\jre\17.0.5-win32-x86_64\bin;C:\windows\SYSTEM32;C:\windows\WinSxS\amd64_microsoft.windows.common-controls_6595b64144ccf1df_6.0.19041.1110_none_60b5254171f9507e;c:\Users\24449\.vscode\extensions\redhat.java-1.13.0-win32-x64\jre\17.0.5-win32-x86_64\bin\server

VM Arguments:
jvm_args: --add-modules=ALL-SYSTEM --add-opens=java.base/java.util=ALL-UNNAMED --add-opens=java.base/java.lang=ALL-UNNAMED --add-opens=java.base/sun.nio.fs=ALL-UNNAMED -Declipse.application=org.eclipse.jdt.ls.core.id1 -Dosgi.bundles.defaultStartLevel=4 -Declipse.product=org.eclipse.jdt.ls.core.product -Djava.import.generatesMetadataFilesAtProjectRoot=false -Dfile.encoding=utf8 -XX:+UseParallelGC -XX:GCTimeRatio=4 -XX:AdaptiveSizePolicyWeight=90 -Dsun.zip.disableMemoryMapping=true -Xmx1G -Xms100m -Xlog:disable -javaagent:c:\Users\24449\.vscode\extensions\redhat.java-1.13.0-win32-x64\lombok\lombok-1.18.24.jar 
java_command: c:\Users\24449\.vscode\extensions\redhat.java-1.13.0-win32-x64\server\plugins\org.eclipse.equinox.launcher_1.6.400.v20210924-0641.jar -configuration c:\Users\24449\AppData\Roaming\Code\User\globalStorage\redhat.java\1.13.0\config_ss_win -data c:\Users\24449\AppData\Roaming\Code\User\workspaceStorage\297d7ea9753ec4a74499f585512f30c3\redhat.java\ss_ws
java_class_path (initial): c:\Users\24449\.vscode\extensions\redhat.java-1.13.0-win32-x64\server\plugins\org.eclipse.equinox.launcher_1.6.400.v20210924-0641.jar
Launcher Type: SUN_STANDARD

[Global flags]
    uintx AdaptiveSizePolicyWeight                 = 90                                        {product} {command line}
     intx CICompilerCount                          = 12                                        {product} {ergonomic}
    uintx GCTimeRatio                              = 4                                         {product} {command line}
   size_t InitialHeapSize                          = 104857600                                 {product} {command line}
   size_t MaxHeapSize                              = 1073741824                                {product} {command line}
   size_t MaxNewSize                               = 357564416                                 {product} {ergonomic}
   size_t MinHeapDeltaBytes                        = 524288                                    {product} {ergonomic}
   size_t MinHeapSize                              = 104857600                                 {product} {command line}
   size_t NewSize                                  = 34603008                                  {product} {ergonomic}
    uintx NonNMethodCodeHeapSize                   = 7602480                                {pd product} {ergonomic}
    uintx NonProfiledCodeHeapSize                  = 122027880                              {pd product} {ergonomic}
   size_t OldSize                                  = 70254592                                  {product} {ergonomic}
    uintx ProfiledCodeHeapSize                     = 122027880                              {pd product} {ergonomic}
    uintx ReservedCodeCacheSize                    = 251658240                              {pd product} {ergonomic}
     bool SegmentedCodeCache                       = true                                      {product} {ergonomic}
   size_t SoftMaxHeapSize                          = 1073741824                             {manageable} {ergonomic}
     bool UseCompressedClassPointers               = true                           {product lp64_product} {ergonomic}
     bool UseCompressedOops                        = true                           {product lp64_product} {ergonomic}
     bool UseLargePagesIndividualAllocation        = false                                  {pd product} {ergonomic}
     bool UseParallelGC                            = true                                      {product} {command line}

Logging:
Log output configuration:
 #0: stdout all=off uptime,level,tags
 #1: stderr all=off uptime,level,tags

Environment Variables:
JAVA_HOME=D:\Java\jdk-17
CLASSPATH=.;D:\Java\jdk-17\lib;D:\Java\jdk-17\lib\dt.jar;D:\Java\jdk-17\lib\tools.jar;
PATH=D:\gurobi952\win64\bin;C:\Program Files\Common Files\Oracle\Java\javapath;D:\Python39\Scripts\;D:\Python39\;C:\windows\system32;C:\windows;C:\windows\System32\Wbem;C:\windows\System32\WindowsPowerShell\v1.0\;C:\windows\System32\OpenSSH\;D:\MATLAB R2019b\runtime\win64;D:\MATLAB R2019b\bin;D:\MATLAB R2019b\polyspace\bin;D:\IBM\SPSS 25\JRE\bin;D:\Git\cmd;D:\Git\bin;D:\Git\mingw64\libexec\git-core;D:\Prince\engine\bin;C:\Program Files\dotnet\;D:\Java\jdk-17\bin;D:\Java\jdk-17\jre\bin;D:\texlive\2021\bin\win32;D:\CTEX\UserData\miktex\bin;D:\CTEX\MiKTeX\miktex\bin;D:\CTEX\CTeX\ctex\bin;D:\CTEX\CTeX\cct\bin;D:\CTEX\CTeX\ty\bin;D:\CTEX\Ghostscript\gs9.05\bin;D:\CTEX\GSview\gsview;D:\CTEX\WinEdt;D:\apache-maven-3.8.6-bin\apache-maven-3.8.6\bin;C:\Users\24449\AppData\Local\Microsoft\WindowsApps;;D:\JetBrains\PyCharm 2021.1.1\bin;D:\Microsoft VS Code\bin;C:\Users\24449\.dotnet\tools
USERNAME=24449
OS=Windows_NT
PROCESSOR_IDENTIFIER=AMD64 Family 23 Model 96 Stepping 1, AuthenticAMD
TMP=C:\Users\24449\AppData\Local\Temp
TEMP=C:\Users\24449\AppData\Local\Temp



---------------  S Y S T E M  ---------------

OS:
 Windows 10 , 64 bit Build 19041 (10.0.19041.2364)
OS uptime: 12 days 4:18 hours

CPU: total 16 (initial active 16) (16 cores per cpu, 2 threads per core) family 23 model 96 stepping 1 microcode 0x0, cx8, cmov, fxsr, ht, mmx, 3dnowpref, sse, sse2, sse3, ssse3, sse4a, sse4.1, sse4.2, popcnt, lzcnt, tsc, tscinvbit, avx, avx2, aes, clmul, bmi1, bmi2, adx, sha, fma, vzeroupper, clflush, clflushopt

Memory: 4k page, system-wide physical 15697M (5540M free)
TotalPageFile size 15825M (AvailPageFile size 24M)
current process WorkingSet (physical memory assigned to process): 67M, peak: 68M
current process commit charge ("private bytes"): 217M, peak: 217M

vm_info: OpenJDK 64-Bit Server VM (17.0.5+8) for windows-amd64 JRE (17.0.5+8), built on Oct 19 2022 04:48:13 by "temurin" with MS VC++ 16.7 (VS2019)

END.
