#
# There is insufficient memory for the Java Runtime Environment to continue.
# Native memory allocation (mmap) failed to map 257949696 bytes for G1 virtual space
# Possible reasons:
#   The system is out of physical RAM or swap space
#   The process is running with CompressedOops enabled, and the Java Heap may be blocking the growth of the native heap
# Possible solutions:
#   Reduce memory load on the system
#   Increase physical memory or swap space
#   Check if swap backing store is full
#   Decrease Java heap size (-Xmx/-Xms)
#   Decrease number of Java threads
#   Decrease Java thread stack sizes (-Xss)
#   Set larger code cache with -XX:ReservedCodeCacheSize=
#   JVM is running with Zero Based Compressed Oops mode in which the Java heap is
#     placed in the first 32GB address space. The Java Heap base address is the
#     maximum limit for the native heap growth. Please use -XX:HeapBaseMinAddress
#     to set the Java Heap base and to place the Java Heap above 32GB virtual address.
# This output file may be truncated or incomplete.
#
#  Out of Memory Error (os_windows.cpp:3469), pid=20916, tid=21188
#
# JRE version:  (17.0+35) (build )
# Java VM: Java HotSpot(TM) 64-Bit Server VM (17+35-LTS-2724, mixed mode, sharing, tiered, compressed oops, compressed class ptrs, g1 gc, windows-amd64)
# No core dump will be written. Minidumps are not enabled by default on client versions of Windows
#

---------------  S U M M A R Y ------------

Command Line: -agentlib:jdwp=transport=dt_socket,server=n,suspend=y,address=localhost:51919 -XX:+ShowCodeDetailsInExceptionMessages cn.nancy.AllInOne

Host: AMD Ryzen 7 PRO 4750U with Radeon Graphics, 16 cores, 15G,  Windows 10 , 64 bit Build 19041 (10.0.19041.1889)
Time: Wed Oct 19 17:08:10 2022  Windows 10 , 64 bit Build 19041 (10.0.19041.1889) elapsed time: 0.010555 seconds (0d 0h 0m 0s)

---------------  T H R E A D  ---------------

Current thread (0x00000162e5d0e4d0):  JavaThread "Unknown thread" [_thread_in_vm, id=21188, stack(0x0000000100600000,0x0000000100700000)]

Stack: [0x0000000100600000,0x0000000100700000]
Native frames: (J=compiled Java code, j=interpreted, Vv=VM code, C=native code)
V  [jvm.dll+0x66f8ea]
V  [jvm.dll+0x7ce224]
V  [jvm.dll+0x7cf9ce]
V  [jvm.dll+0x7d0033]
V  [jvm.dll+0x242bb5]
V  [jvm.dll+0x66c909]
V  [jvm.dll+0x6613d2]
V  [jvm.dll+0x30082b]
V  [jvm.dll+0x307db6]
V  [jvm.dll+0x357a0e]
V  [jvm.dll+0x357c3f]
V  [jvm.dll+0x2d7ae8]
V  [jvm.dll+0x2d8a54]
V  [jvm.dll+0x7a00a1]
V  [jvm.dll+0x365781]
V  [jvm.dll+0x77f59c]
V  [jvm.dll+0x3e805f]
V  [jvm.dll+0x3e9b01]
C  [jli.dll+0x527b]
C  [ucrtbase.dll+0x21bb2]
C  [KERNEL32.DLL+0x17034]
C  [ntdll.dll+0x526a1]


---------------  P R O C E S S  ---------------

Threads class SMR info:
_java_thread_list=0x00007ff925dd7818, length=0, elements={
}

Java Threads: ( => current thread )

Other Threads:
  0x00000162e5d5dd50 GCTaskThread "GC Thread#0" [stack: 0x0000000100700000,0x0000000100800000] [id=21680]
  0x00000162e5d6e080 ConcurrentGCThread "G1 Main Marker" [stack: 0x0000000100800000,0x0000000100900000] [id=17092]
  0x00000162e5d6e930 ConcurrentGCThread "G1 Conc#0" [stack: 0x0000000100900000,0x0000000100a00000] [id=22316]

[error occurred during error reporting (printing all threads), id 0xc0000005, EXCEPTION_ACCESS_VIOLATION (0xc0000005) at pc=0x00007ff9256284c7]

VM state: not at safepoint (not fully initialized)

VM Mutex/Monitor currently owned by a thread:  ([mutex/lock_event])
[0x00000162e5d09230] Heap_lock - owner thread: 0x00000162e5d0e4d0

Heap address: 0x000000070aa00000, size: 3926 MB, Compressed Oops mode: Zero based, Oop shift amount: 3

CDS archive(s) mapped at: [0x0000000000000000-0x0000000000000000-0x0000000000000000), size 0, SharedBaseAddress: 0x0000000800000000, ArchiveRelocationMode: 0.
Narrow klass base: 0x0000000000000000, Narrow klass shift: 0, Narrow klass range: 0x0

GC Precious Log:
<Empty>

Heap:
 garbage-first heap   total 0K, used 0K [0x000000070aa00000, 0x0000000800000000)
  region size 2048K, 0 young (0K), 0 survivors (0K)

[error occurred during error reporting (printing heap information), id 0xc0000005, EXCEPTION_ACCESS_VIOLATION (0xc0000005) at pc=0x00007ff925a08c59]

GC Heap History (0 events):
No events

Deoptimization events (0 events):
No events

Classes unloaded (0 events):
No events

Classes redefined (0 events):
No events

Internal exceptions (0 events):
No events

VM Operations (0 events):
No events

Events (1 events):
Event: 0.005 Loaded shared library D:\Java\jdk-17\bin\java.dll


Dynamic libraries:
0x00007ff69ec90000 - 0x00007ff69eca0000 	D:\Java\jdk-17\bin\java.exe
0x00007ff9bbbf0000 - 0x00007ff9bbde8000 	C:\windows\SYSTEM32\ntdll.dll
0x00007ff9bb760000 - 0x00007ff9bb81d000 	C:\windows\System32\KERNEL32.DLL
0x00007ff9b94e0000 - 0x00007ff9b97ae000 	C:\windows\System32\KERNELBASE.dll
0x00007ff9b98f0000 - 0x00007ff9b99f0000 	C:\windows\System32\ucrtbase.dll
0x00007ff984120000 - 0x00007ff984138000 	D:\Java\jdk-17\bin\jli.dll
0x00007ff982df0000 - 0x00007ff982e0a000 	D:\Java\jdk-17\bin\VCRUNTIME140.dll
0x00007ff9b9c50000 - 0x00007ff9b9cfe000 	C:\windows\System32\ADVAPI32.dll
0x00007ff9ba230000 - 0x00007ff9ba2ce000 	C:\windows\System32\msvcrt.dll
0x00007ff9ba3f0000 - 0x00007ff9ba48c000 	C:\windows\System32\sechost.dll
0x00007ff9bb1e0000 - 0x00007ff9bb305000 	C:\windows\System32\RPCRT4.dll
0x00007ff9bb820000 - 0x00007ff9bb9c0000 	C:\windows\System32\USER32.dll
0x00007ff9b98c0000 - 0x00007ff9b98e2000 	C:\windows\System32\win32u.dll
0x00007ff9bb320000 - 0x00007ff9bb34a000 	C:\windows\System32\GDI32.dll
0x00007ff9a3ef0000 - 0x00007ff9a418a000 	C:\windows\WinSxS\amd64_microsoft.windows.common-controls_6595b64144ccf1df_6.0.19041.1110_none_60b5254171f9507e\COMCTL32.dll
0x00007ff9b97b0000 - 0x00007ff9b98bb000 	C:\windows\System32\gdi32full.dll
0x00007ff9b9310000 - 0x00007ff9b93ad000 	C:\windows\System32\msvcp_win.dll
0x00007ff9b8090000 - 0x00007ff9b809a000 	C:\windows\SYSTEM32\VERSION.dll
0x00007ff9bb6a0000 - 0x00007ff9bb6d0000 	C:\windows\System32\IMM32.DLL
0x00007ff992890000 - 0x00007ff99289c000 	D:\Java\jdk-17\bin\vcruntime140_1.dll
0x00007ff96e270000 - 0x00007ff96e2fd000 	D:\Java\jdk-17\bin\msvcp140.dll
0x00007ff925340000 - 0x00007ff925efe000 	D:\Java\jdk-17\bin\server\jvm.dll
0x00007ff9b9d00000 - 0x00007ff9b9d08000 	C:\windows\System32\PSAPI.DLL
0x00007ff9a99e0000 - 0x00007ff9a9a07000 	C:\windows\SYSTEM32\WINMM.dll
0x00007ff971100000 - 0x00007ff971109000 	C:\windows\SYSTEM32\WSOCK32.dll
0x00007ff9bb630000 - 0x00007ff9bb69b000 	C:\windows\System32\WS2_32.dll
0x00007ff9b7a50000 - 0x00007ff9b7a62000 	C:\windows\SYSTEM32\kernel.appcore.dll
0x00007ff992850000 - 0x00007ff99285a000 	D:\Java\jdk-17\bin\jimage.dll
0x00007ff9b7640000 - 0x00007ff9b7824000 	C:\windows\SYSTEM32\DBGHELP.DLL
0x00007ff99e970000 - 0x00007ff99e99c000 	C:\windows\SYSTEM32\dbgcore.DLL
0x00007ff9b9450000 - 0x00007ff9b94d2000 	C:\windows\System32\bcryptPrimitives.dll
0x00007ff9821c0000 - 0x00007ff9821fb000 	D:\Java\jdk-17\bin\jdwp.dll
0x00007ff980bd0000 - 0x00007ff980bf5000 	D:\Java\jdk-17\bin\java.dll

dbghelp: loaded successfully - version: 4.0.5 - missing functions: none
symbol engine: initialized successfully - sym options: 0x614 - pdb path: .;D:\Java\jdk-17\bin;C:\windows\SYSTEM32;C:\windows\WinSxS\amd64_microsoft.windows.common-controls_6595b64144ccf1df_6.0.19041.1110_none_60b5254171f9507e;D:\Java\jdk-17\bin\server

VM Arguments:
jvm_args: -agentlib:jdwp=transport=dt_socket,server=n,suspend=y,address=localhost:51919 -XX:+ShowCodeDetailsInExceptionMessages 
java_command: cn.nancy.AllInOne
java_class_path (initial): E:\JavaProjects\graduation\target\classes;C:\Users\24449\.m2\repository\com\google\code\gson\gson\2.9.0\gson-2.9.0.jar;C:\Users\24449\.m2\repository\org\apache\poi\poi\4.1.0\poi-4.1.0.jar;C:\Users\24449\.m2\repository\commons-codec\commons-codec\1.12\commons-codec-1.12.jar;C:\Users\24449\.m2\repository\org\apache\commons\commons-collections4\4.3\commons-collections4-4.3.jar;C:\Users\24449\.m2\repository\org\apache\commons\commons-math3\3.6.1\commons-math3-3.6.1.jar;C:\Users\24449\.m2\repository\org\apache\poi\poi-ooxml\4.1.0\poi-ooxml-4.1.0.jar;C:\Users\24449\.m2\repository\org\apache\poi\poi-ooxml-schemas\4.1.0\poi-ooxml-schemas-4.1.0.jar;C:\Users\24449\.m2\repository\org\apache\xmlbeans\xmlbeans\3.1.0\xmlbeans-3.1.0.jar;C:\Users\24449\.m2\repository\org\apache\commons\commons-compress\1.18\commons-compress-1.18.jar;C:\Users\24449\.m2\repository\com\github\virtuald\curvesapi\1.06\curvesapi-1.06.jar
Launcher Type: SUN_STANDARD

[Global flags]
     intx CICompilerCount                          = 12                                        {product} {ergonomic}
     uint ConcGCThreads                            = 3                                         {product} {ergonomic}
     uint G1ConcRefinementThreads                  = 13                                        {product} {ergonomic}
   size_t G1HeapRegionSize                         = 2097152                                   {product} {ergonomic}
    uintx GCDrainStackTargetSize                   = 64                                        {product} {ergonomic}
   size_t InitialHeapSize                          = 257949696                                 {product} {ergonomic}
   size_t MarkStackSize                            = 4194304                                   {product} {ergonomic}
   size_t MaxHeapSize                              = 4116709376                                {product} {ergonomic}
   size_t MinHeapDeltaBytes                        = 2097152                                   {product} {ergonomic}
   size_t MinHeapSize                              = 8388608                                   {product} {ergonomic}
    uintx NonNMethodCodeHeapSize                   = 7602480                                {pd product} {ergonomic}
    uintx NonProfiledCodeHeapSize                  = 122027880                              {pd product} {ergonomic}
    uintx ProfiledCodeHeapSize                     = 122027880                              {pd product} {ergonomic}
    uintx ReservedCodeCacheSize                    = 251658240                              {pd product} {ergonomic}
     bool SegmentedCodeCache                       = true                                      {product} {ergonomic}
     bool ShowCodeDetailsInExceptionMessages       = true                                   {manageable} {command line}
   size_t SoftMaxHeapSize                          = 4116709376                             {manageable} {ergonomic}
     bool UseCompressedClassPointers               = true                           {product lp64_product} {ergonomic}
     bool UseCompressedOops                        = true                           {product lp64_product} {ergonomic}
     bool UseG1GC                                  = true                                      {product} {ergonomic}
     bool UseLargePagesIndividualAllocation        = false                                  {pd product} {ergonomic}

Logging:
Log output configuration:
 #0: stdout all=warning uptime,level,tags
 #1: stderr all=off uptime,level,tags

Environment Variables:
JAVA_HOME=D:\Java\jdk-17
CLASSPATH=.;D:\Java\jdk-17\lib;D:\Java\jdk-17\lib\dt.jar;D:\Java\jdk-17\lib\tools.jar;
PATH=D:\gurobi952\win64\bin;C:\Program Files\Common Files\Oracle\Java\javapath;D:\Python39\Scripts\;D:\Python39\;C:\windows\system32;C:\windows;C:\windows\System32\Wbem;C:\windows\System32\WindowsPowerShell\v1.0\;C:\windows\System32\OpenSSH\;D:\MATLAB R2019b\runtime\win64;D:\MATLAB R2019b\bin;D:\MATLAB R2019b\polyspace\bin;D:\IBM\SPSS 25\JRE\bin;D:\Git\cmd;D:\Git\bin;D:\Git\mingw64\libexec\git-core;D:\Prince\engine\bin;C:\Program Files\dotnet\;D:\Java\jdk-17\bin;D:\Java\jdk-17\jre\bin;D:\texlive\2021\bin\win32;D:\CTEX\UserData\miktex\bin;D:\CTEX\MiKTeX\miktex\bin;D:\CTEX\CTeX\ctex\bin;D:\CTEX\CTeX\cct\bin;D:\CTEX\CTeX\ty\bin;D:\CTEX\Ghostscript\gs9.05\bin;D:\CTEX\GSview\gsview;D:\CTEX\WinEdt;C:\Users\24449\AppData\Local\Microsoft\WindowsApps;;D:\JetBrains\PyCharm 2021.1.1\bin;D:\Microsoft VS Code\bin;C:\Users\24449\.dotnet\tools
USERNAME=24449
LANG=zh_CN.UTF-8
OS=Windows_NT
PROCESSOR_IDENTIFIER=AMD64 Family 23 Model 96 Stepping 1, AuthenticAMD



---------------  S Y S T E M  ---------------

OS:
 Windows 10 , 64 bit Build 19041 (10.0.19041.1889)
OS uptime: 1 days 3:06 hours

CPU: total 16 (initial active 16) (16 cores per cpu, 2 threads per core) family 23 model 96 stepping 1 microcode 0x0, cx8, cmov, fxsr, ht, mmx, 3dnowpref, sse, sse2, sse3, ssse3, sse4a, sse4.1, sse4.2, popcnt, lzcnt, tsc, tscinvbit, avx, avx2, aes, clmul, bmi1, bmi2, adx, sha, fma, vzeroupper, clflush, clflushopt

Memory: 4k page, system-wide physical 15697M (6718M free)
TotalPageFile size 15825M (AvailPageFile size 217M)
current process WorkingSet (physical memory assigned to process): 10M, peak: 10M
current process commit charge ("private bytes"): 70M, peak: 316M

vm_info: Java HotSpot(TM) 64-Bit Server VM (17+35-LTS-2724) for windows-amd64 JRE (17+35-LTS-2724), built on Aug  5 2021 23:28:28 by "mach5one" with MS VC++ 16.8 (VS2019)

END.
